Running command: python scripts/history_sampling.py -n 1000 --csv --seed 16873 -a expectation_uniform -m rejection data/histories_unified/BusyBox
data/histories_unified/BusyBox
1000 samples
method: rejection
seed: 16873
Computing model count of each file:
Processing pairs
Generated & checked 3274.7121905475547 candidates per second
Generated & checked 3011.2179139908717 candidates per second
Generated & checked 3411.570839847697 candidates per second
Generated & checked 3191.252553297462 candidates per second
Generated & checked 733.7960442509268 candidates per second
Generated & checked 3222.7002364994028 candidates per second
Generated & checked 2897.5421314707987 candidates per second
Generated & checked 3260.5384218220497 candidates per second
Generated & checked 2985.5476843410524 candidates per second
Generated & checked 3186.7130343940353 candidates per second
Generated & checked 3263.7166497644516 candidates per second
Generated & checked 3180.6036661642843 candidates per second
Generated & checked 3182.9728795246724 candidates per second
Generated & checked 3122.502627485592 candidates per second
Generated & checked 3154.3254320449046 candidates per second
Generated & checked 3082.446694939649 candidates per second
Generated & checked 3201.480176679851 candidates per second
Generated & checked 2966.2090137466785 candidates per second
Generated & checked 2642.092855855056 candidates per second
Generated & checked 3112.823328611521 candidates per second
Generated & checked 3118.191259535909 candidates per second
Generated & checked 1021.1124728532308 candidates per second
Generated & checked 3102.295432852812 candidates per second
Generated & checked 3136.575503977216 candidates per second
Generated & checked 3003.902128380528 candidates per second
Generated & checked 2861.3042492887307 candidates per second
Generated & checked 647.9789811979294 candidates per second
Generated & checked 2673.6824888574993 candidates per second
Generated & checked 2875.969848226817 candidates per second
Generated & checked 2631.7470277238544 candidates per second
Generated & checked 2804.699007847674 candidates per second
Generated & checked 2817.1084920171556 candidates per second
Generated & checked 2728.622983973468 candidates per second
Generated & checked 2716.7808337471047 candidates per second
Generated & checked 2781.283201152522 candidates per second
Generated & checked 2700.223878756039 candidates per second
Generated & checked 2777.4204476835953 candidates per second
Generated & checked 2716.4000483444847 candidates per second
Generated & checked 2734.3466165793184 candidates per second
Generated & checked 2658.848803783169 candidates per second
Generated & checked 2640.591417892288 candidates per second
Generated & checked 2691.25706264787 candidates per second
Generated & checked 2624.4896063868505 candidates per second
Generated & checked 2543.8454785956296 candidates per second
Generated & checked 2689.626036856661 candidates per second
Generated & checked 2638.5949800200956 candidates per second
Generated & checked 2855.171611817148 candidates per second
Generated & checked 2737.823452460798 candidates per second
Generated & checked 2649.876499557687 candidates per second
Generated & checked 2581.898667741042 candidates per second
Generated & checked 2820.5331768730075 candidates per second
Generated & checked 2741.046455830922 candidates per second
Generated & checked 351.3578711587463 candidates per second
Generated & checked 2720.531783578256 candidates per second
Generated & checked 2754.13751939774 candidates per second
Generated & checked 2761.8745854717035 candidates per second
Generated & checked 2613.0525980020466 candidates per second
Generated & checked 2664.9847836817517 candidates per second
Generated & checked 2714.321900290081 candidates per second
Generated & checked 2308.5669753903303 candidates per second
Generated & checked 2485.726473872274 candidates per second
Generated & checked 2772.2452518091823 candidates per second
Generated & checked 2760.5408637959613 candidates per second
Generated & checked 2770.677288561193 candidates per second
Generated & checked 2763.9508897291566 candidates per second
Generated & checked 2749.2584004868745 candidates per second
Generated & checked 2703.876439848697 candidates per second
Generated & checked 2614.115079027528 candidates per second
Generated & checked 3389.9761454362774 candidates per second
Generated & checked 3189.3108237415818 candidates per second
Generated & checked 431.48548936905087 candidates per second
Generated & checked 3285.0820248625696 candidates per second
Generated & checked 3076.891843802441 candidates per second
Generated & checked 3034.972948372166 candidates per second
Generated & checked 3151.6636413987585 candidates per second
Generated & checked 3013.102514098948 candidates per second
Generated & checked 3150.5878617721787 candidates per second
Generated & checked 2916.36942707154 candidates per second
Generated & checked 3032.265096472603 candidates per second
Generated & checked 3059.8984313445567 candidates per second
Generated & checked 3199.011976203675 candidates per second
Generated & checked 2840.5243587014443 candidates per second
Generated & checked 3085.005068267708 candidates per second
Generated & checked 3176.3385594491924 candidates per second
Generated & checked 2845.823331399621 candidates per second
Generated & checked 3183.5715425065273 candidates per second
Generated & checked 3253.415926233162 candidates per second
Generated & checked 2821.6354559181027 candidates per second
Generated & checked 3154.635387189112 candidates per second
Generated & checked 1254.705966812473 candidates per second
Generated & checked 3143.953348641908 candidates per second
Generated & checked 3346.4436211926773 candidates per second
Generated & checked 2920.6465923886562 candidates per second
Generated & checked 3168.7016478718815 candidates per second
Generated & checked 3077.5179045733257 candidates per second
Generated & checked 3255.217852358744 candidates per second
Generated & checked 3184.455279161856 candidates per second
Generated & checked 2968.698986625964 candidates per second
Generated & checked 3066.976112277736 candidates per second
Generated & checked 3327.3993705220355 candidates per second
Generated & checked 3246.5898321280674 candidates per second
Generated & checked 3114.9378797102327 candidates per second
Generated & checked 3129.423367051669 candidates per second
Generated & checked 2954.77437303173 candidates per second
Generated & checked 2878.6475824312097 candidates per second
Generated & checked 3265.249292558787 candidates per second
Generated & checked 2737.3080891295544 candidates per second
Generated & checked 3067.8437345349425 candidates per second
Generated & checked 3019.207734287496 candidates per second
Generated & checked 3180.649420285367 candidates per second
Generated & checked 3220.645768269074 candidates per second
Generated & checked 2203.471864931673 candidates per second
Generated & checked 1035.4023420923065 candidates per second
Generated & checked 3238.7017673969763 candidates per second
Generated & checked 3005.471942277 candidates per second
Generated & checked 2968.6561135929123 candidates per second
Generated & checked 3130.458123849621 candidates per second
Generated & checked 3171.1582962311236 candidates per second
Generated & checked 2454.2681892838805 candidates per second
Generated & checked 1184.3835953342052 candidates per second
Generated & checked 3406.0401777608986 candidates per second
Generated & checked 1522.6684115993726 candidates per second
Generated & checked 218.99650275983583 candidates per second
Generated & checked 3162.0024046859444 candidates per second
Generated & checked 3109.065233327809 candidates per second
Generated & checked 3055.9789641677785 candidates per second
Generated & checked 2943.7131382328457 candidates per second
Generated & checked 2673.3812398000478 candidates per second
Generated & checked 2985.0304323499645 candidates per second
Generated & checked 3219.4097187215098 candidates per second
Generated & checked 2920.9997971550765 candidates per second
Generated & checked 2772.546499823793 candidates per second
Generated & checked 2913.913054660396 candidates per second
Generated & checked 2761.458272332377 candidates per second
Generated & checked 2911.6921688834095 candidates per second
Generated & checked 2861.6996966201955 candidates per second
Generated & checked 2788.373774541879 candidates per second
Generated & checked 2854.4883802752456 candidates per second
Generated & checked 2824.1416720657294 candidates per second
Generated & checked 2870.5739194979155 candidates per second
Generated & checked 2960.2611721086623 candidates per second
Generated & checked 430.69634813847006 candidates per second
Generated & checked 2891.74105463954 candidates per second
Generated & checked 2948.3266299115567 candidates per second
Generated & checked 2575.3217502482403 candidates per second
Generated & checked 2795.785654684594 candidates per second
Generated & checked 2818.0010123433985 candidates per second
Generated & checked 2597.147481750231 candidates per second
Generated & checked 2664.442843937672 candidates per second
Generated & checked 2874.7141644820617 candidates per second
Generated & checked 1765.132225311893 candidates per second
Generated & checked 1752.215579525689 candidates per second
Generated & checked 1783.580954896911 candidates per second
Generated & checked 1728.7041522799457 candidates per second
Generated & checked 1775.1629287196313 candidates per second
Generated & checked 1794.1498201020725 candidates per second
Generated & checked 1791.5096954913806 candidates per second
Generated & checked 1758.542399008388 candidates per second
Generated & checked 1788.8790645855138 candidates per second
Generated & checked 1836.0233483444051 candidates per second
Generated & checked 1851.4265062157644 candidates per second
Generated & checked 1851.4893795042972 candidates per second
Generated & checked 1847.9153867048174 candidates per second
Generated & checked 1832.1180398160109 candidates per second
Generated & checked 1854.6679687682445 candidates per second
Generated & checked 1850.846643376652 candidates per second
Generated & checked 1796.749858223796 candidates per second
Generated & checked 3039.0831301338844 candidates per second
Generated & checked 2857.28458810802 candidates per second
Generated & checked 2828.056938453364 candidates per second
Generated & checked 2760.1096457871186 candidates per second
Generated & checked 2694.5505437538977 candidates per second
Generated & checked 2837.811343143268 candidates per second
Generated & checked 3027.9263446259306 candidates per second
Generated & checked 2960.144214443095 candidates per second
Generated & checked 2710.0470234629092 candidates per second
Generated & checked 2874.6645619905867 candidates per second
Generated & checked 2998.9677087183013 candidates per second
Generated & checked 2687.378260365394 candidates per second
Generated & checked 941.7649764831417 candidates per second
Generated & checked 2523.0448501383034 candidates per second
Generated & checked 2653.898624743645 candidates per second
Generated & checked 2657.619994334169 candidates per second
Generated & checked 745.4360872151659 candidates per second
Generated & checked 2684.5971605299096 candidates per second
Generated & checked 2588.020445098044 candidates per second
Generated & checked 1128.4461512904115 candidates per second
Generated & checked 2759.5188290916503 candidates per second
Generated & checked 2827.794360289921 candidates per second
Generated & checked 2912.3707611294703 candidates per second
Total samples: 247000
Unique samples: 99215 (-59.83%)
wrote results to output/BusyBox_seed16873_expectation_uniform_rejection_spur_1000.csv

  0%|          | 0/248 [00:00<?, ?it/s]
  1%|          | 2/248 [00:00<00:15, 15.65it/s]
  2%|▏         | 4/248 [00:00<00:15, 15.48it/s]
  2%|▏         | 6/248 [00:00<00:15, 15.26it/s]
  3%|▎         | 8/248 [00:00<00:16, 14.88it/s]
  4%|▍         | 10/248 [00:00<00:15, 14.95it/s]
  5%|▍         | 12/248 [00:00<00:16, 14.65it/s]
  6%|▌         | 14/248 [00:00<00:15, 14.74it/s]
  6%|▋         | 16/248 [00:01<00:15, 14.72it/s]
  7%|▋         | 18/248 [00:01<00:15, 14.83it/s]
  8%|▊         | 20/248 [00:01<00:15, 14.92it/s]
  9%|▉         | 22/248 [00:01<00:15, 14.73it/s]
 10%|▉         | 24/248 [00:01<00:15, 14.67it/s]
 10%|█         | 26/248 [00:01<00:15, 14.41it/s]
 11%|█▏        | 28/248 [00:01<00:15, 14.08it/s]
 12%|█▏        | 30/248 [00:02<00:15, 13.83it/s]
 13%|█▎        | 32/248 [00:02<00:15, 13.76it/s]
 14%|█▎        | 34/248 [00:02<00:15, 13.44it/s]
 15%|█▍        | 36/248 [00:02<00:15, 13.26it/s]
 15%|█▌        | 38/248 [00:02<00:16, 13.11it/s]
 16%|█▌        | 40/248 [00:02<00:15, 13.23it/s]
 17%|█▋        | 42/248 [00:02<00:15, 13.11it/s]
 18%|█▊        | 44/248 [00:03<00:15, 13.19it/s]
 19%|█▊        | 46/248 [00:03<00:15, 13.01it/s]
 19%|█▉        | 48/248 [00:03<00:15, 12.84it/s]
 20%|██        | 50/248 [00:03<00:15, 12.66it/s]
 21%|██        | 52/248 [00:03<00:15, 12.54it/s]
 22%|██▏       | 54/248 [00:03<00:15, 12.50it/s]
 23%|██▎       | 56/248 [00:04<00:15, 12.78it/s]
 23%|██▎       | 58/248 [00:04<00:14, 12.72it/s]
 24%|██▍       | 60/248 [00:04<00:15, 12.51it/s]
 25%|██▌       | 62/248 [00:04<00:15, 12.34it/s]
 26%|██▌       | 64/248 [00:04<00:14, 12.37it/s]
 27%|██▋       | 66/248 [00:04<00:14, 12.15it/s]
 27%|██▋       | 68/248 [00:05<00:14, 12.29it/s]
 28%|██▊       | 70/248 [00:05<00:14, 12.27it/s]
 29%|██▉       | 72/248 [00:05<00:14, 12.01it/s]
 30%|██▉       | 74/248 [00:05<00:14, 12.17it/s]
 31%|███       | 76/248 [00:05<00:14, 11.56it/s]
 31%|███▏      | 78/248 [00:05<00:15, 11.04it/s]
 32%|███▏      | 80/248 [00:06<00:15, 10.53it/s]
 33%|███▎      | 82/248 [00:06<00:16, 10.33it/s]
 34%|███▍      | 84/248 [00:06<00:16, 10.22it/s]
 35%|███▍      | 86/248 [00:06<00:16,  9.99it/s]
 35%|███▌      | 88/248 [00:06<00:16,  9.85it/s]
 36%|███▌      | 89/248 [00:07<00:16,  9.80it/s]
 36%|███▋      | 90/248 [00:07<00:16,  9.76it/s]
 37%|███▋      | 91/248 [00:07<00:16,  9.77it/s]
 38%|███▊      | 93/248 [00:07<00:15,  9.87it/s]
 38%|███▊      | 95/248 [00:07<00:14, 10.31it/s]
 39%|███▉      | 97/248 [00:07<00:14, 10.49it/s]
 40%|███▉      | 99/248 [00:08<00:14, 10.28it/s]
 41%|████      | 101/248 [00:08<00:14, 10.16it/s]
 42%|████▏     | 103/248 [00:08<00:14, 10.20it/s]
 42%|████▏     | 105/248 [00:08<00:14, 10.16it/s]
 43%|████▎     | 107/248 [00:08<00:13, 10.21it/s]
 44%|████▍     | 109/248 [00:09<00:13, 10.08it/s]
 45%|████▍     | 111/248 [00:09<00:13, 10.05it/s]
 46%|████▌     | 113/248 [00:09<00:13,  9.98it/s]
 46%|████▌     | 114/248 [00:09<00:13,  9.96it/s]
 46%|████▋     | 115/248 [00:09<00:13,  9.90it/s]
 47%|████▋     | 117/248 [00:09<00:13,  9.98it/s]
 48%|████▊     | 118/248 [00:09<00:13,  9.92it/s]
 48%|████▊     | 119/248 [00:10<00:13,  9.84it/s]
 48%|████▊     | 120/248 [00:10<00:13,  9.77it/s]
 49%|████▉     | 122/248 [00:10<00:12,  9.89it/s]
 50%|████▉     | 123/248 [00:10<00:12,  9.78it/s]
 50%|█████     | 124/248 [00:10<00:12,  9.66it/s]
 50%|█████     | 125/248 [00:10<00:12,  9.51it/s]
 51%|█████     | 127/248 [00:10<00:12,  9.88it/s]
 52%|█████▏    | 128/248 [00:11<00:12,  9.70it/s]
 52%|█████▏    | 129/248 [00:11<00:12,  9.61it/s]
 52%|█████▏    | 130/248 [00:11<00:12,  9.62it/s]
 53%|█████▎    | 131/248 [00:11<00:12,  9.64it/s]
 53%|█████▎    | 132/248 [00:11<00:12,  9.65it/s]
 54%|█████▎    | 133/248 [00:11<00:11,  9.60it/s]
 54%|█████▍    | 134/248 [00:11<00:11,  9.65it/s]
 54%|█████▍    | 135/248 [00:11<00:11,  9.66it/s]
 55%|█████▍    | 136/248 [00:11<00:11,  9.72it/s]
 55%|█████▌    | 137/248 [00:11<00:11,  9.75it/s]
 56%|█████▌    | 138/248 [00:12<00:11,  9.72it/s]
 56%|█████▌    | 139/248 [00:12<00:11,  9.65it/s]
 56%|█████▋    | 140/248 [00:12<00:11,  9.58it/s]
 57%|█████▋    | 141/248 [00:12<00:11,  9.57it/s]
 57%|█████▋    | 142/248 [00:12<00:11,  9.53it/s]
 58%|█████▊    | 143/248 [00:12<00:11,  9.39it/s]
 58%|█████▊    | 144/248 [00:12<00:11,  9.42it/s]
 59%|█████▉    | 146/248 [00:12<00:10,  9.58it/s]
 59%|█████▉    | 147/248 [00:12<00:10,  9.63it/s]
 60%|█████▉    | 148/248 [00:13<00:10,  9.50it/s]
 60%|██████    | 149/248 [00:13<00:10,  9.41it/s]
 60%|██████    | 150/248 [00:13<00:10,  9.39it/s]
 61%|██████    | 151/248 [00:13<00:10,  9.34it/s]
 61%|██████▏   | 152/248 [00:13<00:10,  9.27it/s]
 62%|██████▏   | 153/248 [00:13<00:10,  9.17it/s]
 62%|██████▏   | 154/248 [00:13<00:10,  9.36it/s]
 62%|██████▎   | 155/248 [00:13<00:10,  9.23it/s]
 63%|██████▎   | 156/248 [00:13<00:10,  9.03it/s]
 63%|██████▎   | 157/248 [00:14<00:10,  9.07it/s]
 64%|██████▎   | 158/248 [00:14<00:09,  9.03it/s]
 64%|██████▍   | 159/248 [00:14<00:09,  8.92it/s]
 65%|██████▍   | 160/248 [00:14<00:09,  8.93it/s]
 65%|██████▍   | 161/248 [00:14<00:09,  8.94it/s]
 65%|██████▌   | 162/248 [00:14<00:09,  8.82it/s]
 66%|██████▌   | 163/248 [00:14<00:09,  8.80it/s]
 66%|██████▌   | 164/248 [00:14<00:09,  8.83it/s]
 67%|██████▋   | 165/248 [00:14<00:09,  9.04it/s]
 67%|██████▋   | 166/248 [00:15<00:09,  9.01it/s]
 67%|██████▋   | 167/248 [00:15<00:09,  8.94it/s]
 68%|██████▊   | 168/248 [00:15<00:08,  8.90it/s]
 68%|██████▊   | 169/248 [00:15<00:08,  8.82it/s]
 69%|██████▊   | 170/248 [00:15<00:08,  8.83it/s]
 69%|██████▉   | 171/248 [00:15<00:08,  8.87it/s]
 70%|██████▉   | 173/248 [00:15<00:08,  9.12it/s]
 70%|███████   | 174/248 [00:15<00:08,  8.96it/s]
 71%|███████   | 175/248 [00:16<00:07,  9.13it/s]
 71%|███████   | 176/248 [00:16<00:07,  9.05it/s]
 71%|███████▏  | 177/248 [00:16<00:07,  8.96it/s]
 72%|███████▏  | 178/248 [00:16<00:07,  9.11it/s]
 72%|███████▏  | 179/248 [00:16<00:07,  9.16it/s]
 73%|███████▎  | 180/248 [00:16<00:07,  9.03it/s]
 73%|███████▎  | 181/248 [00:16<00:07,  9.08it/s]
 73%|███████▎  | 182/248 [00:16<00:07,  9.24it/s]
 74%|███████▍  | 183/248 [00:16<00:06,  9.29it/s]
 74%|███████▍  | 184/248 [00:17<00:07,  9.02it/s]
 75%|███████▍  | 185/248 [00:17<00:07,  8.82it/s]
 75%|███████▌  | 186/248 [00:17<00:06,  9.03it/s]
 75%|███████▌  | 187/248 [00:17<00:06,  8.83it/s]
 76%|███████▌  | 188/248 [00:17<00:06,  8.67it/s]
 76%|███████▌  | 189/248 [00:17<00:06,  8.65it/s]
 77%|███████▋  | 190/248 [00:17<00:06,  8.87it/s]
 77%|███████▋  | 191/248 [00:17<00:06,  8.76it/s]
 77%|███████▋  | 192/248 [00:17<00:06,  8.74it/s]
 78%|███████▊  | 193/248 [00:18<00:06,  8.63it/s]
 78%|███████▊  | 194/248 [00:18<00:06,  8.80it/s]
 79%|███████▊  | 195/248 [00:18<00:06,  8.65it/s]
 79%|███████▉  | 196/248 [00:18<00:06,  8.48it/s]
 79%|███████▉  | 197/248 [00:18<00:06,  8.41it/s]
 80%|███████▉  | 198/248 [00:18<00:05,  8.44it/s]
 80%|████████  | 199/248 [00:18<00:05,  8.38it/s]
 81%|████████  | 200/248 [00:18<00:05,  8.59it/s]
 81%|████████  | 201/248 [00:19<00:05,  8.50it/s]
 81%|████████▏ | 202/248 [00:19<00:05,  8.41it/s]
 82%|████████▏ | 203/248 [00:19<00:05,  8.36it/s]
 82%|████████▏ | 204/248 [00:19<00:05,  8.31it/s]
 83%|████████▎ | 205/248 [00:19<00:05,  8.25it/s]
 83%|████████▎ | 206/248 [00:19<00:05,  8.23it/s]
 83%|████████▎ | 207/248 [00:19<00:04,  8.49it/s]
 84%|████████▍ | 208/248 [00:19<00:04,  8.66it/s]
 84%|████████▍ | 209/248 [00:20<00:04,  8.48it/s]
 85%|████████▍ | 210/248 [00:20<00:04,  8.34it/s]
 85%|████████▌ | 211/248 [00:20<00:04,  8.19it/s]
 85%|████████▌ | 212/248 [00:20<00:04,  8.26it/s]
 86%|████████▌ | 213/248 [00:20<00:04,  8.21it/s]
 86%|████████▋ | 214/248 [00:20<00:04,  8.12it/s]
 87%|████████▋ | 215/248 [00:20<00:04,  8.06it/s]
 87%|████████▋ | 216/248 [00:20<00:03,  8.03it/s]
 88%|████████▊ | 217/248 [00:21<00:03,  8.14it/s]
 88%|████████▊ | 218/248 [00:21<00:03,  8.36it/s]
 88%|████████▊ | 219/248 [00:21<00:03,  8.27it/s]
 89%|████████▊ | 220/248 [00:21<00:03,  8.42it/s]
 89%|████████▉ | 221/248 [00:21<00:03,  8.26it/s]
 90%|████████▉ | 222/248 [00:21<00:03,  8.13it/s]
 90%|████████▉ | 223/248 [00:21<00:03,  8.17it/s]
 90%|█████████ | 224/248 [00:21<00:02,  8.41it/s]
 91%|█████████ | 225/248 [00:21<00:02,  8.27it/s]
 91%|█████████ | 226/248 [00:22<00:02,  8.06it/s]
 92%|█████████▏| 227/248 [00:22<00:02,  8.02it/s]
 92%|█████████▏| 228/248 [00:22<00:02,  7.98it/s]
 92%|█████████▏| 229/248 [00:22<00:02,  7.94it/s]
 93%|█████████▎| 230/248 [00:22<00:02,  7.90it/s]
 93%|█████████▎| 231/248 [00:22<00:02,  8.12it/s]
 94%|█████████▎| 232/248 [00:22<00:02,  7.93it/s]
 94%|█████████▍| 233/248 [00:22<00:01,  7.87it/s]
 94%|█████████▍| 234/248 [00:23<00:01,  7.80it/s]
 95%|█████████▍| 235/248 [00:23<00:01,  7.75it/s]
 95%|█████████▌| 236/248 [00:23<00:01,  7.99it/s]
 96%|█████████▌| 237/248 [00:23<00:01,  7.81it/s]
 96%|█████████▌| 238/248 [00:23<00:01,  7.82it/s]
 96%|█████████▋| 239/248 [00:23<00:01,  7.74it/s]
 97%|█████████▋| 240/248 [00:23<00:01,  7.69it/s]
 97%|█████████▋| 241/248 [00:24<00:00,  7.64it/s]
 98%|█████████▊| 242/248 [00:24<00:00,  7.57it/s]
 98%|█████████▊| 243/248 [00:24<00:00,  7.57it/s]
 98%|█████████▊| 244/248 [00:24<00:00,  7.62it/s]
 99%|█████████▉| 245/248 [00:24<00:00,  7.52it/s]
 99%|█████████▉| 246/248 [00:24<00:00,  7.53it/s]
100%|█████████▉| 247/248 [00:24<00:00,  7.52it/s]
100%|██████████| 248/248 [00:24<00:00,  7.51it/s]
100%|██████████| 248/248 [00:24<00:00,  9.94it/s]

  0%|          | 0/247 [00:00<?, ?it/s]
  0%|          | 1/247 [00:00<01:42,  2.39it/s]
  1%|          | 2/247 [00:00<01:01,  3.97it/s]
  1%|          | 3/247 [00:01<01:24,  2.90it/s]
  2%|▏         | 4/247 [00:01<01:35,  2.54it/s]
  2%|▏         | 5/247 [00:01<01:39,  2.42it/s]
  2%|▏         | 6/247 [00:02<01:45,  2.28it/s]
  3%|▎         | 7/247 [00:02<01:47,  2.24it/s]
  3%|▎         | 8/247 [00:03<01:34,  2.52it/s]
  4%|▎         | 9/247 [00:03<01:41,  2.35it/s]
  4%|▍         | 10/247 [00:04<01:43,  2.29it/s]
  4%|▍         | 11/247 [00:04<01:46,  2.22it/s]
  5%|▍         | 12/247 [00:04<01:22,  2.86it/s]
  5%|▌         | 13/247 [00:04<01:06,  3.53it/s]
  6%|▌         | 14/247 [00:04<00:54,  4.28it/s]
  6%|▌         | 15/247 [00:05<00:47,  4.91it/s]
  6%|▋         | 16/247 [00:05<01:05,  3.55it/s]
  7%|▋         | 17/247 [00:05<00:54,  4.26it/s]
  7%|▋         | 18/247 [00:06<01:08,  3.32it/s]
  8%|▊         | 19/247 [00:06<01:19,  2.86it/s]
  8%|▊         | 20/247 [00:06<01:04,  3.53it/s]
  9%|▊         | 21/247 [00:07<01:12,  3.12it/s]
  9%|▉         | 22/247 [00:07<00:59,  3.78it/s]
  9%|▉         | 23/247 [00:07<01:13,  3.04it/s]
 10%|▉         | 24/247 [00:07<01:00,  3.71it/s]
 10%|█         | 25/247 [00:08<01:13,  3.04it/s]
 11%|█         | 26/247 [00:08<01:23,  2.65it/s]
 11%|█         | 27/247 [00:09<01:19,  2.78it/s]
 11%|█▏        | 28/247 [00:09<01:26,  2.52it/s]
 12%|█▏        | 29/247 [00:10<01:30,  2.42it/s]
 12%|█▏        | 30/247 [00:10<01:36,  2.25it/s]
 13%|█▎        | 31/247 [00:11<01:37,  2.22it/s]
 13%|█▎        | 32/247 [00:11<01:41,  2.11it/s]
 13%|█▎        | 33/247 [00:12<01:42,  2.09it/s]
 14%|█▍        | 34/247 [00:12<01:20,  2.66it/s]
 14%|█▍        | 35/247 [00:12<01:26,  2.45it/s]
 15%|█▍        | 36/247 [00:12<01:08,  3.07it/s]
 15%|█▍        | 37/247 [00:13<01:06,  3.15it/s]
 15%|█▌        | 38/247 [00:13<01:16,  2.73it/s]
 16%|█▌        | 39/247 [00:13<01:14,  2.80it/s]
 16%|█▌        | 40/247 [00:14<00:59,  3.46it/s]
 17%|█▋        | 41/247 [00:14<01:15,  2.72it/s]
 17%|█▋        | 42/247 [00:15<01:24,  2.43it/s]
 17%|█▋        | 43/247 [00:15<01:06,  3.06it/s]
 18%|█▊        | 44/247 [00:15<01:17,  2.61it/s]
 18%|█▊        | 45/247 [00:16<01:25,  2.36it/s]
 19%|█▊        | 46/247 [00:16<01:30,  2.22it/s]
 19%|█▉        | 47/247 [00:17<01:35,  2.11it/s]
 19%|█▉        | 48/247 [00:17<01:37,  2.05it/s]
 20%|█▉        | 49/247 [00:18<01:39,  1.98it/s]
 20%|██        | 50/247 [00:18<01:24,  2.33it/s]
 21%|██        | 51/247 [00:18<01:12,  2.71it/s]
 21%|██        | 52/247 [00:19<01:20,  2.42it/s]
 21%|██▏       | 53/247 [00:19<01:27,  2.23it/s]
 22%|██▏       | 54/247 [00:20<01:27,  2.21it/s]
 22%|██▏       | 55/247 [00:20<01:32,  2.06it/s]
 23%|██▎       | 56/247 [00:21<01:35,  1.99it/s]
 23%|██▎       | 57/247 [00:22<01:37,  1.95it/s]
 23%|██▎       | 58/247 [00:22<01:39,  1.91it/s]
 24%|██▍       | 59/247 [00:22<01:17,  2.44it/s]
 24%|██▍       | 60/247 [00:22<01:02,  2.98it/s]
 25%|██▍       | 61/247 [00:23<00:51,  3.58it/s]
 25%|██▌       | 62/247 [00:23<01:06,  2.78it/s]
 26%|██▌       | 63/247 [00:23<01:06,  2.76it/s]
 26%|██▌       | 64/247 [00:24<01:15,  2.41it/s]
 26%|██▋       | 65/247 [00:25<01:22,  2.21it/s]
 27%|██▋       | 66/247 [00:25<01:27,  2.07it/s]
 27%|██▋       | 67/247 [00:26<01:31,  1.97it/s]
 28%|██▊       | 68/247 [00:26<01:32,  1.93it/s]
 28%|██▊       | 69/247 [00:26<01:13,  2.44it/s]
 28%|██▊       | 70/247 [00:27<00:59,  2.99it/s]
 29%|██▊       | 71/247 [00:27<00:49,  3.57it/s]
 29%|██▉       | 72/247 [00:27<01:02,  2.78it/s]
 30%|██▉       | 73/247 [00:28<01:11,  2.42it/s]
 30%|██▉       | 74/247 [00:28<01:19,  2.19it/s]
 30%|███       | 75/247 [00:29<01:22,  2.08it/s]
 31%|███       | 76/247 [00:29<01:06,  2.59it/s]
 31%|███       | 77/247 [00:30<01:16,  2.23it/s]
 32%|███▏      | 78/247 [00:30<01:21,  2.07it/s]
 32%|███▏      | 79/247 [00:31<01:24,  1.98it/s]
 32%|███▏      | 80/247 [00:31<01:26,  1.93it/s]
 33%|███▎      | 81/247 [00:31<01:08,  2.41it/s]
 33%|███▎      | 82/247 [00:32<01:15,  2.17it/s]
 34%|███▎      | 83/247 [00:32<01:00,  2.70it/s]
 34%|███▍      | 84/247 [00:32<00:50,  3.22it/s]
 34%|███▍      | 85/247 [00:33<01:02,  2.59it/s]
 35%|███▍      | 86/247 [00:33<01:09,  2.31it/s]
 35%|███▌      | 87/247 [00:34<00:56,  2.83it/s]
 36%|███▌      | 88/247 [00:34<01:07,  2.37it/s]
 36%|███▌      | 89/247 [00:35<01:23,  1.90it/s]
 36%|███▋      | 90/247 [00:36<01:24,  1.87it/s]
 37%|███▋      | 91/247 [00:36<01:27,  1.79it/s]
 37%|███▋      | 92/247 [00:37<01:25,  1.82it/s]
 38%|███▊      | 93/247 [00:37<01:06,  2.32it/s]
 38%|███▊      | 94/247 [00:37<01:10,  2.16it/s]
 38%|███▊      | 95/247 [00:38<00:57,  2.65it/s]
 39%|███▉      | 96/247 [00:38<01:05,  2.31it/s]
 39%|███▉      | 97/247 [00:39<01:10,  2.14it/s]
 40%|███▉      | 98/247 [00:39<01:13,  2.02it/s]
 40%|████      | 99/247 [00:40<01:08,  2.16it/s]
 40%|████      | 100/247 [00:40<01:12,  2.03it/s]
 41%|████      | 101/247 [00:41<01:15,  1.94it/s]
 41%|████▏     | 102/247 [00:41<00:58,  2.46it/s]
 42%|████▏     | 103/247 [00:41<00:57,  2.51it/s]
 42%|████▏     | 104/247 [00:41<00:46,  3.05it/s]
 43%|████▎     | 105/247 [00:42<00:54,  2.59it/s]
 43%|████▎     | 106/247 [00:42<01:00,  2.35it/s]
 43%|████▎     | 107/247 [00:43<01:03,  2.21it/s]
 44%|████▎     | 108/247 [00:44<01:05,  2.12it/s]
 44%|████▍     | 109/247 [00:44<00:52,  2.61it/s]
 45%|████▍     | 110/247 [00:44<00:43,  3.12it/s]
 45%|████▍     | 111/247 [00:44<00:51,  2.63it/s]
 45%|████▌     | 112/247 [00:45<00:57,  2.33it/s]
 46%|████▌     | 113/247 [00:45<00:57,  2.34it/s]
 46%|████▌     | 114/247 [00:46<01:00,  2.21it/s]
 47%|████▋     | 115/247 [00:46<01:02,  2.10it/s]
 47%|████▋     | 116/247 [00:47<01:03,  2.07it/s]
 47%|████▋     | 117/247 [00:47<01:04,  2.00it/s]
 48%|████▊     | 118/247 [00:48<00:51,  2.51it/s]
 48%|████▊     | 119/247 [00:48<00:42,  3.04it/s]
 49%|████▊     | 120/247 [00:48<00:38,  3.33it/s]
 49%|████▉     | 121/247 [00:49<01:07,  1.88it/s]
 49%|████▉     | 122/247 [00:49<00:54,  2.30it/s]
 50%|████▉     | 123/247 [00:50<00:56,  2.18it/s]
 50%|█████     | 124/247 [00:50<00:45,  2.67it/s]
 51%|█████     | 125/247 [00:50<00:50,  2.39it/s]
 51%|█████     | 126/247 [00:51<00:50,  2.38it/s]
 51%|█████▏    | 127/247 [00:51<00:53,  2.24it/s]
 52%|█████▏    | 128/247 [00:52<00:55,  2.15it/s]
 52%|█████▏    | 129/247 [00:52<00:56,  2.07it/s]
 53%|█████▎    | 130/247 [00:53<00:45,  2.59it/s]
 53%|█████▎    | 131/247 [00:53<00:37,  3.11it/s]
 53%|█████▎    | 132/247 [00:53<00:31,  3.63it/s]
 54%|█████▍    | 133/247 [00:53<00:27,  4.12it/s]
 54%|█████▍    | 134/247 [00:54<00:36,  3.12it/s]
 55%|█████▍    | 135/247 [00:54<00:50,  2.21it/s]
 55%|█████▌    | 136/247 [00:55<00:52,  2.10it/s]
 55%|█████▌    | 137/247 [00:55<00:53,  2.05it/s]
 56%|█████▌    | 138/247 [00:56<00:54,  2.00it/s]
 56%|█████▋    | 139/247 [00:56<00:54,  1.99it/s]
 57%|█████▋    | 140/247 [00:57<00:54,  1.95it/s]
 57%|█████▋    | 141/247 [00:58<00:54,  1.96it/s]
 57%|█████▋    | 142/247 [00:58<00:54,  1.94it/s]
 58%|█████▊    | 143/247 [00:59<00:53,  1.94it/s]
 58%|█████▊    | 144/247 [00:59<00:53,  1.93it/s]
 59%|█████▊    | 145/247 [00:59<00:47,  2.16it/s]
 59%|█████▉    | 146/247 [01:00<00:47,  2.11it/s]
 60%|█████▉    | 147/247 [01:00<00:49,  2.03it/s]
 60%|█████▉    | 148/247 [01:01<00:41,  2.38it/s]
 60%|██████    | 149/247 [01:01<00:34,  2.87it/s]
 61%|██████    | 150/247 [01:01<00:39,  2.44it/s]
 61%|██████    | 151/247 [01:02<00:42,  2.24it/s]
 62%|██████▏   | 152/247 [01:03<00:45,  2.09it/s]
 62%|██████▏   | 153/247 [01:03<00:36,  2.56it/s]
 62%|██████▏   | 154/247 [01:03<00:40,  2.31it/s]
 63%|██████▎   | 155/247 [01:04<00:43,  2.13it/s]
 63%|██████▎   | 156/247 [01:04<00:44,  2.05it/s]
 64%|██████▎   | 157/247 [01:04<00:35,  2.55it/s]
 64%|██████▍   | 158/247 [01:05<00:38,  2.29it/s]
 64%|██████▍   | 159/247 [01:05<00:31,  2.78it/s]
 65%|██████▍   | 160/247 [01:06<00:33,  2.59it/s]
 65%|██████▌   | 161/247 [01:06<00:37,  2.30it/s]
 66%|██████▌   | 162/247 [01:07<00:40,  2.07it/s]
 66%|██████▌   | 163/247 [01:07<00:33,  2.53it/s]
 66%|██████▋   | 164/247 [01:08<00:36,  2.27it/s]
 67%|██████▋   | 165/247 [01:08<00:36,  2.27it/s]
 67%|██████▋   | 166/247 [01:08<00:29,  2.79it/s]
 68%|██████▊   | 167/247 [01:09<00:32,  2.44it/s]
 68%|██████▊   | 168/247 [01:09<00:35,  2.24it/s]
 68%|██████▊   | 169/247 [01:09<00:28,  2.71it/s]
 69%|██████▉   | 170/247 [01:10<00:28,  2.68it/s]
 69%|██████▉   | 171/247 [01:10<00:31,  2.38it/s]
 70%|██████▉   | 172/247 [01:11<00:35,  2.08it/s]
 70%|███████   | 173/247 [01:11<00:37,  2.00it/s]
 70%|███████   | 174/247 [01:12<00:36,  1.99it/s]
 71%|███████   | 175/247 [01:13<00:36,  1.95it/s]
 71%|███████▏  | 176/247 [01:13<00:29,  2.43it/s]
 72%|███████▏  | 177/247 [01:13<00:23,  2.95it/s]
 72%|███████▏  | 178/247 [01:13<00:27,  2.48it/s]
 72%|███████▏  | 179/247 [01:14<00:30,  2.21it/s]
 73%|███████▎  | 180/247 [01:15<00:32,  2.05it/s]
 73%|███████▎  | 181/247 [01:15<00:25,  2.55it/s]
 74%|███████▎  | 182/247 [01:15<00:21,  3.03it/s]
 74%|███████▍  | 183/247 [01:15<00:25,  2.54it/s]
 74%|███████▍  | 184/247 [01:16<00:27,  2.31it/s]
 75%|███████▍  | 185/247 [01:16<00:25,  2.39it/s]
 75%|███████▌  | 186/247 [01:17<00:21,  2.87it/s]
 76%|███████▌  | 187/247 [01:17<00:24,  2.44it/s]
 76%|███████▌  | 188/247 [01:18<00:27,  2.17it/s]
 77%|███████▋  | 189/247 [01:18<00:24,  2.33it/s]
 77%|███████▋  | 190/247 [01:19<00:26,  2.16it/s]
 77%|███████▋  | 191/247 [01:19<00:27,  2.04it/s]
 78%|███████▊  | 192/247 [01:20<00:28,  1.96it/s]
 78%|███████▊  | 193/247 [01:20<00:22,  2.42it/s]
 79%|███████▊  | 194/247 [01:20<00:24,  2.15it/s]
 79%|███████▉  | 195/247 [01:21<00:25,  2.02it/s]
 79%|███████▉  | 196/247 [01:21<00:20,  2.48it/s]
 80%|███████▉  | 197/247 [01:21<00:18,  2.77it/s]
 80%|████████  | 198/247 [01:22<00:15,  3.24it/s]
 81%|████████  | 199/247 [01:22<00:18,  2.58it/s]
 81%|████████  | 200/247 [01:23<00:20,  2.29it/s]
 81%|████████▏ | 201/247 [01:23<00:21,  2.10it/s]
 82%|████████▏ | 202/247 [01:24<00:17,  2.56it/s]
 82%|████████▏ | 203/247 [01:24<00:19,  2.23it/s]
 83%|████████▎ | 204/247 [01:25<00:20,  2.07it/s]
 83%|████████▎ | 205/247 [01:25<00:16,  2.52it/s]
 83%|████████▎ | 206/247 [01:25<00:18,  2.22it/s]
 84%|████████▍ | 207/247 [01:26<00:19,  2.05it/s]
 84%|████████▍ | 208/247 [01:26<00:15,  2.49it/s]
 85%|████████▍ | 209/247 [01:27<00:17,  2.20it/s]
 85%|████████▌ | 210/247 [01:27<00:14,  2.64it/s]
 85%|████████▌ | 211/247 [01:28<00:15,  2.27it/s]
 86%|████████▌ | 212/247 [01:28<00:12,  2.69it/s]
 86%|████████▌ | 213/247 [01:28<00:15,  2.26it/s]
 87%|████████▋ | 214/247 [01:29<00:12,  2.74it/s]
 87%|████████▋ | 215/247 [01:29<00:14,  2.26it/s]
 87%|████████▋ | 216/247 [01:30<00:14,  2.07it/s]
 88%|████████▊ | 217/247 [03:04<14:20, 28.69s/it]
 88%|████████▊ | 218/247 [03:04<09:43, 20.14s/it]
 89%|████████▊ | 219/247 [03:05<06:36, 14.16s/it]
 89%|████████▉ | 220/247 [03:05<04:32, 10.07s/it]
 89%|████████▉ | 221/247 [03:06<03:07,  7.22s/it]
 90%|████████▉ | 222/247 [03:06<02:10,  5.23s/it]
 90%|█████████ | 223/247 [03:07<01:31,  3.80s/it]
 91%|█████████ | 224/247 [03:07<01:05,  2.84s/it]
 91%|█████████ | 225/247 [03:08<00:47,  2.15s/it]
 91%|█████████▏| 226/247 [03:08<00:34,  1.64s/it]
 92%|█████████▏| 227/247 [03:09<00:26,  1.32s/it]
 92%|█████████▏| 228/247 [03:10<00:20,  1.09s/it]
 93%|█████████▎| 229/247 [03:10<00:16,  1.07it/s]
 93%|█████████▎| 230/247 [03:11<00:14,  1.21it/s]
 94%|█████████▎| 231/247 [03:11<00:12,  1.33it/s]
 94%|█████████▍| 232/247 [03:12<00:10,  1.43it/s]
 94%|█████████▍| 233/247 [03:12<00:09,  1.52it/s]
 95%|█████████▍| 234/247 [03:13<00:07,  1.63it/s]
 95%|█████████▌| 235/247 [03:14<00:07,  1.65it/s]
 96%|█████████▌| 236/247 [03:14<00:05,  2.07it/s]
 96%|█████████▌| 237/247 [03:14<00:05,  1.93it/s]
 96%|█████████▋| 238/247 [03:15<00:04,  1.80it/s]
 97%|█████████▋| 239/247 [03:16<00:04,  1.75it/s]
 97%|█████████▋| 240/247 [03:16<00:04,  1.70it/s]
 98%|█████████▊| 241/247 [03:17<00:03,  1.91it/s]
 98%|█████████▊| 242/247 [03:17<00:02,  1.87it/s]
 98%|█████████▊| 243/247 [03:18<00:02,  1.81it/s]
 99%|█████████▉| 244/247 [03:18<00:01,  1.81it/s]
 99%|█████████▉| 245/247 [03:18<00:00,  2.24it/s]
100%|█████████▉| 246/247 [03:19<00:00,  2.69it/s]
100%|██████████| 247/247 [03:19<00:00,  3.06it/s]
100%|██████████| 247/247 [03:19<00:00,  1.24it/s]
overall time: 3 minutes 45.28 seconds
