Running command: python scripts/history_sampling.py -n 1000 --csv --seed 16873 -a uniform -m tseitin data/histories_unified/soletta
data/histories_unified/soletta
1000 samples
method: tseitin
seed: 16873
Computing model count of each file:
Processing pairs
Total samples: 131000
Unique samples: 63560 (-51.48%)
wrote results to output/soletta_seed16873_uniform_tseitin_spur_1000.csv

  0%|          | 0/132 [00:00<?, ?it/s]
 12%|█▏        | 16/132 [00:00<00:00, 158.95it/s]
 24%|██▍       | 32/132 [00:00<00:00, 118.23it/s]
 34%|███▍      | 45/132 [00:00<00:00, 95.42it/s] 
 42%|████▏     | 56/132 [00:00<00:00, 84.94it/s]
 49%|████▉     | 65/132 [00:00<00:00, 77.99it/s]
 56%|█████▌    | 74/132 [00:00<00:00, 73.18it/s]
 62%|██████▏   | 82/132 [00:01<00:00, 69.02it/s]
 67%|██████▋   | 89/132 [00:01<00:00, 65.09it/s]
 73%|███████▎  | 96/132 [00:01<00:00, 61.79it/s]
 78%|███████▊  | 103/132 [00:01<00:00, 58.87it/s]
 83%|████████▎ | 109/132 [00:01<00:00, 56.38it/s]
 87%|████████▋ | 115/132 [00:01<00:00, 50.74it/s]
 92%|█████████▏| 121/132 [00:01<00:00, 46.76it/s]
 95%|█████████▌| 126/132 [00:01<00:00, 43.96it/s]
 99%|█████████▉| 131/132 [00:02<00:00, 41.47it/s]
100%|██████████| 132/132 [00:02<00:00, 62.00it/s]

  0%|          | 0/131 [00:00<?, ?it/s]
  1%|          | 1/131 [00:00<00:27,  4.81it/s]
  2%|▏         | 2/131 [00:00<00:24,  5.37it/s]
  3%|▎         | 4/131 [00:00<00:17,  7.27it/s]
  4%|▍         | 5/131 [00:00<00:16,  7.55it/s]
  5%|▌         | 7/131 [00:00<00:14,  8.30it/s]
  7%|▋         | 9/131 [00:01<00:14,  8.62it/s]
  8%|▊         | 10/131 [00:01<00:15,  7.78it/s]
  8%|▊         | 11/131 [00:01<00:16,  7.33it/s]
  9%|▉         | 12/131 [00:01<00:17,  6.93it/s]
 10%|▉         | 13/131 [00:01<00:17,  6.69it/s]
 11%|█         | 14/131 [00:01<00:18,  6.47it/s]
 11%|█▏        | 15/131 [00:02<00:18,  6.20it/s]
 12%|█▏        | 16/131 [00:02<00:17,  6.75it/s]
 13%|█▎        | 17/131 [00:02<00:17,  6.49it/s]
 14%|█▎        | 18/131 [00:02<00:15,  7.16it/s]
 15%|█▌        | 20/131 [00:02<00:16,  6.76it/s]
 17%|█▋        | 22/131 [00:03<00:19,  5.46it/s]
 18%|█▊        | 23/131 [00:03<00:20,  5.19it/s]
 18%|█▊        | 24/131 [00:03<00:21,  4.97it/s]
 19%|█▉        | 25/131 [00:04<00:25,  4.12it/s]
 20%|█▉        | 26/131 [00:04<00:32,  3.28it/s]
 21%|██        | 27/131 [00:04<00:25,  4.02it/s]
 21%|██▏       | 28/131 [00:05<00:37,  2.74it/s]
 22%|██▏       | 29/131 [00:06<00:46,  2.21it/s]
 23%|██▎       | 30/131 [00:06<00:54,  1.86it/s]
 24%|██▎       | 31/131 [00:07<00:57,  1.73it/s]
 24%|██▍       | 32/131 [00:08<00:56,  1.75it/s]
 25%|██▌       | 33/131 [00:08<00:57,  1.70it/s]
 26%|██▌       | 34/131 [00:09<00:55,  1.74it/s]
 27%|██▋       | 35/131 [00:09<00:43,  2.18it/s]
 27%|██▋       | 36/131 [00:09<00:44,  2.13it/s]
 29%|██▉       | 38/131 [00:10<00:33,  2.77it/s]
 30%|██▉       | 39/131 [00:10<00:31,  2.95it/s]
 31%|███▏      | 41/131 [00:10<00:24,  3.67it/s]
 32%|███▏      | 42/131 [00:11<00:30,  2.96it/s]
 33%|███▎      | 43/131 [00:12<00:41,  2.11it/s]
 34%|███▎      | 44/131 [00:12<00:33,  2.62it/s]
 34%|███▍      | 45/131 [00:13<00:48,  1.77it/s]
 35%|███▌      | 46/131 [00:14<01:03,  1.33it/s]
 36%|███▌      | 47/131 [00:15<01:11,  1.17it/s]
 37%|███▋      | 48/131 [00:17<01:29,  1.08s/it]
 37%|███▋      | 49/131 [00:18<01:33,  1.14s/it]
 38%|███▊      | 50/131 [00:20<01:55,  1.42s/it]
 39%|███▉      | 51/131 [00:22<01:48,  1.35s/it]
 40%|███▉      | 52/131 [00:23<01:42,  1.30s/it]
 40%|████      | 53/131 [00:24<01:34,  1.21s/it]
 41%|████      | 54/131 [00:25<01:42,  1.33s/it]
 42%|████▏     | 55/131 [00:27<01:40,  1.32s/it]
 43%|████▎     | 56/131 [00:28<01:37,  1.30s/it]
 44%|████▎     | 57/131 [00:28<01:13,  1.01it/s]
 44%|████▍     | 58/131 [00:28<00:53,  1.36it/s]
 45%|████▌     | 59/131 [00:29<00:42,  1.70it/s]
 46%|████▌     | 60/131 [00:30<01:00,  1.17it/s]
 47%|████▋     | 61/131 [00:30<00:44,  1.57it/s]
 47%|████▋     | 62/131 [00:31<00:48,  1.41it/s]
 48%|████▊     | 63/131 [00:33<01:08,  1.01s/it]
 49%|████▉     | 64/131 [00:33<00:59,  1.13it/s]
 50%|████▉     | 65/131 [00:34<00:43,  1.52it/s]
 50%|█████     | 66/131 [00:34<00:32,  2.00it/s]
 51%|█████     | 67/131 [00:35<00:43,  1.47it/s]
 52%|█████▏    | 68/131 [00:36<00:53,  1.19it/s]
 53%|█████▎    | 69/131 [00:36<00:39,  1.58it/s]
 53%|█████▎    | 70/131 [00:36<00:29,  2.07it/s]
 54%|█████▍    | 71/131 [00:38<00:44,  1.36it/s]
 55%|█████▍    | 72/131 [00:38<00:40,  1.46it/s]
 56%|█████▌    | 73/131 [00:39<00:48,  1.20it/s]
 56%|█████▋    | 74/131 [00:40<00:35,  1.61it/s]
 57%|█████▋    | 75/131 [00:41<00:43,  1.29it/s]
 58%|█████▊    | 76/131 [00:42<00:52,  1.06it/s]
 59%|█████▉    | 77/131 [00:43<00:57,  1.06s/it]
 60%|█████▉    | 78/131 [00:43<00:41,  1.28it/s]
 60%|██████    | 79/131 [00:44<00:30,  1.70it/s]
 61%|██████    | 80/131 [00:44<00:22,  2.23it/s]
 62%|██████▏   | 81/131 [00:46<00:53,  1.07s/it]
 63%|██████▎   | 82/131 [00:49<01:12,  1.49s/it]
 63%|██████▎   | 83/131 [00:50<01:14,  1.55s/it]
 64%|██████▍   | 84/131 [00:51<00:53,  1.13s/it]
 65%|██████▍   | 85/131 [00:53<01:04,  1.41s/it]
 66%|██████▌   | 86/131 [00:53<00:46,  1.03s/it]
 66%|██████▋   | 87/131 [00:55<01:02,  1.43s/it]
 67%|██████▋   | 88/131 [00:57<01:11,  1.67s/it]
 68%|██████▊   | 89/131 [00:57<00:51,  1.22s/it]
 69%|██████▊   | 90/131 [00:59<00:51,  1.25s/it]
 69%|██████▉   | 91/131 [00:59<00:36,  1.08it/s]
 70%|███████   | 92/131 [00:59<00:27,  1.43it/s]
 71%|███████   | 93/131 [00:59<00:20,  1.86it/s]
 72%|███████▏  | 94/131 [01:00<00:25,  1.44it/s]
 73%|███████▎  | 95/131 [01:01<00:19,  1.88it/s]
 73%|███████▎  | 96/131 [01:02<00:32,  1.07it/s]
 74%|███████▍  | 97/131 [01:05<00:48,  1.41s/it]
 75%|███████▍  | 98/131 [01:06<00:41,  1.25s/it]
 76%|███████▌  | 99/131 [01:09<00:55,  1.74s/it]
 76%|███████▋  | 100/131 [01:13<01:19,  2.58s/it]
 77%|███████▋  | 101/131 [01:13<00:55,  1.86s/it]
 78%|███████▊  | 102/131 [01:17<01:05,  2.27s/it]
 79%|███████▊  | 103/131 [01:19<01:01,  2.21s/it]
 79%|███████▉  | 104/131 [01:20<00:54,  2.00s/it]
 80%|████████  | 105/131 [01:23<00:58,  2.26s/it]
 81%|████████  | 106/131 [01:23<00:40,  1.63s/it]
 82%|████████▏ | 107/131 [01:23<00:29,  1.21s/it]
 82%|████████▏ | 108/131 [01:24<00:20,  1.11it/s]
 83%|████████▎ | 109/131 [01:28<00:42,  1.92s/it]
 84%|████████▍ | 110/131 [01:34<01:06,  3.18s/it]
 85%|████████▍ | 111/131 [01:40<01:23,  4.15s/it]
 85%|████████▌ | 112/131 [01:41<00:56,  2.96s/it]
 86%|████████▋ | 113/131 [01:46<01:04,  3.60s/it]
 87%|████████▋ | 114/131 [01:51<01:09,  4.08s/it]
 88%|████████▊ | 115/131 [01:56<01:11,  4.46s/it]
 89%|████████▊ | 116/131 [02:01<01:06,  4.40s/it]
 89%|████████▉ | 117/131 [02:09<01:17,  5.55s/it]
 90%|█████████ | 118/131 [02:17<01:20,  6.22s/it]
 91%|█████████ | 119/131 [02:22<01:12,  6.03s/it]
 92%|█████████▏| 120/131 [02:27<01:00,  5.52s/it]
 92%|█████████▏| 121/131 [02:27<00:39,  3.93s/it]
 93%|█████████▎| 122/131 [02:27<00:25,  2.81s/it]
 94%|█████████▍| 123/131 [02:27<00:16,  2.08s/it]
 95%|█████████▍| 124/131 [02:27<00:10,  1.51s/it]
 95%|█████████▌| 125/131 [02:36<00:22,  3.71s/it]
 96%|█████████▌| 126/131 [02:37<00:13,  2.73s/it]
 97%|█████████▋| 127/131 [02:43<00:15,  3.82s/it]
 98%|█████████▊| 128/131 [02:50<00:14,  4.79s/it]
 98%|█████████▊| 129/131 [02:55<00:09,  4.75s/it]
 99%|█████████▉| 130/131 [03:01<00:05,  5.05s/it]
100%|██████████| 131/131 [03:09<00:00,  6.12s/it]
100%|██████████| 131/131 [03:09<00:00,  1.45s/it]
overall time: 3 minutes 13.21 seconds
