Running command: python scripts/history_sampling.py -n 1000 --csv --seed 16873 -m none data/histories_unified/Fiasco
data/histories_unified/Fiasco
1000 samples
method: none
seed: 16873
Elapsed time: 2.696 seconds
Total samples: 30000
Unique samples: 31000 (--3.33%)

  0%|          | 0/31 [00:00<?, ?it/s]
  6%|▋         | 2/31 [00:00<00:02, 13.54it/s]
 13%|█▎        | 4/31 [00:00<00:02, 13.40it/s]
 19%|█▉        | 6/31 [00:00<00:01, 13.42it/s]
 26%|██▌       | 8/31 [00:00<00:01, 13.07it/s]
 32%|███▏      | 10/31 [00:00<00:01, 12.61it/s]
 39%|███▊      | 12/31 [00:00<00:01, 12.72it/s]
 45%|████▌     | 14/31 [00:01<00:01, 12.59it/s]
 52%|█████▏    | 16/31 [00:01<00:01, 12.34it/s]
 58%|█████▊    | 18/31 [00:01<00:01, 11.96it/s]
 65%|██████▍   | 20/31 [00:01<00:00, 11.46it/s]
 71%|███████   | 22/31 [00:01<00:00, 11.26it/s]
 77%|███████▋  | 24/31 [00:02<00:00, 11.04it/s]
 84%|████████▍ | 26/31 [00:02<00:00, 10.82it/s]
 90%|█████████ | 28/31 [00:02<00:00, 10.69it/s]
 97%|█████████▋| 30/31 [00:02<00:00, 10.43it/s]
100%|██████████| 31/31 [00:02<00:00, 11.51it/s]
overall time: 3.13 seconds
