Running command: python scripts/history_sampling.py -n 1000 --csv --seed 16873 -a uniform -m rejection data/histories_unified/BusyBox
data/histories_unified/BusyBox
1000 samples
method: rejection
seed: 16873
Computing model count of each file:
Processing pairs
Generated & checked 3293.4844214010054 candidates per second
Generated & checked 3061.8113245041945 candidates per second
Generated & checked 3374.526442302283 candidates per second
Generated & checked 3108.771315107818 candidates per second
Generated & checked 3092.0611314377716 candidates per second
Generated & checked 3078.4416450095828 candidates per second
Generated & checked 3257.313094517222 candidates per second
Generated & checked 3027.5163622297023 candidates per second
Generated & checked 3307.1874699993637 candidates per second
Generated & checked 3408.5234691692103 candidates per second
Generated & checked 3173.269809456679 candidates per second
Generated & checked 3279.3505837700795 candidates per second
Generated & checked 3098.7153870116144 candidates per second
Generated & checked 3235.604296979454 candidates per second
Generated & checked 3185.289899196092 candidates per second
Generated & checked 3222.168603238329 candidates per second
Generated & checked 3287.6879590508915 candidates per second
Generated & checked 2991.369055409404 candidates per second
Generated & checked 3087.7555328112176 candidates per second
Generated & checked 2978.4838456280286 candidates per second
Generated & checked 3218.330742933954 candidates per second
Generated & checked 3333.0191251751758 candidates per second
Generated & checked 2939.865894451557 candidates per second
Generated & checked 2646.097592004985 candidates per second
Generated & checked 2923.219100174759 candidates per second
Generated & checked 2660.947310886227 candidates per second
Generated & checked 2712.6746159395398 candidates per second
Generated & checked 2778.232662776781 candidates per second
Generated & checked 2635.405845616347 candidates per second
Generated & checked 2839.713034551569 candidates per second
Generated & checked 291.3174197070172 candidates per second
Generated & checked 2724.627295258048 candidates per second
Generated & checked 2685.6273904642385 candidates per second
Generated & checked 2831.0889360201527 candidates per second
Generated & checked 2607.4156305391916 candidates per second
Generated & checked 2606.4979764203144 candidates per second
Generated & checked 2672.9756999166225 candidates per second
Generated & checked 2826.459769003589 candidates per second
Generated & checked 62.43058880851586 candidates per second
Generated & checked 2574.127459173766 candidates per second
Generated & checked 2677.238605916931 candidates per second
Generated & checked 2643.8502449057332 candidates per second
Generated & checked 2690.7263043830044 candidates per second
Generated & checked 2839.1484951585962 candidates per second
Generated & checked 2495.186512581802 candidates per second
Generated & checked 2727.631774353933 candidates per second
Generated & checked 2694.035622191332 candidates per second
Generated & checked 2849.737661724938 candidates per second
Generated & checked 2657.1471029205572 candidates per second
Generated & checked 2713.6513845765126 candidates per second
Generated & checked 2539.912015628104 candidates per second
Generated & checked 2770.0106586830107 candidates per second
Generated & checked 2724.153190847307 candidates per second
Generated & checked 2825.219092210128 candidates per second
Generated & checked 2591.7296486578807 candidates per second
Generated & checked 2790.080796677891 candidates per second
Generated & checked 72.05378947772466 candidates per second
Generated & checked 2805.233212321896 candidates per second
Generated & checked 2447.991442485193 candidates per second
Generated & checked 2528.5372626771855 candidates per second
Generated & checked 2742.0908435943593 candidates per second
Generated & checked 969.09541260358 candidates per second
Generated & checked 458.29487994823523 candidates per second
Generated & checked 85.17327441796563 candidates per second
Generated & checked 2756.87913316863 candidates per second
Generated & checked 2747.4211271343465 candidates per second
Generated & checked 479.95466524276105 candidates per second
Generated & checked 2771.0379044793212 candidates per second
Generated & checked 2418.7114024267175 candidates per second
Generated & checked 2516.0335668569437 candidates per second
Generated & checked 2841.585043117505 candidates per second
Generated & checked 58.36164919889432 candidates per second
Generated & checked 3319.038574325405 candidates per second
Generated & checked 3165.1515639357135 candidates per second
Generated & checked 3225.8634677163122 candidates per second
Generated & checked 2754.0059464106967 candidates per second
Generated & checked 2842.5451990151996 candidates per second
Generated & checked 3075.1933916824996 candidates per second
Generated & checked 3107.9802913031845 candidates per second
Generated & checked 3096.8783073217705 candidates per second
Generated & checked 3275.560678028085 candidates per second
Generated & checked 306.00730005744003 candidates per second
Generated & checked 3074.4389859946064 candidates per second
Generated & checked 3185.75459651946 candidates per second
Generated & checked 3320.415201409981 candidates per second
Generated & checked 2868.48202764106 candidates per second
Generated & checked 3046.6269647979448 candidates per second
Generated & checked 3150.3523479930427 candidates per second
Generated & checked 3340.0646851990623 candidates per second
Generated & checked 84.45465778751417 candidates per second
Generated & checked 3132.731710785899 candidates per second
Generated & checked 3278.1155279294517 candidates per second
Generated & checked 3052.980581543065 candidates per second
Generated & checked 3149.226006681657 candidates per second
Generated & checked 1531.3932144055123 candidates per second
Generated & checked 3300.0881009415994 candidates per second
Generated & checked 3112.6576622082807 candidates per second
Generated & checked 3436.7574853288143 candidates per second
Generated & checked 327.44406999229375 candidates per second
Generated & checked 3061.0370957037953 candidates per second
Generated & checked 3269.4127326225025 candidates per second
Generated & checked 3095.5257114333945 candidates per second
Generated & checked 3286.25894873955 candidates per second
Generated & checked 3231.5047249094446 candidates per second
Generated & checked 2969.919958879773 candidates per second
Generated & checked 3130.8551882065217 candidates per second
Generated & checked 3298.7246949919263 candidates per second
Generated & checked 3333.7888825971568 candidates per second
Generated & checked 3132.3166740763077 candidates per second
Generated & checked 3150.789414117669 candidates per second
Generated & checked 3039.32303571022 candidates per second
Generated & checked 3003.5153686273757 candidates per second
Generated & checked 2994.9490762740515 candidates per second
Generated & checked 3087.0743455228135 candidates per second
Generated & checked 3121.099374357459 candidates per second
Generated & checked 2908.47028785602 candidates per second
Generated & checked 3061.841239303909 candidates per second
Generated & checked 1215.140810347425 candidates per second
Generated & checked 3154.217837062818 candidates per second
Generated & checked 3077.84732217194 candidates per second
Generated & checked 3058.0587670667405 candidates per second
Generated & checked 3013.292390330645 candidates per second
Generated & checked 3103.068512325286 candidates per second
Generated & checked 3192.457479151739 candidates per second
Generated & checked 3087.77714955268 candidates per second
Generated & checked 3098.395697164247 candidates per second
Generated & checked 3000.705587852107 candidates per second
Generated & checked 3240.0814577430697 candidates per second
Generated & checked 3104.8490085655353 candidates per second
Generated & checked 3141.02290059695 candidates per second
Generated & checked 3148.6987285247383 candidates per second
Generated & checked 2937.0560744416925 candidates per second
Generated & checked 2832.244718734017 candidates per second
Generated & checked 2885.58226219413 candidates per second
Generated & checked 2848.581226473021 candidates per second
Generated & checked 2818.953463971239 candidates per second
Generated & checked 2919.9842412195335 candidates per second
Generated & checked 2951.804433378819 candidates per second
Generated & checked 654.8775554141938 candidates per second
Generated & checked 2868.177780892989 candidates per second
Generated & checked 2789.5003552173384 candidates per second
Generated & checked 2571.008979937888 candidates per second
Generated & checked 2787.936735412175 candidates per second
Generated & checked 2692.959530467276 candidates per second
Generated & checked 2948.1649856858403 candidates per second
Generated & checked 2674.34122171537 candidates per second
Generated & checked 2660.341670294982 candidates per second
Generated & checked 2615.8195933687925 candidates per second
Generated & checked 2917.8687089931377 candidates per second
Generated & checked 1147.1891333022174 candidates per second
Generated & checked 2522.3068421109824 candidates per second
Generated & checked 2501.3258211742495 candidates per second
Generated & checked 2910.1382957706705 candidates per second
Generated & checked 2799.1993200507504 candidates per second
Generated & checked 2721.9718449653215 candidates per second
Generated & checked 2815.117213719743 candidates per second
Generated & checked 2758.5005331201037 candidates per second
Generated & checked 2854.676476734381 candidates per second
Generated & checked 2766.782794915786 candidates per second
Generated & checked 2768.635349841353 candidates per second
Generated & checked 2910.795253387692 candidates per second
Generated & checked 2680.7746661715373 candidates per second
Generated & checked 2733.5786339705505 candidates per second
Generated & checked 2810.028595678159 candidates per second
Generated & checked 1967.5200471352452 candidates per second
Generated & checked 2490.9301552020756 candidates per second
Generated & checked 2567.194932900318 candidates per second
Generated & checked 2553.2807854102343 candidates per second
Generated & checked 2530.989665209517 candidates per second
Generated & checked 2617.3380147069975 candidates per second
Generated & checked 2165.8022650568587 candidates per second
Generated & checked 2826.4870634036088 candidates per second
Generated & checked 2940.6772954473668 candidates per second
Generated & checked 2730.4636121938984 candidates per second
Total samples: 247000
Unique samples: 99296 (-59.80%)
wrote results to output/BusyBox_seed16873_uniform_rejection_spur_1000.csv

  0%|          | 0/248 [00:00<?, ?it/s]
  1%|          | 2/248 [00:00<00:15, 15.52it/s]
  2%|▏         | 4/248 [00:00<00:15, 15.37it/s]
  2%|▏         | 6/248 [00:00<00:16, 15.12it/s]
  3%|▎         | 8/248 [00:00<00:16, 14.86it/s]
  4%|▍         | 10/248 [00:00<00:15, 14.93it/s]
  5%|▍         | 12/248 [00:00<00:16, 14.67it/s]
  6%|▌         | 14/248 [00:00<00:16, 14.52it/s]
  6%|▋         | 16/248 [00:01<00:16, 14.33it/s]
  7%|▋         | 18/248 [00:01<00:15, 14.42it/s]
  8%|▊         | 20/248 [00:01<00:16, 14.22it/s]
  9%|▉         | 22/248 [00:01<00:16, 14.05it/s]
 10%|▉         | 24/248 [00:01<00:16, 13.95it/s]
 10%|█         | 26/248 [00:01<00:16, 13.77it/s]
 11%|█▏        | 28/248 [00:01<00:16, 13.64it/s]
 12%|█▏        | 30/248 [00:02<00:16, 13.61it/s]
 13%|█▎        | 32/248 [00:02<00:16, 13.45it/s]
 14%|█▎        | 34/248 [00:02<00:16, 13.31it/s]
 15%|█▍        | 36/248 [00:02<00:16, 13.14it/s]
 15%|█▌        | 38/248 [00:02<00:15, 13.20it/s]
 16%|█▌        | 40/248 [00:02<00:15, 13.06it/s]
 17%|█▋        | 42/248 [00:03<00:15, 12.95it/s]
 18%|█▊        | 44/248 [00:03<00:15, 12.89it/s]
 19%|█▊        | 46/248 [00:03<00:15, 12.94it/s]
 19%|█▉        | 48/248 [00:03<00:15, 13.02it/s]
 20%|██        | 50/248 [00:03<00:15, 12.75it/s]
 21%|██        | 52/248 [00:03<00:15, 12.66it/s]
 22%|██▏       | 54/248 [00:03<00:15, 12.55it/s]
 23%|██▎       | 56/248 [00:04<00:15, 12.67it/s]
 23%|██▎       | 58/248 [00:04<00:15, 12.53it/s]
 24%|██▍       | 60/248 [00:04<00:14, 12.61it/s]
 25%|██▌       | 62/248 [00:04<00:14, 12.46it/s]
 26%|██▌       | 64/248 [00:04<00:14, 12.66it/s]
 27%|██▋       | 66/248 [00:04<00:14, 12.55it/s]
 27%|██▋       | 68/248 [00:05<00:14, 12.45it/s]
 28%|██▊       | 70/248 [00:05<00:14, 12.29it/s]
 29%|██▉       | 72/248 [00:05<00:14, 12.17it/s]
 30%|██▉       | 74/248 [00:05<00:14, 11.92it/s]
 31%|███       | 76/248 [00:05<00:14, 11.52it/s]
 31%|███▏      | 78/248 [00:06<00:15, 10.97it/s]
 32%|███▏      | 80/248 [00:06<00:15, 10.52it/s]
 33%|███▎      | 82/248 [00:06<00:16, 10.33it/s]
 34%|███▍      | 84/248 [00:06<00:16, 10.05it/s]
 35%|███▍      | 86/248 [00:06<00:16, 10.04it/s]
 35%|███▌      | 88/248 [00:07<00:16,  9.98it/s]
 36%|███▋      | 90/248 [00:07<00:16,  9.86it/s]
 37%|███▋      | 91/248 [00:07<00:15,  9.88it/s]
 38%|███▊      | 93/248 [00:07<00:15, 10.06it/s]
 38%|███▊      | 95/248 [00:07<00:15, 10.05it/s]
 39%|███▉      | 97/248 [00:07<00:15, 10.03it/s]
 40%|███▉      | 99/248 [00:08<00:14, 10.01it/s]
 41%|████      | 101/248 [00:08<00:14, 10.04it/s]
 42%|████▏     | 103/248 [00:08<00:14, 10.03it/s]
 42%|████▏     | 105/248 [00:08<00:14, 10.03it/s]
 43%|████▎     | 107/248 [00:08<00:14, 10.00it/s]
 44%|████▍     | 109/248 [00:09<00:13, 10.10it/s]
 45%|████▍     | 111/248 [00:09<00:13, 10.05it/s]
 46%|████▌     | 113/248 [00:09<00:13, 10.14it/s]
 46%|████▋     | 115/248 [00:09<00:13,  9.99it/s]
 47%|████▋     | 116/248 [00:09<00:13,  9.91it/s]
 47%|████▋     | 117/248 [00:09<00:13,  9.88it/s]
 48%|████▊     | 118/248 [00:10<00:13,  9.78it/s]
 48%|████▊     | 119/248 [00:10<00:13,  9.72it/s]
 48%|████▊     | 120/248 [00:10<00:13,  9.70it/s]
 49%|████▉     | 121/248 [00:10<00:13,  9.62it/s]
 50%|████▉     | 123/248 [00:10<00:12,  9.66it/s]
 50%|█████     | 124/248 [00:10<00:12,  9.59it/s]
 51%|█████     | 126/248 [00:10<00:12,  9.69it/s]
 51%|█████     | 127/248 [00:10<00:12,  9.62it/s]
 52%|█████▏    | 128/248 [00:11<00:12,  9.57it/s]
 52%|█████▏    | 130/248 [00:11<00:12,  9.67it/s]
 53%|█████▎    | 131/248 [00:11<00:12,  9.66it/s]
 54%|█████▎    | 133/248 [00:11<00:11,  9.76it/s]
 54%|█████▍    | 134/248 [00:11<00:11,  9.74it/s]
 54%|█████▍    | 135/248 [00:11<00:11,  9.69it/s]
 55%|█████▍    | 136/248 [00:11<00:11,  9.66it/s]
 56%|█████▌    | 138/248 [00:12<00:11,  9.76it/s]
 56%|█████▌    | 139/248 [00:12<00:11,  9.66it/s]
 56%|█████▋    | 140/248 [00:12<00:11,  9.58it/s]
 57%|█████▋    | 141/248 [00:12<00:11,  9.52it/s]
 58%|█████▊    | 143/248 [00:12<00:10,  9.62it/s]
 58%|█████▊    | 145/248 [00:12<00:10,  9.68it/s]
 59%|█████▉    | 146/248 [00:12<00:10,  9.54it/s]
 59%|█████▉    | 147/248 [00:13<00:10,  9.50it/s]
 60%|█████▉    | 148/248 [00:13<00:10,  9.45it/s]
 60%|██████    | 149/248 [00:13<00:10,  9.38it/s]
 60%|██████    | 150/248 [00:13<00:10,  9.34it/s]
 61%|██████    | 151/248 [00:13<00:10,  9.28it/s]
 61%|██████▏   | 152/248 [00:13<00:10,  9.23it/s]
 62%|██████▏   | 153/248 [00:13<00:10,  9.17it/s]
 62%|██████▏   | 154/248 [00:13<00:10,  9.13it/s]
 62%|██████▎   | 155/248 [00:13<00:10,  9.02it/s]
 63%|██████▎   | 156/248 [00:14<00:10,  8.96it/s]
 63%|██████▎   | 157/248 [00:14<00:10,  8.93it/s]
 64%|██████▎   | 158/248 [00:14<00:10,  8.88it/s]
 64%|██████▍   | 159/248 [00:14<00:10,  8.86it/s]
 65%|██████▍   | 160/248 [00:14<00:09,  9.15it/s]
 65%|██████▍   | 161/248 [00:14<00:09,  9.01it/s]
 65%|██████▌   | 162/248 [00:14<00:09,  9.19it/s]
 66%|██████▌   | 163/248 [00:14<00:09,  9.11it/s]
 66%|██████▌   | 164/248 [00:14<00:09,  8.95it/s]
 67%|██████▋   | 165/248 [00:15<00:09,  8.92it/s]
 67%|██████▋   | 166/248 [00:15<00:08,  9.19it/s]
 67%|██████▋   | 167/248 [00:15<00:09,  9.00it/s]
 68%|██████▊   | 168/248 [00:15<00:08,  8.98it/s]
 68%|██████▊   | 169/248 [00:15<00:08,  8.91it/s]
 69%|██████▊   | 170/248 [00:15<00:08,  8.86it/s]
 69%|██████▉   | 171/248 [00:15<00:08,  8.88it/s]
 69%|██████▉   | 172/248 [00:15<00:08,  8.82it/s]
 70%|██████▉   | 173/248 [00:15<00:08,  8.81it/s]
 70%|███████   | 174/248 [00:16<00:08,  8.74it/s]
 71%|███████   | 175/248 [00:16<00:08,  8.76it/s]
 71%|███████   | 176/248 [00:16<00:07,  9.03it/s]
 71%|███████▏  | 177/248 [00:16<00:08,  8.83it/s]
 72%|███████▏  | 178/248 [00:16<00:07,  8.79it/s]
 72%|███████▏  | 179/248 [00:16<00:07,  8.73it/s]
 73%|███████▎  | 180/248 [00:16<00:07,  8.95it/s]
 73%|███████▎  | 181/248 [00:16<00:07,  9.11it/s]
 73%|███████▎  | 182/248 [00:16<00:07,  8.99it/s]
 74%|███████▍  | 183/248 [00:17<00:07,  8.95it/s]
 74%|███████▍  | 184/248 [00:17<00:07,  9.06it/s]
 75%|███████▍  | 185/248 [00:17<00:07,  8.87it/s]
 75%|███████▌  | 186/248 [00:17<00:07,  8.69it/s]
 75%|███████▌  | 187/248 [00:17<00:07,  8.61it/s]
 76%|███████▌  | 188/248 [00:17<00:06,  8.90it/s]
 76%|███████▌  | 189/248 [00:17<00:06,  9.01it/s]
 77%|███████▋  | 190/248 [00:17<00:06,  8.96it/s]
 77%|███████▋  | 191/248 [00:17<00:06,  8.86it/s]
 77%|███████▋  | 192/248 [00:18<00:06,  9.03it/s]
 78%|███████▊  | 193/248 [00:18<00:06,  8.76it/s]
 78%|███████▊  | 194/248 [00:18<00:06,  8.70it/s]
 79%|███████▊  | 195/248 [00:18<00:06,  8.60it/s]
 79%|███████▉  | 196/248 [00:18<00:05,  8.74it/s]
 79%|███████▉  | 197/248 [00:18<00:05,  8.92it/s]
 80%|███████▉  | 198/248 [00:18<00:05,  8.69it/s]
 80%|████████  | 199/248 [00:18<00:05,  8.51it/s]
 81%|████████  | 200/248 [00:19<00:05,  8.48it/s]
 81%|████████  | 201/248 [00:19<00:05,  8.72it/s]
 81%|████████▏ | 202/248 [00:19<00:05,  8.52it/s]
 82%|████████▏ | 203/248 [00:19<00:05,  8.41it/s]
 82%|████████▏ | 204/248 [00:19<00:05,  8.61it/s]
 83%|████████▎ | 205/248 [00:19<00:05,  8.44it/s]
 83%|████████▎ | 206/248 [00:19<00:04,  8.64it/s]
 83%|████████▎ | 207/248 [00:19<00:04,  8.45it/s]
 84%|████████▍ | 208/248 [00:19<00:04,  8.21it/s]
 84%|████████▍ | 209/248 [00:20<00:04,  8.45it/s]
 85%|████████▍ | 210/248 [00:20<00:04,  8.34it/s]
 85%|████████▌ | 211/248 [00:20<00:04,  8.22it/s]
 85%|████████▌ | 212/248 [00:20<00:04,  8.21it/s]
 86%|████████▌ | 213/248 [00:20<00:04,  8.13it/s]
 86%|████████▋ | 214/248 [00:20<00:04,  8.35it/s]
 87%|████████▋ | 215/248 [00:20<00:03,  8.25it/s]
 87%|████████▋ | 216/248 [00:20<00:03,  8.17it/s]
 88%|████████▊ | 217/248 [00:21<00:03,  8.34it/s]
 88%|████████▊ | 218/248 [00:21<00:03,  8.25it/s]
 88%|████████▊ | 219/248 [00:21<00:03,  8.13it/s]
 89%|████████▊ | 220/248 [00:21<00:03,  8.34it/s]
 89%|████████▉ | 221/248 [00:21<00:03,  8.23it/s]
 90%|████████▉ | 222/248 [00:21<00:03,  8.14it/s]
 90%|████████▉ | 223/248 [00:21<00:03,  8.08it/s]
 90%|█████████ | 224/248 [00:21<00:02,  8.03it/s]
 91%|█████████ | 225/248 [00:22<00:02,  7.99it/s]
 91%|█████████ | 226/248 [00:22<00:02,  7.97it/s]
 92%|█████████▏| 227/248 [00:22<00:02,  7.94it/s]
 92%|█████████▏| 228/248 [00:22<00:02,  8.16it/s]
 92%|█████████▏| 229/248 [00:22<00:02,  8.37it/s]
 93%|█████████▎| 230/248 [00:22<00:02,  8.26it/s]
 93%|█████████▎| 231/248 [00:22<00:02,  8.05it/s]
 94%|█████████▎| 232/248 [00:22<00:01,  8.01it/s]
 94%|█████████▍| 233/248 [00:23<00:01,  7.92it/s]
 94%|█████████▍| 234/248 [00:23<00:01,  7.85it/s]
 95%|█████████▍| 235/248 [00:23<00:01,  7.82it/s]
 95%|█████████▌| 236/248 [00:23<00:01,  7.73it/s]
 96%|█████████▌| 237/248 [00:23<00:01,  7.72it/s]
 96%|█████████▌| 238/248 [00:23<00:01,  7.72it/s]
 96%|█████████▋| 239/248 [00:23<00:01,  7.66it/s]
 97%|█████████▋| 240/248 [00:23<00:01,  7.64it/s]
 97%|█████████▋| 241/248 [00:24<00:00,  7.65it/s]
 98%|█████████▊| 242/248 [00:24<00:00,  7.74it/s]
 98%|█████████▊| 243/248 [00:24<00:00,  7.69it/s]
 98%|█████████▊| 244/248 [00:24<00:00,  7.65it/s]
 99%|█████████▉| 245/248 [00:24<00:00,  7.63it/s]
 99%|█████████▉| 246/248 [00:24<00:00,  7.57it/s]
100%|█████████▉| 247/248 [00:24<00:00,  7.80it/s]
100%|██████████| 248/248 [00:24<00:00,  7.81it/s]
100%|██████████| 248/248 [00:24<00:00,  9.92it/s]

  0%|          | 0/247 [00:00<?, ?it/s]
  0%|          | 1/247 [00:00<01:36,  2.54it/s]
  1%|          | 2/247 [00:00<00:58,  4.16it/s]
  1%|          | 3/247 [00:00<01:23,  2.92it/s]
  2%|▏         | 4/247 [00:01<01:34,  2.56it/s]
  2%|▏         | 5/247 [00:01<01:39,  2.44it/s]
  2%|▏         | 6/247 [00:02<01:43,  2.33it/s]
  3%|▎         | 7/247 [00:02<01:44,  2.29it/s]
  3%|▎         | 8/247 [00:03<01:34,  2.54it/s]
  4%|▎         | 9/247 [00:03<01:38,  2.42it/s]
  4%|▍         | 10/247 [00:04<01:43,  2.29it/s]
  4%|▍         | 11/247 [00:04<01:47,  2.20it/s]
  5%|▍         | 12/247 [00:04<01:23,  2.81it/s]
  5%|▌         | 13/247 [00:04<01:07,  3.48it/s]
  6%|▌         | 14/247 [00:04<00:55,  4.18it/s]
  6%|▌         | 15/247 [00:05<00:48,  4.79it/s]
  6%|▋         | 16/247 [00:05<01:05,  3.50it/s]
  7%|▋         | 17/247 [00:05<00:54,  4.21it/s]
  7%|▋         | 18/247 [00:06<01:09,  3.29it/s]
  8%|▊         | 19/247 [00:06<01:19,  2.85it/s]
  8%|▊         | 20/247 [00:06<01:04,  3.52it/s]
  9%|▊         | 21/247 [00:07<01:11,  3.15it/s]
  9%|▉         | 22/247 [00:07<00:59,  3.79it/s]
  9%|▉         | 23/247 [00:07<01:13,  3.03it/s]
 10%|▉         | 24/247 [00:07<01:00,  3.70it/s]
 10%|█         | 25/247 [00:08<01:14,  2.98it/s]
 11%|█         | 26/247 [00:08<01:23,  2.64it/s]
 11%|█         | 27/247 [00:09<01:18,  2.79it/s]
 11%|█▏        | 28/247 [00:09<01:26,  2.53it/s]
 12%|█▏        | 29/247 [00:10<01:30,  2.42it/s]
 12%|█▏        | 30/247 [00:10<01:35,  2.26it/s]
 13%|█▎        | 31/247 [00:10<01:31,  2.36it/s]
 13%|█▎        | 32/247 [00:11<01:34,  2.28it/s]
 13%|█▎        | 33/247 [00:11<01:34,  2.26it/s]
 14%|█▍        | 34/247 [00:12<01:14,  2.87it/s]
 14%|█▍        | 35/247 [00:12<01:21,  2.59it/s]
 15%|█▍        | 36/247 [00:12<01:05,  3.22it/s]
 15%|█▍        | 37/247 [00:12<01:03,  3.30it/s]
 15%|█▌        | 38/247 [00:13<01:15,  2.76it/s]
 16%|█▌        | 39/247 [00:13<01:15,  2.74it/s]
 16%|█▌        | 40/247 [00:13<01:01,  3.38it/s]
 17%|█▋        | 41/247 [00:14<01:15,  2.74it/s]
 17%|█▋        | 42/247 [00:14<01:24,  2.44it/s]
 17%|█▋        | 43/247 [00:15<01:07,  3.04it/s]
 18%|█▊        | 44/247 [00:15<01:17,  2.62it/s]
 18%|█▊        | 45/247 [00:16<01:25,  2.37it/s]
 19%|█▊        | 46/247 [00:16<01:30,  2.23it/s]
 19%|█▉        | 47/247 [00:17<01:35,  2.10it/s]
 19%|█▉        | 48/247 [00:17<01:37,  2.03it/s]
 20%|█▉        | 49/247 [00:18<01:39,  1.99it/s]
 20%|██        | 50/247 [00:18<01:24,  2.32it/s]
 21%|██        | 51/247 [00:18<01:11,  2.72it/s]
 21%|██        | 52/247 [00:19<01:22,  2.37it/s]
 21%|██▏       | 53/247 [00:19<01:27,  2.22it/s]
 22%|██▏       | 54/247 [00:20<01:28,  2.17it/s]
 22%|██▏       | 55/247 [00:20<01:35,  2.02it/s]
 23%|██▎       | 56/247 [00:21<01:38,  1.95it/s]
 23%|██▎       | 57/247 [00:21<01:37,  1.95it/s]
 23%|██▎       | 58/247 [00:22<01:39,  1.91it/s]
 24%|██▍       | 59/247 [00:22<01:16,  2.44it/s]
 24%|██▍       | 60/247 [00:22<01:01,  3.04it/s]
 25%|██▍       | 61/247 [00:22<00:51,  3.58it/s]
 25%|██▌       | 62/247 [00:23<01:05,  2.82it/s]
 26%|██▌       | 63/247 [00:23<01:06,  2.76it/s]
 26%|██▌       | 64/247 [00:24<01:15,  2.43it/s]
 26%|██▋       | 65/247 [00:24<01:22,  2.21it/s]
 27%|██▋       | 66/247 [00:25<01:26,  2.09it/s]
 27%|██▋       | 67/247 [00:26<01:30,  1.98it/s]
 28%|██▊       | 68/247 [00:26<01:31,  1.95it/s]
 28%|██▊       | 69/247 [00:26<01:12,  2.47it/s]
 28%|██▊       | 70/247 [00:26<00:58,  3.05it/s]
 29%|██▊       | 71/247 [00:26<00:48,  3.62it/s]
 29%|██▉       | 72/247 [00:27<01:01,  2.85it/s]
 30%|██▉       | 73/247 [00:28<01:10,  2.48it/s]
 30%|██▉       | 74/247 [00:28<01:16,  2.27it/s]
 30%|███       | 75/247 [00:29<01:21,  2.10it/s]
 31%|███       | 76/247 [00:29<01:05,  2.62it/s]
 31%|███       | 77/247 [00:29<01:15,  2.25it/s]
 32%|███▏      | 78/247 [00:30<01:20,  2.10it/s]
 32%|███▏      | 79/247 [00:30<01:23,  2.02it/s]
 32%|███▏      | 80/247 [00:31<01:24,  1.97it/s]
 33%|███▎      | 81/247 [00:31<01:07,  2.46it/s]
 33%|███▎      | 82/247 [00:32<01:15,  2.20it/s]
 34%|███▎      | 83/247 [00:32<01:00,  2.71it/s]
 34%|███▍      | 84/247 [00:32<00:50,  3.25it/s]
 34%|███▍      | 85/247 [00:33<01:02,  2.57it/s]
 35%|███▍      | 86/247 [00:33<01:09,  2.32it/s]
 35%|███▌      | 87/247 [00:33<00:55,  2.86it/s]
 36%|███▌      | 88/247 [00:34<01:05,  2.42it/s]
 36%|███▌      | 89/247 [00:35<01:22,  1.93it/s]
 36%|███▋      | 90/247 [00:35<01:23,  1.88it/s]
 37%|███▋      | 91/247 [00:36<01:25,  1.82it/s]
 37%|███▋      | 92/247 [00:36<01:26,  1.79it/s]
 38%|███▊      | 93/247 [00:37<01:06,  2.30it/s]
 38%|███▊      | 94/247 [00:37<01:11,  2.14it/s]
 38%|███▊      | 95/247 [00:37<00:56,  2.68it/s]
 39%|███▉      | 96/247 [00:38<01:05,  2.30it/s]
 39%|███▉      | 97/247 [00:38<01:10,  2.12it/s]
 40%|███▉      | 98/247 [00:39<01:13,  2.02it/s]
 40%|████      | 99/247 [00:39<01:07,  2.19it/s]
 40%|████      | 100/247 [00:40<01:11,  2.07it/s]
 41%|████      | 101/247 [00:40<01:13,  1.98it/s]
 41%|████▏     | 102/247 [00:41<00:58,  2.46it/s]
 42%|████▏     | 103/247 [00:41<00:57,  2.50it/s]
 42%|████▏     | 104/247 [00:41<00:46,  3.06it/s]
 43%|████▎     | 105/247 [00:42<00:54,  2.63it/s]
 43%|████▎     | 106/247 [00:42<00:59,  2.39it/s]
 43%|████▎     | 107/247 [00:43<01:02,  2.24it/s]
 44%|████▎     | 108/247 [00:43<01:03,  2.18it/s]
 44%|████▍     | 109/247 [00:43<00:51,  2.70it/s]
 45%|████▍     | 110/247 [00:43<00:41,  3.26it/s]
 45%|████▍     | 111/247 [00:44<00:50,  2.69it/s]
 45%|████▌     | 112/247 [00:44<00:56,  2.40it/s]
 46%|████▌     | 113/247 [00:45<00:56,  2.35it/s]
 46%|████▌     | 114/247 [00:45<01:00,  2.21it/s]
 47%|████▋     | 115/247 [00:46<01:02,  2.12it/s]
 47%|████▋     | 116/247 [00:46<01:02,  2.08it/s]
 47%|████▋     | 117/247 [00:47<01:03,  2.05it/s]
 48%|████▊     | 118/247 [00:47<00:50,  2.57it/s]
 48%|████▊     | 119/247 [00:47<00:41,  3.09it/s]
 49%|████▊     | 120/247 [00:48<00:37,  3.36it/s]
 49%|████▉     | 121/247 [00:49<01:06,  1.89it/s]
 49%|████▉     | 122/247 [00:49<00:54,  2.31it/s]
 50%|████▉     | 123/247 [00:49<00:56,  2.18it/s]
 50%|█████     | 124/247 [00:50<00:45,  2.70it/s]
 51%|█████     | 125/247 [00:50<00:51,  2.38it/s]
 51%|█████     | 126/247 [00:50<00:50,  2.38it/s]
 51%|█████▏    | 127/247 [00:51<00:52,  2.28it/s]
 52%|█████▏    | 128/247 [00:51<00:54,  2.17it/s]
 52%|█████▏    | 129/247 [00:52<00:56,  2.07it/s]
 53%|█████▎    | 130/247 [00:52<00:45,  2.58it/s]
 53%|█████▎    | 131/247 [00:52<00:36,  3.16it/s]
 53%|█████▎    | 132/247 [00:52<00:30,  3.74it/s]
 54%|█████▍    | 133/247 [00:53<00:27,  4.19it/s]
 54%|█████▍    | 134/247 [00:53<00:35,  3.16it/s]
 55%|█████▍    | 135/247 [00:54<00:50,  2.23it/s]
 55%|█████▌    | 136/247 [00:54<00:51,  2.16it/s]
 55%|█████▌    | 137/247 [00:55<00:53,  2.05it/s]
 56%|█████▌    | 138/247 [00:55<00:54,  2.01it/s]
 56%|█████▋    | 139/247 [00:56<00:54,  2.00it/s]
 57%|█████▋    | 140/247 [00:56<00:53,  1.99it/s]
 57%|█████▋    | 141/247 [00:57<00:53,  1.99it/s]
 57%|█████▋    | 142/247 [00:57<00:52,  2.01it/s]
 58%|█████▊    | 143/247 [00:58<00:51,  2.02it/s]
 58%|█████▊    | 144/247 [00:58<00:51,  2.00it/s]
 59%|█████▊    | 145/247 [00:59<00:45,  2.22it/s]
 59%|█████▉    | 146/247 [00:59<00:48,  2.10it/s]
 60%|█████▉    | 147/247 [01:00<00:49,  2.04it/s]
 60%|█████▉    | 148/247 [01:00<00:41,  2.36it/s]
 60%|██████    | 149/247 [01:00<00:34,  2.88it/s]
 61%|██████    | 150/247 [01:01<00:38,  2.50it/s]
 61%|██████    | 151/247 [01:01<00:42,  2.28it/s]
 62%|██████▏   | 152/247 [01:02<00:44,  2.15it/s]
 62%|██████▏   | 153/247 [01:02<00:35,  2.63it/s]
 62%|██████▏   | 154/247 [01:03<00:39,  2.36it/s]
 63%|██████▎   | 155/247 [01:03<00:42,  2.15it/s]
 63%|██████▎   | 156/247 [01:04<00:43,  2.09it/s]
 64%|██████▎   | 157/247 [01:04<00:34,  2.60it/s]
 64%|██████▍   | 158/247 [01:04<00:38,  2.31it/s]
 64%|██████▍   | 159/247 [01:05<00:31,  2.78it/s]
 65%|██████▍   | 160/247 [01:05<00:33,  2.62it/s]
 65%|██████▌   | 161/247 [01:06<00:37,  2.30it/s]
 66%|██████▌   | 162/247 [01:06<00:40,  2.08it/s]
 66%|██████▌   | 163/247 [01:06<00:32,  2.59it/s]
 66%|██████▋   | 164/247 [01:07<00:35,  2.32it/s]
 67%|██████▋   | 165/247 [01:07<00:35,  2.31it/s]
 67%|██████▋   | 166/247 [01:07<00:28,  2.80it/s]
 68%|██████▊   | 167/247 [01:08<00:32,  2.47it/s]
 68%|██████▊   | 168/247 [01:08<00:34,  2.27it/s]
 68%|██████▊   | 169/247 [01:09<00:28,  2.76it/s]
 69%|██████▉   | 170/247 [01:09<00:28,  2.73it/s]
 69%|██████▉   | 171/247 [01:10<00:31,  2.42it/s]
 70%|██████▉   | 172/247 [01:10<00:32,  2.33it/s]
 70%|███████   | 173/247 [01:11<00:33,  2.20it/s]
 70%|███████   | 174/247 [01:11<00:34,  2.11it/s]
 71%|███████   | 175/247 [01:12<00:35,  2.04it/s]
 71%|███████▏  | 176/247 [01:12<00:28,  2.52it/s]
 72%|███████▏  | 177/247 [01:12<00:23,  3.02it/s]
 72%|███████▏  | 178/247 [01:12<00:27,  2.54it/s]
 72%|███████▏  | 179/247 [01:13<00:29,  2.28it/s]
 73%|███████▎  | 180/247 [01:14<00:31,  2.12it/s]
 73%|███████▎  | 181/247 [01:14<00:25,  2.55it/s]
 74%|███████▎  | 182/247 [01:14<00:21,  3.03it/s]
 74%|███████▍  | 183/247 [01:14<00:24,  2.57it/s]
 74%|███████▍  | 184/247 [01:15<00:27,  2.33it/s]
 75%|███████▍  | 185/247 [01:15<00:25,  2.42it/s]
 75%|███████▌  | 186/247 [01:16<00:20,  2.91it/s]
 76%|███████▌  | 187/247 [01:16<00:24,  2.48it/s]
 76%|███████▌  | 188/247 [01:17<00:26,  2.21it/s]
 77%|███████▋  | 189/247 [01:17<00:24,  2.38it/s]
 77%|███████▋  | 190/247 [01:18<00:25,  2.23it/s]
 77%|███████▋  | 191/247 [01:18<00:26,  2.09it/s]
 78%|███████▊  | 192/247 [01:19<00:28,  1.96it/s]
 78%|███████▊  | 193/247 [01:19<00:22,  2.42it/s]
 79%|███████▊  | 194/247 [01:19<00:24,  2.17it/s]
 79%|███████▉  | 195/247 [01:20<00:26,  1.96it/s]
 79%|███████▉  | 196/247 [01:20<00:21,  2.42it/s]
 80%|███████▉  | 197/247 [01:21<00:18,  2.72it/s]
 80%|████████  | 198/247 [01:21<00:15,  3.14it/s]
 81%|████████  | 199/247 [01:21<00:18,  2.53it/s]
 81%|████████  | 200/247 [01:22<00:21,  2.21it/s]
 81%|████████▏ | 201/247 [01:22<00:22,  2.06it/s]
 82%|████████▏ | 202/247 [01:23<00:17,  2.51it/s]
 82%|████████▏ | 203/247 [01:23<00:20,  2.18it/s]
 83%|████████▎ | 204/247 [01:24<00:21,  2.03it/s]
 83%|████████▎ | 205/247 [01:24<00:16,  2.48it/s]
 83%|████████▎ | 206/247 [01:25<00:18,  2.18it/s]
 84%|████████▍ | 207/247 [01:25<00:19,  2.02it/s]
 84%|████████▍ | 208/247 [01:25<00:15,  2.46it/s]
 85%|████████▍ | 209/247 [01:26<00:17,  2.14it/s]
 85%|████████▌ | 210/247 [01:26<00:14,  2.58it/s]
 85%|████████▌ | 211/247 [01:27<00:16,  2.25it/s]
 86%|████████▌ | 212/247 [01:27<00:13,  2.69it/s]
 86%|████████▌ | 213/247 [01:28<00:15,  2.21it/s]
 87%|████████▋ | 214/247 [01:28<00:12,  2.67it/s]
 87%|████████▋ | 215/247 [01:28<00:14,  2.24it/s]
 87%|████████▋ | 216/247 [01:29<00:15,  2.00it/s]
 88%|████████▊ | 217/247 [01:29<00:12,  2.45it/s]
 88%|████████▊ | 218/247 [01:29<00:10,  2.88it/s]
 89%|████████▊ | 219/247 [01:30<00:08,  3.33it/s]
 89%|████████▉ | 220/247 [01:30<00:10,  2.67it/s]
 89%|████████▉ | 221/247 [01:31<00:11,  2.25it/s]
 90%|████████▉ | 222/247 [01:31<00:12,  2.07it/s]
 90%|█████████ | 223/247 [01:32<00:11,  2.06it/s]
 91%|█████████ | 224/247 [01:32<00:11,  1.96it/s]
 91%|█████████ | 225/247 [01:33<00:11,  1.93it/s]
 91%|█████████▏| 226/247 [01:33<00:10,  1.94it/s]
 92%|█████████▏| 227/247 [01:34<00:10,  1.88it/s]
 92%|█████████▏| 228/247 [01:35<00:10,  1.82it/s]
 93%|█████████▎| 229/247 [01:35<00:10,  1.79it/s]
 93%|█████████▎| 230/247 [01:36<00:09,  1.78it/s]
 94%|█████████▎| 231/247 [01:36<00:09,  1.73it/s]
 94%|█████████▍| 232/247 [01:37<00:08,  1.70it/s]
 94%|█████████▍| 233/247 [01:38<00:08,  1.69it/s]
 95%|█████████▍| 234/247 [01:38<00:08,  1.53it/s]
 95%|█████████▌| 235/247 [01:39<00:07,  1.57it/s]
 96%|█████████▌| 236/247 [01:39<00:05,  1.97it/s]
 96%|█████████▌| 237/247 [01:40<00:05,  1.86it/s]
 96%|█████████▋| 238/247 [01:40<00:05,  1.75it/s]
 97%|█████████▋| 239/247 [01:41<00:04,  1.70it/s]
 97%|█████████▋| 240/247 [01:42<00:04,  1.67it/s]
 98%|█████████▊| 241/247 [01:43<00:04,  1.29it/s]
 98%|█████████▊| 242/247 [01:43<00:03,  1.40it/s]
 98%|█████████▊| 243/247 [01:44<00:02,  1.49it/s]
 99%|█████████▉| 244/247 [01:45<00:01,  1.55it/s]
 99%|█████████▉| 245/247 [01:45<00:01,  1.92it/s]
100%|█████████▉| 246/247 [01:45<00:00,  2.35it/s]
100%|██████████| 247/247 [01:45<00:00,  2.79it/s]
100%|██████████| 247/247 [01:45<00:00,  2.34it/s]
overall time: 2 minutes 11.76 seconds
