Running command: python scripts/history_sampling.py -n 1000 --csv --seed 16873 -m none data/histories_unified/soletta
data/histories_unified/soletta
1000 samples
method: none
seed: 16873
Elapsed time: 31.310 seconds
Total samples: 131000
Unique samples: 132000 (--0.76%)

  0%|          | 0/132 [00:00<?, ?it/s]
  2%|▏         | 2/132 [00:00<00:11, 10.91it/s]
  3%|▎         | 4/132 [00:00<00:12, 10.64it/s]
  5%|▍         | 6/132 [00:00<00:11, 10.76it/s]
  6%|▌         | 8/132 [00:00<00:11, 10.78it/s]
  8%|▊         | 10/132 [00:00<00:11, 10.62it/s]
  9%|▉         | 12/132 [00:01<00:11, 10.71it/s]
 11%|█         | 14/132 [00:01<00:10, 10.79it/s]
 12%|█▏        | 16/132 [00:01<00:10, 10.75it/s]
 14%|█▎        | 18/132 [00:01<00:10, 10.75it/s]
 15%|█▌        | 20/132 [00:01<00:10, 10.69it/s]
 17%|█▋        | 22/132 [00:02<00:10, 10.08it/s]
 18%|█▊        | 24/132 [00:02<00:11,  9.74it/s]
 19%|█▉        | 25/132 [00:02<00:11,  9.53it/s]
 20%|█▉        | 26/132 [00:02<00:11,  9.34it/s]
 20%|██        | 27/132 [00:02<00:11,  9.18it/s]
 21%|██        | 28/132 [00:02<00:11,  8.98it/s]
 22%|██▏       | 29/132 [00:02<00:12,  8.52it/s]
 23%|██▎       | 30/132 [00:03<00:12,  8.18it/s]
 23%|██▎       | 31/132 [00:03<00:12,  7.88it/s]
 24%|██▍       | 32/132 [00:03<00:13,  7.69it/s]
 25%|██▌       | 33/132 [00:03<00:13,  7.56it/s]
 26%|██▌       | 34/132 [00:03<00:13,  7.46it/s]
 27%|██▋       | 35/132 [00:03<00:13,  7.41it/s]
 27%|██▋       | 36/132 [00:03<00:12,  7.39it/s]
 28%|██▊       | 37/132 [00:04<00:12,  7.34it/s]
 29%|██▉       | 38/132 [00:04<00:12,  7.32it/s]
 30%|██▉       | 39/132 [00:04<00:12,  7.31it/s]
 30%|███       | 40/132 [00:04<00:12,  7.25it/s]
 31%|███       | 41/132 [00:04<00:12,  7.25it/s]
 32%|███▏      | 42/132 [00:04<00:12,  7.16it/s]
 33%|███▎      | 43/132 [00:04<00:13,  6.67it/s]
 33%|███▎      | 44/132 [00:05<00:13,  6.41it/s]
 34%|███▍      | 45/132 [00:05<00:13,  6.23it/s]
 35%|███▍      | 46/132 [00:05<00:14,  6.12it/s]
 36%|███▌      | 47/132 [00:05<00:14,  6.01it/s]
 36%|███▋      | 48/132 [00:05<00:14,  5.95it/s]
 37%|███▋      | 49/132 [00:05<00:15,  5.34it/s]
 38%|███▊      | 50/132 [00:06<00:16,  4.92it/s]
 39%|███▊      | 51/132 [00:06<00:16,  4.97it/s]
 39%|███▉      | 52/132 [00:06<00:16,  4.99it/s]
 40%|████      | 53/132 [00:06<00:15,  5.00it/s]
 41%|████      | 54/132 [00:06<00:15,  5.04it/s]
 42%|████▏     | 55/132 [00:07<00:15,  4.97it/s]
 42%|████▏     | 56/132 [00:07<00:15,  4.96it/s]
 43%|████▎     | 57/132 [00:07<00:15,  4.97it/s]
 44%|████▍     | 58/132 [00:07<00:14,  5.01it/s]
 45%|████▍     | 59/132 [00:08<00:14,  4.97it/s]
 45%|████▌     | 60/132 [00:08<00:15,  4.66it/s]
 46%|████▌     | 61/132 [00:08<00:15,  4.67it/s]
 47%|████▋     | 62/132 [00:08<00:14,  4.74it/s]
 48%|████▊     | 63/132 [00:08<00:14,  4.81it/s]
 48%|████▊     | 64/132 [00:09<00:14,  4.68it/s]
 49%|████▉     | 65/132 [00:09<00:14,  4.73it/s]
 50%|█████     | 66/132 [00:09<00:13,  4.77it/s]
 51%|█████     | 67/132 [00:09<00:13,  4.86it/s]
 52%|█████▏    | 68/132 [00:09<00:13,  4.89it/s]
 52%|█████▏    | 69/132 [00:10<00:12,  4.89it/s]
 53%|█████▎    | 70/132 [00:10<00:12,  4.84it/s]
 54%|█████▍    | 71/132 [00:10<00:12,  4.84it/s]
 55%|█████▍    | 72/132 [00:10<00:12,  4.87it/s]
 55%|█████▌    | 73/132 [00:10<00:11,  4.94it/s]
 56%|█████▌    | 74/132 [00:11<00:11,  4.98it/s]
 57%|█████▋    | 75/132 [00:11<00:11,  4.96it/s]
 58%|█████▊    | 76/132 [00:11<00:11,  4.95it/s]
 58%|█████▊    | 77/132 [00:11<00:11,  4.97it/s]
 59%|█████▉    | 78/132 [00:11<00:10,  4.92it/s]
 60%|█████▉    | 79/132 [00:12<00:10,  4.94it/s]
 61%|██████    | 80/132 [00:12<00:10,  4.74it/s]
 61%|██████▏   | 81/132 [00:12<00:11,  4.52it/s]
 62%|██████▏   | 82/132 [00:12<00:11,  4.32it/s]
 63%|██████▎   | 83/132 [00:13<00:11,  4.25it/s]
 64%|██████▎   | 84/132 [00:13<00:11,  4.24it/s]
 64%|██████▍   | 85/132 [00:13<00:11,  4.18it/s]
 65%|██████▌   | 86/132 [00:13<00:11,  4.08it/s]
 66%|██████▌   | 87/132 [00:14<00:10,  4.13it/s]
 67%|██████▋   | 88/132 [00:14<00:10,  4.23it/s]
 67%|██████▋   | 89/132 [00:14<00:09,  4.33it/s]
 68%|██████▊   | 90/132 [00:14<00:09,  4.21it/s]
 69%|██████▉   | 91/132 [00:15<00:10,  4.07it/s]
 70%|██████▉   | 92/132 [00:15<00:10,  3.98it/s]
 70%|███████   | 93/132 [00:15<00:09,  4.03it/s]
 71%|███████   | 94/132 [00:15<00:09,  3.99it/s]
 72%|███████▏  | 95/132 [00:16<00:09,  4.00it/s]
 73%|███████▎  | 96/132 [00:16<00:09,  3.98it/s]
 73%|███████▎  | 97/132 [00:16<00:08,  3.98it/s]
 74%|███████▍  | 98/132 [00:16<00:08,  4.10it/s]
 75%|███████▌  | 99/132 [00:17<00:07,  4.15it/s]
 76%|███████▌  | 100/132 [00:17<00:07,  4.12it/s]
 77%|███████▋  | 101/132 [00:17<00:07,  4.11it/s]
 77%|███████▋  | 102/132 [00:17<00:07,  4.16it/s]
 78%|███████▊  | 103/132 [00:18<00:07,  4.09it/s]
 79%|███████▉  | 104/132 [00:18<00:06,  4.08it/s]
 80%|███████▉  | 105/132 [00:18<00:06,  3.99it/s]
 80%|████████  | 106/132 [00:18<00:06,  4.04it/s]
 81%|████████  | 107/132 [00:19<00:06,  4.08it/s]
 82%|████████▏ | 108/132 [00:19<00:05,  4.09it/s]
 83%|████████▎ | 109/132 [00:19<00:05,  4.04it/s]
 83%|████████▎ | 110/132 [00:20<00:07,  3.09it/s]
 84%|████████▍ | 111/132 [00:20<00:07,  2.69it/s]
 85%|████████▍ | 112/132 [00:20<00:08,  2.47it/s]
 86%|████████▌ | 113/132 [00:21<00:08,  2.32it/s]
 86%|████████▋ | 114/132 [00:21<00:08,  2.18it/s]
 87%|████████▋ | 115/132 [00:22<00:08,  2.05it/s]
 88%|████████▊ | 116/132 [00:23<00:07,  2.03it/s]
 89%|████████▊ | 117/132 [00:23<00:07,  1.97it/s]
 89%|████████▉ | 118/132 [00:24<00:07,  1.95it/s]
 90%|█████████ | 119/132 [00:24<00:06,  1.98it/s]
 91%|█████████ | 120/132 [00:25<00:06,  1.97it/s]
 92%|█████████▏| 121/132 [00:25<00:05,  1.97it/s]
 92%|█████████▏| 122/132 [00:26<00:05,  1.98it/s]
 93%|█████████▎| 123/132 [00:26<00:04,  2.00it/s]
 94%|█████████▍| 124/132 [00:27<00:04,  1.99it/s]
 95%|█████████▍| 125/132 [00:27<00:03,  1.97it/s]
 95%|█████████▌| 126/132 [00:28<00:03,  1.93it/s]
 96%|█████████▌| 127/132 [00:28<00:02,  1.93it/s]
 97%|█████████▋| 128/132 [00:29<00:02,  1.93it/s]
 98%|█████████▊| 129/132 [00:29<00:01,  1.95it/s]
 98%|█████████▊| 130/132 [00:30<00:01,  1.91it/s]
 99%|█████████▉| 131/132 [00:30<00:00,  1.88it/s]
100%|██████████| 132/132 [00:31<00:00,  1.92it/s]
100%|██████████| 132/132 [00:31<00:00,  4.22it/s]
overall time: 32.32 seconds
