Running command: python scripts/history_sampling.py -n 1000 --csv --seed 16873 -m none data/histories_unified/uClibc
data/histories_unified/uClibc
1000 samples
method: none
seed: 16873
Elapsed time: 25.422 seconds
Total samples: 139000
Unique samples: 140000 (--0.72%)

  0%|          | 0/140 [00:00<?, ?it/s]
  1%|          | 1/140 [00:00<00:18,  7.42it/s]
  1%|▏         | 2/140 [00:00<00:17,  7.69it/s]
  2%|▏         | 3/140 [00:00<00:18,  7.36it/s]
  3%|▎         | 4/140 [00:00<00:18,  7.37it/s]
  4%|▎         | 5/140 [00:00<00:19,  6.97it/s]
  4%|▍         | 6/140 [00:00<00:19,  6.73it/s]
  5%|▌         | 7/140 [00:00<00:19,  6.81it/s]
  6%|▌         | 8/140 [00:01<00:19,  6.93it/s]
  6%|▋         | 9/140 [00:01<00:18,  7.06it/s]
  7%|▋         | 10/140 [00:01<00:18,  7.18it/s]
  8%|▊         | 11/140 [00:01<00:18,  7.08it/s]
  9%|▊         | 12/140 [00:01<00:18,  7.00it/s]
  9%|▉         | 13/140 [00:01<00:18,  7.01it/s]
 10%|█         | 14/140 [00:01<00:18,  6.91it/s]
 11%|█         | 15/140 [00:02<00:18,  6.92it/s]
 11%|█▏        | 16/140 [00:02<00:18,  6.58it/s]
 12%|█▏        | 17/140 [00:02<00:18,  6.53it/s]
 13%|█▎        | 18/140 [00:02<00:19,  6.32it/s]
 14%|█▎        | 19/140 [00:02<00:18,  6.53it/s]
 14%|█▍        | 20/140 [00:02<00:18,  6.62it/s]
 15%|█▌        | 21/140 [00:03<00:17,  6.63it/s]
 16%|█▌        | 22/140 [00:03<00:17,  6.65it/s]
 16%|█▋        | 23/140 [00:03<00:17,  6.56it/s]
 17%|█▋        | 24/140 [00:03<00:17,  6.68it/s]
 18%|█▊        | 25/140 [00:03<00:17,  6.58it/s]
 19%|█▊        | 26/140 [00:03<00:18,  6.21it/s]
 19%|█▉        | 27/140 [00:04<00:18,  6.17it/s]
 20%|██        | 28/140 [00:04<00:20,  5.48it/s]
 21%|██        | 29/140 [00:04<00:20,  5.44it/s]
 21%|██▏       | 30/140 [00:04<00:20,  5.44it/s]
 22%|██▏       | 31/140 [00:04<00:19,  5.55it/s]
 23%|██▎       | 32/140 [00:04<00:19,  5.54it/s]
 24%|██▎       | 33/140 [00:05<00:19,  5.35it/s]
 24%|██▍       | 34/140 [00:05<00:19,  5.31it/s]
 25%|██▌       | 35/140 [00:05<00:20,  5.20it/s]
 26%|██▌       | 36/140 [00:05<00:21,  4.92it/s]
 26%|██▋       | 37/140 [00:06<00:21,  4.75it/s]
 27%|██▋       | 38/140 [00:06<00:21,  4.75it/s]
 28%|██▊       | 39/140 [00:06<00:20,  4.94it/s]
 29%|██▊       | 40/140 [00:06<00:20,  4.91it/s]
 29%|██▉       | 41/140 [00:06<00:20,  4.91it/s]
 30%|███       | 42/140 [00:07<00:19,  5.08it/s]
 31%|███       | 43/140 [00:07<00:19,  5.06it/s]
 31%|███▏      | 44/140 [00:07<00:19,  5.04it/s]
 32%|███▏      | 45/140 [00:07<00:19,  4.87it/s]
 33%|███▎      | 46/140 [00:07<00:20,  4.66it/s]
 34%|███▎      | 47/140 [00:08<00:19,  4.76it/s]
 34%|███▍      | 48/140 [00:08<00:17,  5.18it/s]
 35%|███▌      | 49/140 [00:08<00:16,  5.65it/s]
 36%|███▌      | 50/140 [00:08<00:15,  5.84it/s]
 36%|███▋      | 51/140 [00:08<00:14,  6.26it/s]
 37%|███▋      | 52/140 [00:08<00:14,  6.28it/s]
 38%|███▊      | 53/140 [00:08<00:13,  6.64it/s]
 39%|███▊      | 54/140 [00:09<00:12,  6.81it/s]
 39%|███▉      | 55/140 [00:09<00:12,  6.75it/s]
 40%|████      | 56/140 [00:09<00:12,  6.63it/s]
 41%|████      | 57/140 [00:09<00:13,  6.35it/s]
 41%|████▏     | 58/140 [00:09<00:13,  6.18it/s]
 42%|████▏     | 59/140 [00:09<00:12,  6.24it/s]
 43%|████▎     | 60/140 [00:10<00:12,  6.22it/s]
 44%|████▎     | 61/140 [00:10<00:12,  6.09it/s]
 44%|████▍     | 62/140 [00:10<00:12,  6.04it/s]
 45%|████▌     | 63/140 [00:10<00:12,  6.03it/s]
 46%|████▌     | 64/140 [00:10<00:13,  5.66it/s]
 46%|████▋     | 65/140 [00:10<00:13,  5.49it/s]
 47%|████▋     | 66/140 [00:11<00:13,  5.44it/s]
 48%|████▊     | 67/140 [00:11<00:13,  5.47it/s]
 49%|████▊     | 68/140 [00:11<00:12,  5.71it/s]
 49%|████▉     | 69/140 [00:11<00:12,  5.75it/s]
 50%|█████     | 70/140 [00:11<00:12,  5.80it/s]
 51%|█████     | 71/140 [00:11<00:11,  5.82it/s]
 51%|█████▏    | 72/140 [00:12<00:11,  5.71it/s]
 52%|█████▏    | 73/140 [00:12<00:11,  5.78it/s]
 53%|█████▎    | 74/140 [00:12<00:11,  5.73it/s]
 54%|█████▎    | 75/140 [00:12<00:11,  5.60it/s]
 54%|█████▍    | 76/140 [00:12<00:12,  5.12it/s]
 55%|█████▌    | 77/140 [00:13<00:12,  5.10it/s]
 56%|█████▌    | 78/140 [00:13<00:12,  5.15it/s]
 56%|█████▋    | 79/140 [00:13<00:11,  5.17it/s]
 57%|█████▋    | 80/140 [00:13<00:11,  5.21it/s]
 58%|█████▊    | 81/140 [00:13<00:11,  5.22it/s]
 59%|█████▊    | 82/140 [00:14<00:11,  5.12it/s]
 59%|█████▉    | 83/140 [00:14<00:11,  5.12it/s]
 60%|██████    | 84/140 [00:14<00:11,  4.93it/s]
 61%|██████    | 85/140 [00:14<00:11,  4.88it/s]
 61%|██████▏   | 86/140 [00:14<00:10,  4.96it/s]
 63%|██████▎   | 88/140 [00:15<00:07,  6.52it/s]
 64%|██████▍   | 90/140 [00:15<00:06,  7.75it/s]
 66%|██████▌   | 92/140 [00:15<00:05,  8.66it/s]
 67%|██████▋   | 94/140 [00:15<00:05,  9.15it/s]
 69%|██████▊   | 96/140 [00:15<00:04,  9.72it/s]
 69%|██████▉   | 97/140 [00:15<00:04,  9.72it/s]
 70%|███████   | 98/140 [00:16<00:04,  9.64it/s]
 71%|███████   | 99/140 [00:16<00:04,  9.61it/s]
 71%|███████▏  | 100/140 [00:16<00:05,  7.04it/s]
 72%|███████▏  | 101/140 [00:16<00:06,  6.20it/s]
 73%|███████▎  | 102/140 [00:16<00:06,  5.50it/s]
 74%|███████▎  | 103/140 [00:17<00:07,  5.25it/s]
 74%|███████▍  | 104/140 [00:17<00:06,  5.15it/s]
 75%|███████▌  | 105/140 [00:17<00:07,  4.98it/s]
 76%|███████▌  | 106/140 [00:17<00:07,  4.56it/s]
 76%|███████▋  | 107/140 [00:18<00:07,  4.35it/s]
 77%|███████▋  | 108/140 [00:18<00:06,  4.60it/s]
 78%|███████▊  | 109/140 [00:18<00:06,  4.75it/s]
 79%|███████▊  | 110/140 [00:18<00:06,  4.91it/s]
 79%|███████▉  | 111/140 [00:18<00:05,  4.98it/s]
 80%|████████  | 112/140 [00:18<00:05,  4.98it/s]
 81%|████████  | 113/140 [00:19<00:05,  5.16it/s]
 81%|████████▏ | 114/140 [00:19<00:05,  5.12it/s]
 82%|████████▏ | 115/140 [00:19<00:05,  4.97it/s]
 83%|████████▎ | 116/140 [00:19<00:04,  4.99it/s]
 84%|████████▎ | 117/140 [00:19<00:04,  5.10it/s]
 84%|████████▍ | 118/140 [00:20<00:04,  5.08it/s]
 85%|████████▌ | 119/140 [00:20<00:04,  5.07it/s]
 86%|████████▌ | 120/140 [00:20<00:03,  5.07it/s]
 86%|████████▋ | 121/140 [00:20<00:03,  5.17it/s]
 87%|████████▋ | 122/140 [00:20<00:03,  5.08it/s]
 88%|████████▊ | 123/140 [00:21<00:03,  4.95it/s]
 89%|████████▊ | 124/140 [00:21<00:03,  4.69it/s]
 89%|████████▉ | 125/140 [00:21<00:03,  4.62it/s]
 90%|█████████ | 126/140 [00:21<00:02,  4.70it/s]
 91%|█████████ | 127/140 [00:22<00:02,  4.70it/s]
 91%|█████████▏| 128/140 [00:22<00:02,  4.58it/s]
 92%|█████████▏| 129/140 [00:22<00:02,  4.69it/s]
 93%|█████████▎| 130/140 [00:22<00:02,  4.56it/s]
 94%|█████████▎| 131/140 [00:22<00:02,  4.20it/s]
 94%|█████████▍| 132/140 [00:23<00:01,  4.00it/s]
 95%|█████████▌| 133/140 [00:23<00:01,  4.04it/s]
 96%|█████████▌| 134/140 [00:23<00:01,  4.05it/s]
 96%|█████████▋| 135/140 [00:24<00:01,  3.98it/s]
 97%|█████████▋| 136/140 [00:24<00:01,  3.92it/s]
 98%|█████████▊| 137/140 [00:24<00:00,  3.78it/s]
 99%|█████████▊| 138/140 [00:24<00:00,  3.66it/s]
 99%|█████████▉| 139/140 [00:25<00:00,  3.65it/s]
100%|██████████| 140/140 [00:25<00:00,  3.66it/s]
100%|██████████| 140/140 [00:25<00:00,  5.51it/s]
overall time: 26.38 seconds
