Running command: python scripts/history_sampling.py -n 1000 --csv --seed 16873 -m none data/histories_unified/BusyBox
data/histories_unified/BusyBox
1000 samples
method: none
seed: 16873
Elapsed time: 86.002 seconds
Total samples: 247000
Unique samples: 248000 (--0.40%)

  0%|          | 0/248 [00:00<?, ?it/s]
  0%|          | 1/248 [00:00<01:09,  3.53it/s]
  1%|          | 2/248 [00:00<01:10,  3.50it/s]
  1%|          | 3/248 [00:00<01:10,  3.49it/s]
  2%|▏         | 4/248 [00:01<01:10,  3.45it/s]
  2%|▏         | 5/248 [00:01<01:10,  3.43it/s]
  2%|▏         | 6/248 [00:01<01:11,  3.41it/s]
  3%|▎         | 7/248 [00:02<01:11,  3.39it/s]
  3%|▎         | 8/248 [00:02<01:10,  3.40it/s]
  4%|▎         | 9/248 [00:02<01:10,  3.37it/s]
  4%|▍         | 10/248 [00:02<01:10,  3.38it/s]
  4%|▍         | 11/248 [00:03<01:10,  3.36it/s]
  5%|▍         | 12/248 [00:03<01:10,  3.35it/s]
  5%|▌         | 13/248 [00:03<01:10,  3.35it/s]
  6%|▌         | 14/248 [00:04<01:09,  3.37it/s]
  6%|▌         | 15/248 [00:04<01:09,  3.34it/s]
  6%|▋         | 16/248 [00:04<01:09,  3.32it/s]
  7%|▋         | 17/248 [00:05<01:09,  3.33it/s]
  7%|▋         | 18/248 [00:05<01:09,  3.33it/s]
  8%|▊         | 19/248 [00:05<01:08,  3.32it/s]
  8%|▊         | 20/248 [00:05<01:08,  3.30it/s]
  8%|▊         | 21/248 [00:06<01:08,  3.30it/s]
  9%|▉         | 22/248 [00:06<01:08,  3.31it/s]
  9%|▉         | 23/248 [00:06<01:07,  3.32it/s]
 10%|▉         | 24/248 [00:07<01:07,  3.32it/s]
 10%|█         | 25/248 [00:07<01:07,  3.32it/s]
 10%|█         | 26/248 [00:07<01:06,  3.33it/s]
 11%|█         | 27/248 [00:08<01:06,  3.30it/s]
 11%|█▏        | 28/248 [00:08<01:06,  3.29it/s]
 12%|█▏        | 29/248 [00:08<01:07,  3.25it/s]
 12%|█▏        | 30/248 [00:08<01:06,  3.30it/s]
 12%|█▎        | 31/248 [00:09<01:06,  3.28it/s]
 13%|█▎        | 32/248 [00:09<01:06,  3.25it/s]
 13%|█▎        | 33/248 [00:09<01:06,  3.23it/s]
 14%|█▎        | 34/248 [00:10<01:05,  3.25it/s]
 14%|█▍        | 35/248 [00:10<01:05,  3.25it/s]
 15%|█▍        | 36/248 [00:10<01:04,  3.27it/s]
 15%|█▍        | 37/248 [00:11<01:04,  3.29it/s]
 15%|█▌        | 38/248 [00:11<01:03,  3.28it/s]
 16%|█▌        | 39/248 [00:11<01:04,  3.25it/s]
 16%|█▌        | 40/248 [00:12<01:06,  3.15it/s]
 17%|█▋        | 41/248 [00:12<01:07,  3.07it/s]
 17%|█▋        | 42/248 [00:12<01:07,  3.03it/s]
 17%|█▋        | 43/248 [00:13<01:07,  3.02it/s]
 18%|█▊        | 44/248 [00:13<01:08,  3.00it/s]
 18%|█▊        | 45/248 [00:13<01:08,  2.96it/s]
 19%|█▊        | 46/248 [00:14<01:09,  2.93it/s]
 19%|█▉        | 47/248 [00:14<01:09,  2.90it/s]
 19%|█▉        | 48/248 [00:14<01:09,  2.88it/s]
 20%|█▉        | 49/248 [00:15<01:08,  2.89it/s]
 20%|██        | 50/248 [00:15<01:08,  2.89it/s]
 21%|██        | 51/248 [00:15<01:08,  2.86it/s]
 21%|██        | 52/248 [00:16<01:08,  2.85it/s]
 21%|██▏       | 53/248 [00:16<01:09,  2.80it/s]
 22%|██▏       | 54/248 [00:16<01:09,  2.80it/s]
 22%|██▏       | 55/248 [00:17<01:08,  2.81it/s]
 23%|██▎       | 56/248 [00:17<01:08,  2.82it/s]
 23%|██▎       | 57/248 [00:18<01:07,  2.83it/s]
 23%|██▎       | 58/248 [00:18<01:07,  2.82it/s]
 24%|██▍       | 59/248 [00:18<01:07,  2.82it/s]
 24%|██▍       | 60/248 [00:19<01:06,  2.83it/s]
 25%|██▍       | 61/248 [00:19<01:06,  2.82it/s]
 25%|██▌       | 62/248 [00:19<01:05,  2.85it/s]
 25%|██▌       | 63/248 [00:20<01:05,  2.83it/s]
 26%|██▌       | 64/248 [00:20<01:05,  2.81it/s]
 26%|██▌       | 65/248 [00:20<01:04,  2.83it/s]
 27%|██▋       | 66/248 [00:21<01:04,  2.83it/s]
 27%|██▋       | 67/248 [00:21<01:03,  2.83it/s]
 27%|██▋       | 68/248 [00:21<01:03,  2.84it/s]
 28%|██▊       | 69/248 [00:22<01:02,  2.85it/s]
 28%|██▊       | 70/248 [00:22<01:03,  2.80it/s]
 29%|██▊       | 71/248 [00:22<01:02,  2.81it/s]
 29%|██▉       | 72/248 [00:23<01:02,  2.81it/s]
 29%|██▉       | 73/248 [00:23<01:02,  2.82it/s]
 30%|██▉       | 74/248 [00:24<01:01,  2.83it/s]
 30%|███       | 75/248 [00:24<01:00,  2.85it/s]
 31%|███       | 76/248 [00:24<01:00,  2.82it/s]
 31%|███       | 77/248 [00:25<01:00,  2.81it/s]
 31%|███▏      | 78/248 [00:25<01:00,  2.80it/s]
 32%|███▏      | 79/248 [00:25<01:01,  2.74it/s]
 32%|███▏      | 80/248 [00:26<01:01,  2.75it/s]
 33%|███▎      | 81/248 [00:26<01:00,  2.74it/s]
 33%|███▎      | 82/248 [00:26<01:01,  2.72it/s]
 33%|███▎      | 83/248 [00:27<01:02,  2.62it/s]
 34%|███▍      | 84/248 [00:27<01:01,  2.65it/s]
 34%|███▍      | 85/248 [00:28<01:00,  2.67it/s]
 35%|███▍      | 86/248 [00:28<00:59,  2.70it/s]
 35%|███▌      | 87/248 [00:28<00:59,  2.69it/s]
 35%|███▌      | 88/248 [00:29<00:59,  2.70it/s]
 36%|███▌      | 89/248 [00:29<00:59,  2.67it/s]
 36%|███▋      | 90/248 [00:29<00:58,  2.69it/s]
 37%|███▋      | 91/248 [00:30<00:59,  2.65it/s]
 37%|███▋      | 92/248 [00:30<00:57,  2.70it/s]
 38%|███▊      | 93/248 [00:31<00:56,  2.75it/s]
 38%|███▊      | 94/248 [00:31<00:56,  2.73it/s]
 38%|███▊      | 95/248 [00:31<00:56,  2.72it/s]
 39%|███▊      | 96/248 [00:32<00:55,  2.73it/s]
 39%|███▉      | 97/248 [00:32<00:55,  2.73it/s]
 40%|███▉      | 98/248 [00:32<00:54,  2.75it/s]
 40%|███▉      | 99/248 [00:33<00:55,  2.67it/s]
 40%|████      | 100/248 [00:33<00:55,  2.65it/s]
 41%|████      | 101/248 [00:34<00:54,  2.70it/s]
 41%|████      | 102/248 [00:34<00:53,  2.71it/s]
 42%|████▏     | 103/248 [00:34<00:53,  2.69it/s]
 42%|████▏     | 104/248 [00:35<00:51,  2.81it/s]
 42%|████▏     | 105/248 [00:35<00:49,  2.90it/s]
 43%|████▎     | 106/248 [00:35<00:47,  2.96it/s]
 43%|████▎     | 107/248 [00:36<00:46,  3.03it/s]
 44%|████▎     | 108/248 [00:36<00:46,  3.02it/s]
 44%|████▍     | 109/248 [00:36<00:45,  3.05it/s]
 44%|████▍     | 110/248 [00:37<00:44,  3.07it/s]
 45%|████▍     | 111/248 [00:37<00:44,  3.08it/s]
 45%|████▌     | 112/248 [00:37<00:44,  3.08it/s]
 46%|████▌     | 113/248 [00:37<00:43,  3.08it/s]
 46%|████▌     | 114/248 [00:38<00:43,  3.09it/s]
 46%|████▋     | 115/248 [00:38<00:43,  3.07it/s]
 47%|████▋     | 116/248 [00:38<00:42,  3.08it/s]
 47%|████▋     | 117/248 [00:39<00:42,  3.05it/s]
 48%|████▊     | 118/248 [00:39<00:42,  3.03it/s]
 48%|████▊     | 119/248 [00:39<00:42,  3.04it/s]
 48%|████▊     | 120/248 [00:40<00:41,  3.06it/s]
 49%|████▉     | 121/248 [00:40<00:41,  3.08it/s]
 49%|████▉     | 122/248 [00:40<00:41,  3.04it/s]
 50%|████▉     | 123/248 [00:41<00:40,  3.08it/s]
 50%|█████     | 124/248 [00:41<00:39,  3.11it/s]
 50%|█████     | 125/248 [00:41<00:39,  3.12it/s]
 51%|█████     | 126/248 [00:42<00:38,  3.13it/s]
 51%|█████     | 127/248 [00:42<00:38,  3.13it/s]
 52%|█████▏    | 128/248 [00:42<00:38,  3.14it/s]
 52%|█████▏    | 129/248 [00:43<00:38,  3.11it/s]
 52%|█████▏    | 130/248 [00:43<00:38,  3.05it/s]
 53%|█████▎    | 131/248 [00:43<00:38,  3.06it/s]
 53%|█████▎    | 132/248 [00:44<00:38,  3.04it/s]
 54%|█████▎    | 133/248 [00:44<00:37,  3.09it/s]
 54%|█████▍    | 134/248 [00:44<00:37,  3.03it/s]
 54%|█████▍    | 135/248 [00:45<00:37,  3.02it/s]
 55%|█████▍    | 136/248 [00:45<00:37,  2.99it/s]
 55%|█████▌    | 137/248 [00:45<00:37,  2.98it/s]
 56%|█████▌    | 138/248 [00:46<00:36,  2.99it/s]
 56%|█████▌    | 139/248 [00:46<00:36,  3.02it/s]
 56%|█████▋    | 140/248 [00:46<00:35,  3.04it/s]
 57%|█████▋    | 141/248 [00:47<00:35,  3.00it/s]
 57%|█████▋    | 142/248 [00:47<00:35,  2.96it/s]
 58%|█████▊    | 143/248 [00:47<00:34,  3.00it/s]
 58%|█████▊    | 144/248 [00:48<00:34,  3.01it/s]
 58%|█████▊    | 145/248 [00:48<00:33,  3.06it/s]
 59%|█████▉    | 146/248 [00:48<00:34,  2.98it/s]
 59%|█████▉    | 147/248 [00:49<00:33,  3.01it/s]
 60%|█████▉    | 148/248 [00:49<00:33,  3.02it/s]
 60%|██████    | 149/248 [00:49<00:33,  2.97it/s]
 60%|██████    | 150/248 [00:50<00:32,  2.99it/s]
 61%|██████    | 151/248 [00:50<00:32,  3.01it/s]
 61%|██████▏   | 152/248 [00:50<00:32,  2.95it/s]
 62%|██████▏   | 153/248 [00:51<00:32,  2.95it/s]
 62%|██████▏   | 154/248 [00:51<00:31,  2.95it/s]
 62%|██████▎   | 155/248 [00:51<00:31,  2.95it/s]
 63%|██████▎   | 156/248 [00:52<00:31,  2.94it/s]
 63%|██████▎   | 157/248 [00:52<00:30,  2.97it/s]
 64%|██████▎   | 158/248 [00:52<00:29,  3.00it/s]
 64%|██████▍   | 159/248 [00:53<00:29,  2.97it/s]
 65%|██████▍   | 160/248 [00:53<00:30,  2.93it/s]
 65%|██████▍   | 161/248 [00:53<00:29,  2.94it/s]
 65%|██████▌   | 162/248 [00:54<00:29,  2.96it/s]
 66%|██████▌   | 163/248 [00:54<00:28,  2.98it/s]
 66%|██████▌   | 164/248 [00:54<00:28,  2.99it/s]
 67%|██████▋   | 165/248 [00:55<00:27,  2.99it/s]
 67%|██████▋   | 166/248 [00:55<00:27,  2.97it/s]
 67%|██████▋   | 167/248 [00:55<00:26,  3.00it/s]
 68%|██████▊   | 168/248 [00:56<00:26,  3.01it/s]
 68%|██████▊   | 169/248 [00:56<00:26,  3.01it/s]
 69%|██████▊   | 170/248 [00:56<00:25,  3.01it/s]
 69%|██████▉   | 171/248 [00:57<00:25,  3.01it/s]
 69%|██████▉   | 172/248 [00:57<00:25,  3.00it/s]
 70%|██████▉   | 173/248 [00:57<00:25,  2.96it/s]
 70%|███████   | 174/248 [00:58<00:24,  2.98it/s]
 71%|███████   | 175/248 [00:58<00:24,  2.99it/s]
 71%|███████   | 176/248 [00:58<00:23,  3.00it/s]
 71%|███████▏  | 177/248 [00:59<00:23,  3.01it/s]
 72%|███████▏  | 178/248 [00:59<00:23,  2.94it/s]
 72%|███████▏  | 179/248 [00:59<00:23,  2.92it/s]
 73%|███████▎  | 180/248 [01:00<00:23,  2.94it/s]
 73%|███████▎  | 181/248 [01:00<00:22,  2.92it/s]
 73%|███████▎  | 182/248 [01:00<00:22,  2.97it/s]
 74%|███████▍  | 183/248 [01:01<00:21,  2.97it/s]
 74%|███████▍  | 184/248 [01:01<00:22,  2.86it/s]
 75%|███████▍  | 185/248 [01:01<00:21,  2.92it/s]
 75%|███████▌  | 186/248 [01:02<00:21,  2.92it/s]
 75%|███████▌  | 187/248 [01:02<00:20,  2.93it/s]
 76%|███████▌  | 188/248 [01:03<00:20,  2.87it/s]
 76%|███████▌  | 189/248 [01:03<00:21,  2.79it/s]
 77%|███████▋  | 190/248 [01:03<00:20,  2.77it/s]
 77%|███████▋  | 191/248 [01:04<00:21,  2.71it/s]
 77%|███████▋  | 192/248 [01:04<00:20,  2.71it/s]
 78%|███████▊  | 193/248 [01:04<00:20,  2.72it/s]
 78%|███████▊  | 194/248 [01:05<00:19,  2.71it/s]
 79%|███████▊  | 195/248 [01:05<00:19,  2.71it/s]
 79%|███████▉  | 196/248 [01:06<00:19,  2.63it/s]
 79%|███████▉  | 197/248 [01:06<00:19,  2.66it/s]
 80%|███████▉  | 198/248 [01:06<00:18,  2.73it/s]
 80%|████████  | 199/248 [01:07<00:17,  2.73it/s]
 81%|████████  | 200/248 [01:07<00:17,  2.71it/s]
 81%|████████  | 201/248 [01:07<00:17,  2.70it/s]
 81%|████████▏ | 202/248 [01:08<00:17,  2.64it/s]
 82%|████████▏ | 203/248 [01:08<00:17,  2.64it/s]
 82%|████████▏ | 204/248 [01:08<00:16,  2.68it/s]
 83%|████████▎ | 205/248 [01:09<00:16,  2.63it/s]
 83%|████████▎ | 206/248 [01:09<00:15,  2.66it/s]
 83%|████████▎ | 207/248 [01:10<00:15,  2.62it/s]
 84%|████████▍ | 208/248 [01:10<00:15,  2.58it/s]
 84%|████████▍ | 209/248 [01:10<00:14,  2.63it/s]
 85%|████████▍ | 210/248 [01:11<00:14,  2.67it/s]
 85%|████████▌ | 211/248 [01:11<00:13,  2.64it/s]
 85%|████████▌ | 212/248 [01:12<00:13,  2.66it/s]
 86%|████████▌ | 213/248 [01:12<00:13,  2.67it/s]
 86%|████████▋ | 214/248 [01:12<00:12,  2.65it/s]
 87%|████████▋ | 215/248 [01:13<00:12,  2.62it/s]
 87%|████████▋ | 216/248 [01:13<00:12,  2.63it/s]
 88%|████████▊ | 217/248 [01:13<00:11,  2.67it/s]
 88%|████████▊ | 218/248 [01:14<00:11,  2.66it/s]
 88%|████████▊ | 219/248 [01:14<00:10,  2.65it/s]
 89%|████████▊ | 220/248 [01:15<00:10,  2.69it/s]
 89%|████████▉ | 221/248 [01:15<00:10,  2.67it/s]
 90%|████████▉ | 222/248 [01:15<00:09,  2.67it/s]
 90%|████████▉ | 223/248 [01:16<00:09,  2.66it/s]
 90%|█████████ | 224/248 [01:16<00:09,  2.65it/s]
 91%|█████████ | 225/248 [01:16<00:08,  2.62it/s]
 91%|█████████ | 226/248 [01:17<00:08,  2.63it/s]
 92%|█████████▏| 227/248 [01:17<00:08,  2.61it/s]
 92%|█████████▏| 228/248 [01:18<00:07,  2.62it/s]
 92%|█████████▏| 229/248 [01:18<00:07,  2.63it/s]
 93%|█████████▎| 230/248 [01:18<00:06,  2.66it/s]
 93%|█████████▎| 231/248 [01:19<00:06,  2.62it/s]
 94%|█████████▎| 232/248 [01:19<00:06,  2.61it/s]
 94%|█████████▍| 233/248 [01:20<00:05,  2.57it/s]
 94%|█████████▍| 234/248 [01:20<00:05,  2.53it/s]
 95%|█████████▍| 235/248 [01:20<00:05,  2.52it/s]
 95%|█████████▌| 236/248 [01:21<00:04,  2.46it/s]
 96%|█████████▌| 237/248 [01:21<00:04,  2.43it/s]
 96%|█████████▌| 238/248 [01:22<00:04,  2.45it/s]
 96%|█████████▋| 239/248 [01:22<00:03,  2.41it/s]
 97%|█████████▋| 240/248 [01:22<00:03,  2.41it/s]
 97%|█████████▋| 241/248 [01:23<00:02,  2.40it/s]
 98%|█████████▊| 242/248 [01:23<00:02,  2.45it/s]
 98%|█████████▊| 243/248 [01:24<00:01,  2.52it/s]
 98%|█████████▊| 244/248 [01:24<00:01,  2.59it/s]
 99%|█████████▉| 245/248 [01:24<00:01,  2.57it/s]
 99%|█████████▉| 246/248 [01:25<00:00,  2.55it/s]
100%|█████████▉| 247/248 [01:25<00:00,  2.59it/s]
100%|██████████| 248/248 [01:25<00:00,  2.64it/s]
100%|██████████| 248/248 [01:25<00:00,  2.88it/s]
overall time: 1 minute 27.9 seconds
