Running command: python scripts/history_sampling.py -n 1000 --csv --seed 16873 -a expectation_uniform -m tseitin data/histories_unified/uClibc
data/histories_unified/uClibc
1000 samples
method: tseitin
seed: 16873
Computing model count of each file:
Processing pairs
Total samples: 139000
Unique samples: 46495 (-66.55%)
wrote results to output/uClibc_seed16873_expectation_uniform_tseitin_spur_1000.csv

  0%|          | 0/140 [00:00<?, ?it/s]
  2%|▏         | 3/140 [00:00<00:05, 24.83it/s]
  4%|▍         | 6/140 [00:00<00:05, 24.57it/s]
  6%|▋         | 9/140 [00:00<00:05, 24.57it/s]
  9%|▊         | 12/140 [00:00<00:05, 24.36it/s]
 11%|█         | 15/140 [00:00<00:05, 24.17it/s]
 13%|█▎        | 18/140 [00:00<00:05, 23.94it/s]
 15%|█▌        | 21/140 [00:00<00:04, 23.98it/s]
 17%|█▋        | 24/140 [00:00<00:04, 23.84it/s]
 19%|█▉        | 27/140 [00:01<00:04, 23.48it/s]
 21%|██▏       | 30/140 [00:01<00:04, 23.21it/s]
 24%|██▎       | 33/140 [00:01<00:04, 22.67it/s]
 26%|██▌       | 36/140 [00:01<00:04, 21.94it/s]
 28%|██▊       | 39/140 [00:01<00:04, 21.44it/s]
 30%|███       | 42/140 [00:01<00:04, 21.25it/s]
 32%|███▏      | 45/140 [00:01<00:04, 21.05it/s]
 34%|███▍      | 48/140 [00:02<00:04, 21.25it/s]
 36%|███▋      | 51/140 [00:02<00:04, 21.65it/s]
 39%|███▊      | 54/140 [00:02<00:03, 21.94it/s]
 41%|████      | 57/140 [00:02<00:03, 21.97it/s]
 43%|████▎     | 60/140 [00:02<00:03, 22.19it/s]
 45%|████▌     | 63/140 [00:02<00:03, 21.99it/s]
 47%|████▋     | 66/140 [00:02<00:03, 21.76it/s]
 49%|████▉     | 69/140 [00:03<00:03, 21.60it/s]
 51%|█████▏    | 72/140 [00:03<00:03, 22.36it/s]
 54%|█████▎    | 75/140 [00:03<00:02, 23.77it/s]
 56%|█████▌    | 78/140 [00:03<00:02, 25.19it/s]
 58%|█████▊    | 81/140 [00:03<00:02, 26.18it/s]
 60%|██████    | 84/140 [00:03<00:02, 26.74it/s]
 65%|██████▌   | 91/140 [00:03<00:01, 37.91it/s]
 71%|███████▏  | 100/140 [00:03<00:00, 52.36it/s]
 76%|███████▌  | 106/140 [00:04<00:00, 40.53it/s]
 79%|███████▉  | 111/140 [00:04<00:00, 35.22it/s]
 82%|████████▏ | 115/140 [00:04<00:00, 32.47it/s]
 85%|████████▌ | 119/140 [00:04<00:00, 30.42it/s]
 88%|████████▊ | 123/140 [00:04<00:00, 28.86it/s]
 91%|█████████ | 127/140 [00:04<00:00, 28.35it/s]
 93%|█████████▎| 130/140 [00:04<00:00, 27.64it/s]
 95%|█████████▌| 133/140 [00:05<00:00, 27.34it/s]
 97%|█████████▋| 136/140 [00:05<00:00, 26.90it/s]
 99%|█████████▉| 139/140 [00:05<00:00, 26.51it/s]
100%|██████████| 140/140 [00:05<00:00, 26.09it/s]

  0%|          | 0/139 [00:00<?, ?it/s]
  1%|          | 1/139 [00:00<02:04,  1.11it/s]
  1%|▏         | 2/139 [00:01<02:10,  1.05it/s]
  2%|▏         | 3/139 [00:02<01:17,  1.75it/s]
  3%|▎         | 4/139 [00:02<00:57,  2.37it/s]
  4%|▎         | 5/139 [00:02<00:44,  2.98it/s]
  4%|▍         | 6/139 [00:02<00:37,  3.55it/s]
  5%|▌         | 7/139 [00:04<01:30,  1.47it/s]
  6%|▌         | 8/139 [00:05<01:56,  1.12it/s]
  6%|▋         | 9/139 [00:06<01:47,  1.21it/s]
  7%|▋         | 10/139 [00:07<02:23,  1.12s/it]
  8%|▊         | 11/139 [00:08<01:46,  1.20it/s]
  9%|▊         | 12/139 [00:09<02:04,  1.02it/s]
  9%|▉         | 13/139 [00:10<02:28,  1.18s/it]
 10%|█         | 14/139 [00:11<01:52,  1.11it/s]
 11%|█         | 15/139 [00:13<02:28,  1.20s/it]
 12%|█▏        | 16/139 [00:14<02:49,  1.38s/it]
 12%|█▏        | 17/139 [00:15<02:16,  1.12s/it]
 13%|█▎        | 18/139 [00:16<02:14,  1.11s/it]
 14%|█▎        | 19/139 [00:18<02:32,  1.27s/it]
 14%|█▍        | 20/139 [00:19<02:40,  1.34s/it]
 15%|█▌        | 21/139 [00:19<02:00,  1.02s/it]
 16%|█▌        | 22/139 [00:21<02:16,  1.17s/it]
 17%|█▋        | 23/139 [00:22<02:19,  1.21s/it]
 17%|█▋        | 24/139 [00:23<02:17,  1.20s/it]
 18%|█▊        | 25/139 [00:25<02:20,  1.24s/it]
 19%|█▊        | 26/139 [00:26<02:24,  1.28s/it]
 19%|█▉        | 27/139 [00:27<02:24,  1.29s/it]
 20%|██        | 28/139 [00:29<02:47,  1.51s/it]
 21%|██        | 29/139 [00:31<02:51,  1.56s/it]
 22%|██▏       | 30/139 [00:33<03:00,  1.65s/it]
 22%|██▏       | 31/139 [00:35<02:59,  1.66s/it]
 23%|██▎       | 32/139 [00:35<02:15,  1.26s/it]
 24%|██▎       | 33/139 [00:37<02:29,  1.41s/it]
 24%|██▍       | 34/139 [00:37<01:52,  1.07s/it]
 25%|██▌       | 35/139 [00:37<01:26,  1.20it/s]
 26%|██▌       | 36/139 [00:40<02:32,  1.48s/it]
 27%|██▋       | 37/139 [00:42<02:27,  1.45s/it]
 27%|██▋       | 38/139 [00:42<01:51,  1.10s/it]
 28%|██▊       | 39/139 [00:42<01:25,  1.17it/s]
 29%|██▉       | 40/139 [00:44<01:57,  1.19s/it]
 29%|██▉       | 41/139 [00:47<02:39,  1.63s/it]
 30%|███       | 42/139 [00:47<01:56,  1.20s/it]
 31%|███       | 43/139 [00:48<01:33,  1.02it/s]
 32%|███▏      | 44/139 [00:49<01:56,  1.23s/it]
 32%|███▏      | 45/139 [00:51<02:01,  1.30s/it]
 33%|███▎      | 46/139 [00:51<01:37,  1.05s/it]
 34%|███▍      | 47/139 [00:52<01:13,  1.25it/s]
 35%|███▍      | 48/139 [00:52<00:54,  1.65it/s]
 35%|███▌      | 49/139 [00:52<00:52,  1.73it/s]
 36%|███▌      | 50/139 [00:53<00:45,  1.98it/s]
 37%|███▋      | 51/139 [00:54<00:59,  1.49it/s]
 37%|███▋      | 52/139 [00:55<01:26,  1.00it/s]
 38%|███▊      | 53/139 [00:56<01:21,  1.06it/s]
 39%|███▉      | 54/139 [00:56<01:02,  1.36it/s]
 40%|███▉      | 55/139 [00:57<01:05,  1.28it/s]
 40%|████      | 56/139 [00:58<00:50,  1.66it/s]
 41%|████      | 57/139 [00:59<01:03,  1.29it/s]
 42%|████▏     | 58/139 [00:59<00:48,  1.68it/s]
 42%|████▏     | 59/139 [01:00<00:53,  1.51it/s]
 43%|████▎     | 60/139 [01:01<01:00,  1.30it/s]
 44%|████▍     | 61/139 [01:01<00:53,  1.46it/s]
 45%|████▍     | 62/139 [01:01<00:41,  1.88it/s]
 45%|████▌     | 63/139 [01:02<00:32,  2.36it/s]
 46%|████▌     | 64/139 [01:02<00:26,  2.78it/s]
 47%|████▋     | 65/139 [01:03<00:39,  1.89it/s]
 47%|████▋     | 66/139 [01:04<00:52,  1.38it/s]
 48%|████▊     | 67/139 [01:05<01:01,  1.18it/s]
 49%|████▉     | 68/139 [01:06<01:05,  1.08it/s]
 50%|████▉     | 69/139 [01:08<01:16,  1.09s/it]
 50%|█████     | 70/139 [01:08<00:57,  1.21it/s]
 51%|█████     | 71/139 [01:08<00:43,  1.56it/s]
 52%|█████▏    | 72/139 [01:08<00:32,  2.03it/s]
 53%|█████▎    | 73/139 [01:08<00:26,  2.46it/s]
 53%|█████▎    | 74/139 [01:08<00:21,  3.09it/s]
 54%|█████▍    | 75/139 [01:10<00:39,  1.62it/s]
 55%|█████▍    | 76/139 [01:12<01:04,  1.02s/it]
 55%|█████▌    | 77/139 [01:12<00:48,  1.27it/s]
 56%|█████▌    | 78/139 [01:12<00:41,  1.46it/s]
 57%|█████▋    | 79/139 [01:13<00:33,  1.79it/s]
 58%|█████▊    | 80/139 [01:13<00:28,  2.09it/s]
 58%|█████▊    | 81/139 [01:14<00:33,  1.73it/s]
 59%|█████▉    | 82/139 [01:15<00:45,  1.25it/s]
 60%|█████▉    | 83/139 [01:17<01:03,  1.14s/it]
 60%|██████    | 84/139 [01:17<00:49,  1.10it/s]
 61%|██████    | 85/139 [01:20<01:08,  1.27s/it]
 62%|██████▏   | 86/139 [01:20<00:56,  1.06s/it]
 63%|██████▎   | 87/139 [01:20<00:40,  1.27it/s]
 63%|██████▎   | 88/139 [01:20<00:30,  1.69it/s]
 64%|██████▍   | 89/139 [01:21<00:22,  2.22it/s]
 65%|██████▍   | 90/139 [01:21<00:17,  2.83it/s]
 65%|██████▌   | 91/139 [01:21<00:13,  3.50it/s]
 66%|██████▌   | 92/139 [01:21<00:11,  4.06it/s]
 67%|██████▋   | 93/139 [01:21<00:09,  4.87it/s]
 68%|██████▊   | 94/139 [01:21<00:07,  5.65it/s]
 68%|██████▊   | 95/139 [01:21<00:06,  6.40it/s]
 69%|██████▉   | 96/139 [01:21<00:06,  7.06it/s]
 70%|██████▉   | 97/139 [01:22<00:05,  7.02it/s]
 71%|███████   | 99/139 [01:24<00:21,  1.86it/s]
 72%|███████▏  | 100/139 [01:24<00:23,  1.63it/s]
 73%|███████▎  | 101/139 [01:25<00:20,  1.82it/s]
 73%|███████▎  | 102/139 [01:25<00:17,  2.10it/s]
 74%|███████▍  | 103/139 [01:27<00:33,  1.09it/s]
 75%|███████▍  | 104/139 [01:27<00:26,  1.32it/s]
 76%|███████▌  | 105/139 [01:28<00:22,  1.51it/s]
 76%|███████▋  | 106/139 [01:28<00:18,  1.78it/s]
 77%|███████▋  | 107/139 [01:29<00:23,  1.34it/s]
 78%|███████▊  | 108/139 [01:30<00:18,  1.67it/s]
 78%|███████▊  | 109/139 [01:30<00:14,  2.12it/s]
 79%|███████▉  | 110/139 [01:30<00:13,  2.08it/s]
 80%|███████▉  | 111/139 [01:31<00:12,  2.30it/s]
 81%|████████  | 112/139 [01:31<00:10,  2.63it/s]
 81%|████████▏ | 113/139 [01:31<00:07,  3.33it/s]
 82%|████████▏ | 114/139 [01:31<00:06,  4.12it/s]
 83%|████████▎ | 115/139 [01:31<00:04,  4.92it/s]
 83%|████████▎ | 116/139 [01:31<00:04,  5.73it/s]
 84%|████████▍ | 117/139 [01:31<00:03,  6.45it/s]
 85%|████████▍ | 118/139 [01:33<00:12,  1.62it/s]
 86%|████████▌ | 119/139 [01:33<00:09,  2.03it/s]
 86%|████████▋ | 120/139 [01:34<00:08,  2.25it/s]
 87%|████████▋ | 121/139 [01:36<00:16,  1.11it/s]
 88%|████████▊ | 122/139 [01:36<00:12,  1.41it/s]
 88%|████████▊ | 123/139 [01:36<00:09,  1.69it/s]
 89%|████████▉ | 124/139 [01:38<00:12,  1.17it/s]
 90%|████████▉ | 125/139 [01:38<00:09,  1.51it/s]
 91%|█████████ | 126/139 [01:38<00:06,  1.95it/s]
 91%|█████████▏| 127/139 [01:38<00:05,  2.19it/s]
 92%|█████████▏| 128/139 [01:39<00:04,  2.24it/s]
 93%|█████████▎| 129/139 [01:39<00:03,  2.86it/s]
 94%|█████████▎| 130/139 [01:39<00:03,  2.97it/s]
 94%|█████████▍| 131/139 [01:39<00:02,  3.45it/s]
 95%|█████████▍| 132/139 [01:40<00:02,  3.49it/s]
 96%|█████████▌| 133/139 [01:40<00:01,  3.95it/s]
 96%|█████████▋| 134/139 [01:40<00:01,  3.98it/s]
 97%|█████████▋| 135/139 [01:40<00:01,  3.85it/s]
 98%|█████████▊| 136/139 [01:40<00:00,  4.54it/s]
 99%|█████████▊| 137/139 [01:41<00:00,  4.27it/s]
 99%|█████████▉| 138/139 [01:41<00:00,  4.27it/s]
100%|██████████| 139/139 [01:41<00:00,  4.09it/s]
100%|██████████| 139/139 [01:41<00:00,  1.37it/s]
overall time: 1 minute 48.07 seconds
