Running command: python scripts/history_sampling.py -n 1000 --csv --seed 16873 -a expectation_uniform -m tseitin data/histories_unified/soletta
data/histories_unified/soletta
1000 samples
method: tseitin
seed: 16873
Computing model count of each file:
Processing pairs
Total samples: 131000
Unique samples: 63529 (-51.50%)
wrote results to output/soletta_seed16873_expectation_uniform_tseitin_spur_1000.csv

  0%|          | 0/132 [00:00<?, ?it/s]
 11%|█▏        | 15/132 [00:00<00:00, 143.35it/s]
 23%|██▎       | 30/132 [00:00<00:00, 111.40it/s]
 32%|███▏      | 42/132 [00:00<00:01, 89.24it/s] 
 39%|███▉      | 52/132 [00:00<00:00, 80.20it/s]
 46%|████▌     | 61/132 [00:00<00:00, 72.88it/s]
 52%|█████▏    | 69/132 [00:00<00:00, 68.45it/s]
 58%|█████▊    | 76/132 [00:00<00:00, 64.73it/s]
 63%|██████▎   | 83/132 [00:01<00:00, 62.14it/s]
 68%|██████▊   | 90/132 [00:01<00:00, 58.89it/s]
 73%|███████▎  | 96/132 [00:01<00:00, 57.06it/s]
 77%|███████▋  | 102/132 [00:01<00:00, 55.20it/s]
 82%|████████▏ | 108/132 [00:01<00:00, 53.48it/s]
 86%|████████▋ | 114/132 [00:01<00:00, 48.58it/s]
 90%|█████████ | 119/132 [00:01<00:00, 44.81it/s]
 94%|█████████▍| 124/132 [00:02<00:00, 41.83it/s]
 98%|█████████▊| 129/132 [00:02<00:00, 39.35it/s]
100%|██████████| 132/132 [00:02<00:00, 57.89it/s]

  0%|          | 0/131 [00:00<?, ?it/s]
  1%|          | 1/131 [00:00<00:26,  4.91it/s]
  2%|▏         | 2/131 [00:00<00:25,  5.10it/s]
  3%|▎         | 4/131 [00:00<00:18,  6.72it/s]
  4%|▍         | 5/131 [00:00<00:18,  6.90it/s]
  5%|▌         | 7/131 [00:01<00:16,  7.41it/s]
  7%|▋         | 9/131 [00:01<00:15,  7.72it/s]
  8%|▊         | 10/131 [00:01<00:17,  6.96it/s]
  8%|▊         | 11/131 [00:01<00:18,  6.53it/s]
  9%|▉         | 12/131 [00:01<00:19,  6.21it/s]
 10%|▉         | 13/131 [00:01<00:19,  6.10it/s]
 11%|█         | 14/131 [00:02<00:19,  5.87it/s]
 11%|█▏        | 15/131 [00:02<00:20,  5.69it/s]
 12%|█▏        | 16/131 [00:02<00:18,  6.13it/s]
 13%|█▎        | 17/131 [00:02<00:19,  5.84it/s]
 14%|█▎        | 18/131 [00:02<00:17,  6.47it/s]
 15%|█▌        | 20/131 [00:03<00:18,  6.01it/s]
 17%|█▋        | 22/131 [00:03<00:21,  5.02it/s]
 18%|█▊        | 23/131 [00:03<00:22,  4.81it/s]
 18%|█▊        | 24/131 [00:04<00:24,  4.41it/s]
 19%|█▉        | 25/131 [00:04<00:28,  3.70it/s]
 20%|█▉        | 26/131 [00:05<00:35,  2.97it/s]
 21%|██        | 27/131 [00:05<00:28,  3.63it/s]
 21%|██▏       | 28/131 [00:05<00:42,  2.43it/s]
 22%|██▏       | 29/131 [00:06<00:48,  2.09it/s]
 23%|██▎       | 30/131 [00:07<00:56,  1.79it/s]
 24%|██▎       | 31/131 [00:08<00:58,  1.70it/s]
 24%|██▍       | 32/131 [00:08<00:56,  1.74it/s]
 25%|██▌       | 33/131 [00:09<01:01,  1.60it/s]
 26%|██▌       | 34/131 [00:09<01:00,  1.60it/s]
 27%|██▋       | 35/131 [00:10<00:47,  2.01it/s]
 27%|██▋       | 36/131 [00:10<00:49,  1.90it/s]
 28%|██▊       | 37/131 [00:10<00:37,  2.50it/s]
 29%|██▉       | 38/131 [00:11<00:36,  2.56it/s]
 30%|██▉       | 39/131 [00:11<00:33,  2.75it/s]
 31%|███       | 40/131 [00:11<00:25,  3.50it/s]
 31%|███▏      | 41/131 [00:11<00:25,  3.55it/s]
 32%|███▏      | 42/131 [00:12<00:34,  2.56it/s]
 33%|███▎      | 43/131 [00:13<00:47,  1.84it/s]
 34%|███▎      | 44/131 [00:13<00:36,  2.39it/s]
 34%|███▍      | 45/131 [00:14<00:53,  1.61it/s]
 35%|███▌      | 46/131 [00:15<01:08,  1.24it/s]
 36%|███▌      | 47/131 [00:16<01:15,  1.12it/s]
 37%|███▋      | 48/131 [00:18<01:33,  1.12s/it]
 37%|███▋      | 49/131 [00:19<01:34,  1.16s/it]
 38%|███▊      | 50/131 [00:22<01:57,  1.45s/it]
 39%|███▉      | 51/131 [00:23<01:49,  1.37s/it]
 40%|███▉      | 52/131 [00:24<01:42,  1.30s/it]
 40%|████      | 53/131 [00:25<01:29,  1.15s/it]
 41%|████      | 54/131 [00:26<01:40,  1.31s/it]
 42%|████▏     | 55/131 [00:28<01:40,  1.32s/it]
 43%|████▎     | 56/131 [00:29<01:38,  1.31s/it]
 44%|████▎     | 57/131 [00:29<01:14,  1.00s/it]
 44%|████▍     | 58/131 [00:29<00:54,  1.33it/s]
 45%|████▌     | 59/131 [00:30<00:43,  1.66it/s]
 46%|████▌     | 60/131 [00:31<01:00,  1.17it/s]
 47%|████▋     | 61/131 [00:31<00:44,  1.56it/s]
 47%|████▋     | 62/131 [00:32<00:50,  1.35it/s]
 48%|████▊     | 63/131 [00:34<01:09,  1.02s/it]
 49%|████▉     | 64/131 [00:34<00:59,  1.13it/s]
 50%|████▉     | 65/131 [00:35<00:43,  1.50it/s]
 50%|█████     | 66/131 [00:35<00:32,  1.97it/s]
 51%|█████     | 67/131 [00:36<00:42,  1.50it/s]
 52%|█████▏    | 68/131 [00:37<00:52,  1.19it/s]
 53%|█████▎    | 69/131 [00:37<00:38,  1.60it/s]
 53%|█████▎    | 70/131 [00:37<00:29,  2.10it/s]
 54%|█████▍    | 71/131 [00:39<00:45,  1.33it/s]
 55%|█████▍    | 72/131 [00:39<00:42,  1.38it/s]
 56%|█████▌    | 73/131 [00:41<00:50,  1.15it/s]
 56%|█████▋    | 74/131 [00:41<00:37,  1.53it/s]
 57%|█████▋    | 75/131 [00:42<00:48,  1.15it/s]
 58%|█████▊    | 76/131 [00:43<00:55,  1.00s/it]
 59%|█████▉    | 77/131 [00:45<01:01,  1.14s/it]
 60%|█████▉    | 78/131 [00:45<00:44,  1.19it/s]
 60%|██████    | 79/131 [00:45<00:32,  1.59it/s]
 61%|██████    | 80/131 [00:45<00:24,  2.09it/s]
 62%|██████▏   | 81/131 [00:48<00:59,  1.18s/it]
 63%|██████▎   | 82/131 [00:51<01:18,  1.60s/it]
 63%|██████▎   | 83/131 [00:52<01:17,  1.62s/it]
 64%|██████▍   | 84/131 [00:53<00:56,  1.20s/it]
 65%|██████▍   | 85/131 [00:55<01:07,  1.47s/it]
 66%|██████▌   | 86/131 [00:55<00:48,  1.08s/it]
 66%|██████▋   | 87/131 [00:57<01:07,  1.53s/it]
 67%|██████▋   | 88/131 [01:00<01:15,  1.75s/it]
 68%|██████▊   | 89/131 [01:00<00:53,  1.27s/it]
 69%|██████▊   | 90/131 [01:01<00:53,  1.30s/it]
 69%|██████▉   | 91/131 [01:01<00:37,  1.05it/s]
 70%|███████   | 92/131 [01:01<00:27,  1.40it/s]
 71%|███████   | 93/131 [01:02<00:20,  1.85it/s]
 72%|███████▏  | 94/131 [01:03<00:24,  1.51it/s]
 73%|███████▎  | 95/131 [01:03<00:18,  1.96it/s]
 73%|███████▎  | 96/131 [01:05<00:32,  1.09it/s]
 74%|███████▍  | 97/131 [01:07<00:47,  1.40s/it]
 75%|███████▍  | 98/131 [01:08<00:44,  1.35s/it]
 76%|███████▌  | 99/131 [01:11<00:57,  1.79s/it]
 76%|███████▋  | 100/131 [01:16<01:24,  2.73s/it]
 77%|███████▋  | 101/131 [01:16<00:58,  1.96s/it]
 78%|███████▊  | 102/131 [01:20<01:09,  2.39s/it]
 79%|███████▊  | 103/131 [01:22<01:03,  2.26s/it]
 79%|███████▉  | 104/131 [01:23<00:54,  2.03s/it]
 80%|████████  | 105/131 [01:26<01:00,  2.32s/it]
 81%|████████  | 106/131 [01:26<00:41,  1.67s/it]
 82%|████████▏ | 107/131 [01:26<00:29,  1.23s/it]
 82%|████████▏ | 108/131 [01:27<00:21,  1.09it/s]
 83%|████████▎ | 109/131 [01:31<00:40,  1.86s/it]
 84%|████████▍ | 110/131 [01:38<01:10,  3.38s/it]
 85%|████████▍ | 111/131 [01:44<01:24,  4.23s/it]
 85%|████████▌ | 112/131 [01:44<00:57,  3.01s/it]
 86%|████████▋ | 113/131 [01:49<01:05,  3.62s/it]
 87%|████████▋ | 114/131 [01:54<01:09,  4.10s/it]
 88%|████████▊ | 115/131 [01:59<01:09,  4.37s/it]
 89%|████████▊ | 116/131 [02:04<01:07,  4.48s/it]
 89%|████████▉ | 117/131 [02:12<01:19,  5.66s/it]
 90%|█████████ | 118/131 [02:20<01:23,  6.39s/it]
 91%|█████████ | 119/131 [02:26<01:13,  6.15s/it]
 92%|█████████▏| 120/131 [02:30<01:01,  5.59s/it]
 92%|█████████▏| 121/131 [02:31<00:39,  3.97s/it]
 93%|█████████▎| 122/131 [02:31<00:25,  2.84s/it]
 94%|█████████▍| 123/131 [02:31<00:16,  2.09s/it]
 95%|█████████▍| 124/131 [02:31<00:10,  1.51s/it]
 95%|█████████▌| 125/131 [02:39<00:20,  3.48s/it]
 96%|█████████▌| 126/131 [02:40<00:12,  2.56s/it]
 97%|█████████▋| 127/131 [02:46<00:14,  3.61s/it]
 98%|█████████▊| 128/131 [02:53<00:13,  4.62s/it]
 98%|█████████▊| 129/131 [02:57<00:09,  4.55s/it]
 99%|█████████▉| 130/131 [03:02<00:04,  4.71s/it]
100%|██████████| 131/131 [03:10<00:00,  5.67s/it]
100%|██████████| 131/131 [03:10<00:00,  1.46s/it]
overall time: 3 minutes 14.05 seconds
