Running command: python scripts/history_sampling.py -n 1000 --csv --seed 16873 -a expectation_uniform -m tseitin data/histories_unified/Fiasco
data/histories_unified/Fiasco
1000 samples
method: tseitin
seed: 16873
Computing model count of each file:
Processing pairs
Total samples: 30000
Unique samples: 9068 (-69.77%)
wrote results to output/Fiasco_seed16873_expectation_uniform_tseitin_spur_1000.csv

  0%|          | 0/31 [00:00<?, ?it/s]
  6%|▋         | 2/31 [00:00<00:01, 15.42it/s]
 13%|█▎        | 4/31 [00:00<00:01, 15.45it/s]
 19%|█▉        | 6/31 [00:00<00:01, 15.07it/s]
 26%|██▌       | 8/31 [00:00<00:01, 14.76it/s]
 32%|███▏      | 10/31 [00:00<00:01, 13.69it/s]
 39%|███▊      | 12/31 [00:00<00:01, 12.88it/s]
 45%|████▌     | 14/31 [00:01<00:01, 12.31it/s]
 52%|█████▏    | 16/31 [00:01<00:01, 12.23it/s]
 58%|█████▊    | 18/31 [00:01<00:01, 12.00it/s]
 65%|██████▍   | 20/31 [00:01<00:00, 12.01it/s]
 71%|███████   | 22/31 [00:01<00:00, 11.92it/s]
 77%|███████▋  | 24/31 [00:01<00:00, 11.74it/s]
 84%|████████▍ | 26/31 [00:02<00:00, 11.13it/s]
 90%|█████████ | 28/31 [00:02<00:00, 10.68it/s]
 97%|█████████▋| 30/31 [00:02<00:00, 10.06it/s]
100%|██████████| 31/31 [00:02<00:00, 11.71it/s]

  0%|          | 0/30 [00:00<?, ?it/s]
  3%|▎         | 1/30 [00:00<00:04,  6.56it/s]
  7%|▋         | 2/30 [00:00<00:04,  6.61it/s]
 10%|█         | 3/30 [00:00<00:06,  3.91it/s]
 13%|█▎        | 4/30 [00:00<00:06,  4.25it/s]
 17%|█▋        | 5/30 [00:01<00:07,  3.20it/s]
 20%|██        | 6/30 [00:01<00:08,  2.84it/s]
 23%|██▎       | 7/30 [00:02<00:07,  3.12it/s]
 27%|██▋       | 8/30 [00:02<00:06,  3.57it/s]
 30%|███       | 9/30 [00:02<00:06,  3.31it/s]
 33%|███▎      | 10/30 [00:02<00:05,  3.52it/s]
 37%|███▋      | 11/30 [00:03<00:06,  3.06it/s]
 40%|████      | 12/30 [00:03<00:05,  3.13it/s]
 43%|████▎     | 13/30 [00:04<00:06,  2.52it/s]
 47%|████▋     | 14/30 [00:04<00:08,  1.97it/s]
 50%|█████     | 15/30 [00:05<00:08,  1.86it/s]
 53%|█████▎    | 16/30 [00:06<00:09,  1.54it/s]
 57%|█████▋    | 17/30 [00:06<00:07,  1.81it/s]
 60%|██████    | 18/30 [00:06<00:05,  2.23it/s]
 63%|██████▎   | 19/30 [00:07<00:04,  2.37it/s]
 67%|██████▋   | 20/30 [00:07<00:03,  2.76it/s]
 70%|███████   | 21/30 [00:07<00:02,  3.25it/s]
 73%|███████▎  | 22/30 [00:07<00:02,  3.30it/s]
 77%|███████▋  | 23/30 [00:08<00:02,  2.53it/s]
 80%|████████  | 24/30 [00:09<00:03,  1.99it/s]
 83%|████████▎ | 25/30 [00:09<00:02,  1.86it/s]
 87%|████████▋ | 26/30 [00:10<00:01,  2.04it/s]
 90%|█████████ | 27/30 [00:10<00:01,  2.33it/s]
 93%|█████████▎| 28/30 [00:10<00:00,  2.53it/s]
 97%|█████████▋| 29/30 [00:11<00:00,  2.88it/s]
100%|██████████| 30/30 [00:11<00:00,  3.13it/s]
100%|██████████| 30/30 [00:11<00:00,  2.62it/s]
overall time: 14.49 seconds
