Running command: python scripts/history_sampling.py -n 1000 --csv --seed 16873 -a uniform -m tseitin data/histories_unified/BusyBox
data/histories_unified/BusyBox
1000 samples
method: tseitin
seed: 16873
Computing model count of each file:
Processing pairs
Total samples: 247000
Unique samples: 99262 (-59.81%)
wrote results to output/BusyBox_seed16873_uniform_tseitin_spur_1000.csv

  0%|          | 0/248 [00:00<?, ?it/s]
  1%|          | 2/248 [00:00<00:15, 16.15it/s]
  2%|▏         | 4/248 [00:00<00:15, 15.79it/s]
  2%|▏         | 6/248 [00:00<00:15, 15.41it/s]
  3%|▎         | 8/248 [00:00<00:15, 15.01it/s]
  4%|▍         | 10/248 [00:00<00:15, 14.99it/s]
  5%|▍         | 12/248 [00:00<00:16, 14.71it/s]
  6%|▌         | 14/248 [00:00<00:16, 14.56it/s]
  6%|▋         | 16/248 [00:01<00:16, 14.37it/s]
  7%|▋         | 18/248 [00:01<00:15, 14.42it/s]
  8%|▊         | 20/248 [00:01<00:15, 14.42it/s]
  9%|▉         | 22/248 [00:01<00:15, 14.35it/s]
 10%|▉         | 24/248 [00:01<00:15, 14.34it/s]
 10%|█         | 26/248 [00:01<00:15, 14.06it/s]
 11%|█▏        | 28/248 [00:01<00:15, 13.82it/s]
 12%|█▏        | 30/248 [00:02<00:15, 13.80it/s]
 13%|█▎        | 32/248 [00:02<00:15, 13.64it/s]
 14%|█▎        | 34/248 [00:02<00:15, 13.43it/s]
 15%|█▍        | 36/248 [00:02<00:16, 13.24it/s]
 15%|█▌        | 38/248 [00:02<00:15, 13.28it/s]
 16%|█▌        | 40/248 [00:02<00:15, 13.40it/s]
 17%|█▋        | 42/248 [00:02<00:15, 13.17it/s]
 18%|█▊        | 44/248 [00:03<00:15, 13.03it/s]
 19%|█▊        | 46/248 [00:03<00:15, 13.08it/s]
 19%|█▉        | 48/248 [00:03<00:15, 12.85it/s]
 20%|██        | 50/248 [00:03<00:15, 12.73it/s]
 21%|██        | 52/248 [00:03<00:15, 12.79it/s]
 22%|██▏       | 54/248 [00:03<00:14, 13.02it/s]
 23%|██▎       | 56/248 [00:04<00:14, 12.94it/s]
 23%|██▎       | 58/248 [00:04<00:14, 12.82it/s]
 24%|██▍       | 60/248 [00:04<00:14, 12.65it/s]
 25%|██▌       | 62/248 [00:04<00:14, 12.76it/s]
 26%|██▌       | 64/248 [00:04<00:14, 12.76it/s]
 27%|██▋       | 66/248 [00:04<00:14, 12.40it/s]
 27%|██▋       | 68/248 [00:05<00:14, 12.37it/s]
 28%|██▊       | 70/248 [00:05<00:14, 12.12it/s]
 29%|██▉       | 72/248 [00:05<00:14, 11.95it/s]
 30%|██▉       | 74/248 [00:05<00:14, 11.75it/s]
 31%|███       | 76/248 [00:05<00:15, 11.42it/s]
 31%|███▏      | 78/248 [00:05<00:15, 10.90it/s]
 32%|███▏      | 80/248 [00:06<00:15, 10.60it/s]
 33%|███▎      | 82/248 [00:06<00:15, 10.58it/s]
 34%|███▍      | 84/248 [00:06<00:16, 10.21it/s]
 35%|███▍      | 86/248 [00:06<00:16,  9.93it/s]
 35%|███▌      | 87/248 [00:06<00:16,  9.88it/s]
 35%|███▌      | 88/248 [00:06<00:16,  9.79it/s]
 36%|███▌      | 89/248 [00:07<00:16,  9.77it/s]
 36%|███▋      | 90/248 [00:07<00:16,  9.75it/s]
 37%|███▋      | 91/248 [00:07<00:16,  9.79it/s]
 38%|███▊      | 93/248 [00:07<00:15, 10.15it/s]
 38%|███▊      | 95/248 [00:07<00:15, 10.05it/s]
 39%|███▉      | 97/248 [00:07<00:15,  9.99it/s]
 40%|███▉      | 99/248 [00:08<00:14, 10.03it/s]
 41%|████      | 101/248 [00:08<00:14, 10.33it/s]
 42%|████▏     | 103/248 [00:08<00:14, 10.23it/s]
 42%|████▏     | 105/248 [00:08<00:13, 10.23it/s]
 43%|████▎     | 107/248 [00:08<00:13, 10.13it/s]
 44%|████▍     | 109/248 [00:09<00:13, 10.27it/s]
 45%|████▍     | 111/248 [00:09<00:13, 10.15it/s]
 46%|████▌     | 113/248 [00:09<00:13, 10.03it/s]
 46%|████▋     | 115/248 [00:09<00:13,  9.98it/s]
 47%|████▋     | 116/248 [00:09<00:13,  9.91it/s]
 48%|████▊     | 118/248 [00:09<00:13,  9.95it/s]
 48%|████▊     | 119/248 [00:10<00:13,  9.86it/s]
 48%|████▊     | 120/248 [00:10<00:13,  9.83it/s]
 49%|████▉     | 121/248 [00:10<00:12,  9.79it/s]
 49%|████▉     | 122/248 [00:10<00:13,  9.64it/s]
 50%|████▉     | 123/248 [00:10<00:13,  9.61it/s]
 50%|█████     | 125/248 [00:10<00:12,  9.76it/s]
 51%|█████     | 127/248 [00:10<00:12,  9.81it/s]
 52%|█████▏    | 129/248 [00:11<00:12,  9.82it/s]
 52%|█████▏    | 130/248 [00:11<00:12,  9.80it/s]
 53%|█████▎    | 132/248 [00:11<00:11, 10.01it/s]
 54%|█████▎    | 133/248 [00:11<00:11,  9.93it/s]
 54%|█████▍    | 134/248 [00:11<00:11,  9.86it/s]
 54%|█████▍    | 135/248 [00:11<00:11,  9.82it/s]
 55%|█████▍    | 136/248 [00:11<00:11,  9.79it/s]
 55%|█████▌    | 137/248 [00:11<00:11,  9.73it/s]
 56%|█████▌    | 138/248 [00:12<00:11,  9.75it/s]
 56%|█████▌    | 139/248 [00:12<00:11,  9.73it/s]
 56%|█████▋    | 140/248 [00:12<00:11,  9.62it/s]
 57%|█████▋    | 141/248 [00:12<00:11,  9.58it/s]
 57%|█████▋    | 142/248 [00:12<00:11,  9.56it/s]
 58%|█████▊    | 143/248 [00:12<00:11,  9.41it/s]
 58%|█████▊    | 144/248 [00:12<00:11,  9.39it/s]
 58%|█████▊    | 145/248 [00:12<00:10,  9.40it/s]
 59%|█████▉    | 146/248 [00:12<00:10,  9.34it/s]
 59%|█████▉    | 147/248 [00:12<00:10,  9.43it/s]
 60%|█████▉    | 148/248 [00:13<00:10,  9.36it/s]
 60%|██████    | 149/248 [00:13<00:10,  9.32it/s]
 60%|██████    | 150/248 [00:13<00:10,  9.29it/s]
 61%|██████    | 151/248 [00:13<00:10,  9.31it/s]
 61%|██████▏   | 152/248 [00:13<00:10,  9.28it/s]
 62%|██████▏   | 153/248 [00:13<00:10,  9.19it/s]
 62%|██████▏   | 154/248 [00:13<00:10,  9.36it/s]
 62%|██████▎   | 155/248 [00:13<00:10,  9.18it/s]
 63%|██████▎   | 156/248 [00:13<00:10,  9.06it/s]
 63%|██████▎   | 157/248 [00:14<00:10,  9.08it/s]
 64%|██████▎   | 158/248 [00:14<00:09,  9.06it/s]
 64%|██████▍   | 159/248 [00:14<00:09,  8.90it/s]
 65%|██████▍   | 160/248 [00:14<00:09,  8.92it/s]
 65%|██████▍   | 161/248 [00:14<00:09,  8.92it/s]
 65%|██████▌   | 162/248 [00:14<00:09,  8.81it/s]
 66%|██████▌   | 163/248 [00:14<00:09,  8.97it/s]
 66%|██████▌   | 164/248 [00:14<00:09,  9.21it/s]
 67%|██████▋   | 165/248 [00:14<00:08,  9.35it/s]
 67%|██████▋   | 167/248 [00:15<00:08,  9.43it/s]
 68%|██████▊   | 168/248 [00:15<00:08,  9.49it/s]
 68%|██████▊   | 169/248 [00:15<00:08,  9.61it/s]
 69%|██████▊   | 170/248 [00:15<00:08,  9.40it/s]
 69%|██████▉   | 171/248 [00:15<00:08,  9.24it/s]
 69%|██████▉   | 172/248 [00:15<00:08,  9.23it/s]
 70%|██████▉   | 173/248 [00:15<00:07,  9.40it/s]
 70%|███████   | 174/248 [00:15<00:08,  9.24it/s]
 71%|███████   | 175/248 [00:16<00:07,  9.14it/s]
 71%|███████   | 176/248 [00:16<00:07,  9.31it/s]
 71%|███████▏  | 177/248 [00:16<00:07,  9.09it/s]
 72%|███████▏  | 178/248 [00:16<00:07,  8.98it/s]
 72%|███████▏  | 179/248 [00:16<00:07,  9.06it/s]
 73%|███████▎  | 180/248 [00:16<00:07,  8.88it/s]
 73%|███████▎  | 181/248 [00:16<00:07,  9.05it/s]
 73%|███████▎  | 182/248 [00:16<00:07,  8.87it/s]
 74%|███████▍  | 183/248 [00:16<00:07,  8.77it/s]
 74%|███████▍  | 184/248 [00:17<00:07,  8.95it/s]
 75%|███████▍  | 185/248 [00:17<00:07,  8.77it/s]
 75%|███████▌  | 186/248 [00:17<00:07,  8.73it/s]
 75%|███████▌  | 187/248 [00:17<00:07,  8.67it/s]
 76%|███████▌  | 188/248 [00:17<00:06,  8.59it/s]
 76%|███████▌  | 189/248 [00:17<00:06,  8.55it/s]
 77%|███████▋  | 190/248 [00:17<00:06,  8.79it/s]
 77%|███████▋  | 191/248 [00:17<00:06,  8.93it/s]
 77%|███████▋  | 192/248 [00:17<00:06,  9.10it/s]
 78%|███████▊  | 193/248 [00:18<00:06,  8.88it/s]
 78%|███████▊  | 194/248 [00:18<00:06,  8.70it/s]
 79%|███████▊  | 195/248 [00:18<00:06,  8.60it/s]
 79%|███████▉  | 196/248 [00:18<00:05,  8.79it/s]
 79%|███████▉  | 197/248 [00:18<00:05,  8.89it/s]
 80%|███████▉  | 198/248 [00:18<00:05,  8.69it/s]
 80%|████████  | 199/248 [00:18<00:05,  8.57it/s]
 81%|████████  | 200/248 [00:18<00:05,  8.45it/s]
 81%|████████  | 201/248 [00:18<00:05,  8.68it/s]
 81%|████████▏ | 202/248 [00:19<00:05,  8.54it/s]
 82%|████████▏ | 203/248 [00:19<00:05,  8.38it/s]
 82%|████████▏ | 204/248 [00:19<00:05,  8.34it/s]
 83%|████████▎ | 205/248 [00:19<00:05,  8.52it/s]
 83%|████████▎ | 206/248 [00:19<00:05,  8.38it/s]
 83%|████████▎ | 207/248 [00:19<00:04,  8.55it/s]
 84%|████████▍ | 208/248 [00:19<00:04,  8.38it/s]
 84%|████████▍ | 209/248 [00:19<00:04,  8.26it/s]
 85%|████████▍ | 210/248 [00:20<00:04,  8.24it/s]
 85%|████████▌ | 211/248 [00:20<00:04,  8.21it/s]
 85%|████████▌ | 212/248 [00:20<00:04,  8.15it/s]
 86%|████████▌ | 213/248 [00:20<00:04,  8.12it/s]
 86%|████████▋ | 214/248 [00:20<00:04,  8.36it/s]
 87%|████████▋ | 215/248 [00:20<00:03,  8.49it/s]
 87%|████████▋ | 216/248 [00:20<00:03,  8.35it/s]
 88%|████████▊ | 217/248 [00:20<00:03,  8.25it/s]
 88%|████████▊ | 218/248 [00:21<00:03,  8.41it/s]
 88%|████████▊ | 219/248 [00:21<00:03,  8.26it/s]
 89%|████████▊ | 220/248 [00:21<00:03,  8.21it/s]
 89%|████████▉ | 221/248 [00:21<00:03,  8.24it/s]
 90%|████████▉ | 222/248 [00:21<00:03,  8.18it/s]
 90%|████████▉ | 223/248 [00:21<00:03,  8.08it/s]
 90%|█████████ | 224/248 [00:21<00:03,  7.99it/s]
 91%|█████████ | 225/248 [00:21<00:02,  8.11it/s]
 91%|█████████ | 226/248 [00:22<00:02,  8.00it/s]
 92%|█████████▏| 227/248 [00:22<00:02,  8.25it/s]
 92%|█████████▏| 228/248 [00:22<00:02,  8.43it/s]
 92%|█████████▏| 229/248 [00:22<00:02,  8.26it/s]
 93%|█████████▎| 230/248 [00:22<00:02,  8.15it/s]
 93%|█████████▎| 231/248 [00:22<00:02,  8.08it/s]
 94%|█████████▎| 232/248 [00:22<00:01,  8.23it/s]
 94%|█████████▍| 233/248 [00:22<00:01,  8.34it/s]
 94%|█████████▍| 234/248 [00:22<00:01,  8.19it/s]
 95%|█████████▍| 235/248 [00:23<00:01,  8.02it/s]
 95%|█████████▌| 236/248 [00:23<00:01,  7.96it/s]
 96%|█████████▌| 237/248 [00:23<00:01,  7.91it/s]
 96%|█████████▌| 238/248 [00:23<00:01,  7.79it/s]
 96%|█████████▋| 239/248 [00:23<00:01,  7.82it/s]
 97%|█████████▋| 240/248 [00:23<00:00,  8.01it/s]
 97%|█████████▋| 241/248 [00:23<00:00,  8.10it/s]
 98%|█████████▊| 242/248 [00:24<00:00,  7.99it/s]
 98%|█████████▊| 243/248 [00:24<00:00,  7.84it/s]
 98%|█████████▊| 244/248 [00:24<00:00,  7.77it/s]
 99%|█████████▉| 245/248 [00:24<00:00,  7.98it/s]
 99%|█████████▉| 246/248 [00:24<00:00,  7.83it/s]
100%|█████████▉| 247/248 [00:24<00:00,  7.77it/s]
100%|██████████| 248/248 [00:24<00:00,  7.97it/s]
100%|██████████| 248/248 [00:24<00:00, 10.01it/s]

  0%|          | 0/247 [00:00<?, ?it/s]
  0%|          | 1/247 [00:00<01:42,  2.40it/s]
  1%|          | 2/247 [00:00<01:00,  4.05it/s]
  1%|          | 3/247 [00:01<01:54,  2.14it/s]
  2%|▏         | 4/247 [00:01<02:08,  1.89it/s]
  2%|▏         | 5/247 [00:02<02:34,  1.57it/s]
  2%|▏         | 6/247 [00:03<02:15,  1.77it/s]
  3%|▎         | 7/247 [00:03<02:06,  1.89it/s]
  3%|▎         | 8/247 [00:03<01:49,  2.19it/s]
  4%|▎         | 9/247 [00:04<01:53,  2.10it/s]
  4%|▍         | 10/247 [00:05<02:03,  1.92it/s]
  4%|▍         | 11/247 [00:05<02:23,  1.64it/s]
  5%|▍         | 12/247 [00:06<01:50,  2.12it/s]
  5%|▌         | 13/247 [00:06<01:27,  2.67it/s]
  6%|▌         | 14/247 [00:06<01:11,  3.27it/s]
  6%|▌         | 15/247 [00:06<01:00,  3.82it/s]
  6%|▋         | 16/247 [00:07<01:23,  2.75it/s]
  7%|▋         | 17/247 [00:07<01:09,  3.30it/s]
  7%|▋         | 18/247 [00:07<01:30,  2.52it/s]
  8%|▊         | 19/247 [00:08<01:40,  2.27it/s]
  8%|▊         | 20/247 [00:08<01:20,  2.81it/s]
  9%|▊         | 21/247 [00:09<01:53,  2.00it/s]
  9%|▉         | 22/247 [00:09<01:30,  2.50it/s]
  9%|▉         | 23/247 [00:10<01:55,  1.93it/s]
 10%|▉         | 24/247 [00:10<01:31,  2.43it/s]
 10%|█         | 25/247 [00:11<01:43,  2.14it/s]
 11%|█         | 26/247 [00:12<02:12,  1.67it/s]
 11%|█         | 27/247 [00:12<01:54,  1.93it/s]
 11%|█▏        | 28/247 [00:12<02:00,  1.82it/s]
 12%|█▏        | 29/247 [00:13<01:59,  1.82it/s]
 12%|█▏        | 30/247 [00:14<02:02,  1.77it/s]
 13%|█▎        | 31/247 [00:14<01:42,  2.10it/s]
 13%|█▎        | 32/247 [00:15<01:52,  1.92it/s]
 13%|█▎        | 33/247 [00:15<01:58,  1.81it/s]
 14%|█▍        | 34/247 [00:15<01:33,  2.29it/s]
 14%|█▍        | 35/247 [00:16<01:46,  2.00it/s]
 15%|█▍        | 36/247 [00:16<01:24,  2.51it/s]
 15%|█▍        | 37/247 [00:16<01:18,  2.68it/s]
 15%|█▌        | 38/247 [00:17<01:27,  2.39it/s]
 16%|█▌        | 39/247 [00:17<01:25,  2.44it/s]
 16%|█▌        | 40/247 [00:18<01:09,  3.00it/s]
 17%|█▋        | 41/247 [00:18<01:37,  2.11it/s]
 17%|█▋        | 42/247 [00:19<01:54,  1.79it/s]
 17%|█▋        | 43/247 [00:19<01:30,  2.26it/s]
 18%|█▊        | 44/247 [00:20<01:49,  1.86it/s]
 18%|█▊        | 45/247 [00:21<01:58,  1.71it/s]
 19%|█▊        | 46/247 [00:21<02:03,  1.63it/s]
 19%|█▉        | 47/247 [00:22<02:26,  1.37it/s]
 19%|█▉        | 48/247 [00:23<02:22,  1.40it/s]
 20%|█▉        | 49/247 [00:24<02:27,  1.35it/s]
 20%|██        | 50/247 [00:24<01:58,  1.66it/s]
 21%|██        | 51/247 [00:24<01:36,  2.02it/s]
 21%|██        | 52/247 [00:25<01:51,  1.75it/s]
 21%|██▏       | 53/247 [00:26<02:27,  1.32it/s]
 22%|██▏       | 54/247 [00:27<02:48,  1.15it/s]
 22%|██▏       | 55/247 [00:28<02:47,  1.15it/s]
 23%|██▎       | 56/247 [00:29<02:32,  1.25it/s]
 23%|██▎       | 57/247 [00:30<02:21,  1.34it/s]
 23%|██▎       | 58/247 [00:31<02:34,  1.22it/s]
 24%|██▍       | 59/247 [00:31<01:56,  1.61it/s]
 24%|██▍       | 60/247 [00:31<01:31,  2.05it/s]
 25%|██▍       | 61/247 [00:31<01:12,  2.56it/s]
 25%|██▌       | 62/247 [00:32<01:40,  1.83it/s]
 26%|██▌       | 63/247 [00:32<01:31,  2.01it/s]
 26%|██▌       | 64/247 [00:33<01:54,  1.60it/s]
 26%|██▋       | 65/247 [00:34<01:55,  1.58it/s]
 27%|██▋       | 66/247 [00:35<02:05,  1.44it/s]
 27%|██▋       | 67/247 [00:36<02:20,  1.28it/s]
 28%|██▊       | 68/247 [00:37<02:38,  1.13it/s]
 28%|██▊       | 69/247 [00:37<01:59,  1.49it/s]
 28%|██▊       | 70/247 [00:37<01:32,  1.92it/s]
 29%|██▊       | 71/247 [00:37<01:13,  2.39it/s]
 29%|██▉       | 72/247 [00:38<01:42,  1.70it/s]
 30%|██▉       | 73/247 [00:39<02:04,  1.40it/s]
 30%|██▉       | 74/247 [00:40<02:07,  1.36it/s]
 30%|███       | 75/247 [00:41<02:29,  1.15it/s]
 31%|███       | 76/247 [00:42<01:54,  1.49it/s]
 31%|███       | 77/247 [00:42<02:02,  1.39it/s]
 32%|███▏      | 78/247 [00:44<02:25,  1.17it/s]
 32%|███▏      | 79/247 [00:44<02:24,  1.17it/s]
 32%|███▏      | 80/247 [00:46<02:41,  1.04it/s]
 33%|███▎      | 81/247 [00:46<02:02,  1.36it/s]
 33%|███▎      | 82/247 [00:47<02:12,  1.25it/s]
 34%|███▎      | 83/247 [00:47<01:42,  1.60it/s]
 34%|███▍      | 84/247 [00:47<01:20,  2.02it/s]
 34%|███▍      | 85/247 [00:48<01:35,  1.70it/s]
 35%|███▍      | 86/247 [00:49<01:32,  1.74it/s]
 35%|███▌      | 87/247 [00:49<01:13,  2.18it/s]
 36%|███▌      | 88/247 [00:50<01:35,  1.66it/s]
 36%|███▌      | 89/247 [00:50<01:43,  1.53it/s]
 36%|███▋      | 90/247 [00:51<01:38,  1.59it/s]
 37%|███▋      | 91/247 [00:52<01:45,  1.48it/s]
 37%|███▋      | 92/247 [00:52<01:39,  1.55it/s]
 38%|███▊      | 93/247 [00:53<01:17,  1.99it/s]
 38%|███▊      | 94/247 [00:53<01:28,  1.72it/s]
 38%|███▊      | 95/247 [00:54<01:09,  2.18it/s]
 39%|███▉      | 96/247 [00:54<01:14,  2.03it/s]
 39%|███▉      | 97/247 [00:56<02:01,  1.23it/s]
 40%|███▉      | 98/247 [00:56<01:55,  1.30it/s]
 40%|████      | 99/247 [00:57<01:37,  1.51it/s]
 40%|████      | 100/247 [00:57<01:32,  1.59it/s]
 41%|████      | 101/247 [00:58<01:24,  1.73it/s]
 41%|████▏     | 102/247 [00:58<01:06,  2.18it/s]
 42%|████▏     | 103/247 [00:59<01:34,  1.53it/s]
 42%|████▏     | 104/247 [00:59<01:13,  1.94it/s]
 43%|████▎     | 105/247 [01:00<01:10,  2.01it/s]
 43%|████▎     | 106/247 [01:00<01:19,  1.77it/s]
 43%|████▎     | 107/247 [01:01<01:10,  1.98it/s]
 44%|████▎     | 108/247 [01:01<01:06,  2.10it/s]
 44%|████▍     | 109/247 [01:01<00:53,  2.56it/s]
 45%|████▍     | 110/247 [01:02<00:45,  3.03it/s]
 45%|████▍     | 111/247 [01:02<01:05,  2.09it/s]
 45%|████▌     | 112/247 [01:03<01:09,  1.94it/s]
 46%|████▌     | 113/247 [01:04<01:20,  1.67it/s]
 46%|████▌     | 114/247 [01:04<01:17,  1.72it/s]
 47%|████▋     | 115/247 [01:05<01:17,  1.69it/s]
 47%|████▋     | 116/247 [01:05<01:13,  1.77it/s]
 47%|████▋     | 117/247 [01:06<01:20,  1.62it/s]
 48%|████▊     | 118/247 [01:06<01:03,  2.03it/s]
 48%|████▊     | 119/247 [01:07<00:51,  2.50it/s]
 49%|████▊     | 120/247 [01:07<00:45,  2.78it/s]
 49%|████▉     | 121/247 [01:07<00:39,  3.17it/s]
 49%|████▉     | 122/247 [01:07<00:36,  3.43it/s]
 50%|████▉     | 123/247 [01:08<00:41,  3.00it/s]
 50%|█████     | 124/247 [01:08<00:36,  3.40it/s]
 51%|█████     | 125/247 [01:09<00:50,  2.42it/s]
 51%|█████     | 126/247 [01:09<00:50,  2.39it/s]
 51%|█████▏    | 127/247 [01:10<00:53,  2.24it/s]
 52%|█████▏    | 128/247 [01:10<00:59,  2.01it/s]
 52%|█████▏    | 129/247 [01:11<01:11,  1.65it/s]
 53%|█████▎    | 130/247 [01:11<00:56,  2.07it/s]
 53%|█████▎    | 131/247 [01:11<00:46,  2.49it/s]
 53%|█████▎    | 132/247 [01:12<00:39,  2.92it/s]
 54%|█████▍    | 133/247 [01:12<00:34,  3.32it/s]
 54%|█████▍    | 134/247 [01:12<00:41,  2.70it/s]
 55%|█████▍    | 135/247 [01:13<00:47,  2.35it/s]
 55%|█████▌    | 136/247 [01:14<01:05,  1.69it/s]
 55%|█████▌    | 137/247 [01:15<01:10,  1.56it/s]
 56%|█████▌    | 138/247 [01:15<01:11,  1.54it/s]
 56%|█████▋    | 139/247 [01:16<01:10,  1.53it/s]
 57%|█████▋    | 140/247 [01:17<01:12,  1.49it/s]
 57%|█████▋    | 141/247 [01:17<01:06,  1.60it/s]
 57%|█████▋    | 142/247 [01:18<01:05,  1.61it/s]
 58%|█████▊    | 143/247 [01:18<01:01,  1.68it/s]
 58%|█████▊    | 144/247 [01:19<01:03,  1.62it/s]
 59%|█████▊    | 145/247 [01:19<00:55,  1.85it/s]
 59%|█████▉    | 146/247 [01:20<00:53,  1.91it/s]
 60%|█████▉    | 147/247 [01:21<00:59,  1.68it/s]
 60%|█████▉    | 148/247 [01:21<00:50,  1.95it/s]
 60%|██████    | 149/247 [01:21<00:41,  2.38it/s]
 61%|██████    | 150/247 [01:22<00:57,  1.69it/s]
 61%|██████    | 151/247 [01:23<00:57,  1.67it/s]
 62%|██████▏   | 152/247 [01:24<01:07,  1.41it/s]
 62%|██████▏   | 153/247 [01:24<00:52,  1.79it/s]
 62%|██████▏   | 154/247 [01:25<00:56,  1.63it/s]
 63%|██████▎   | 155/247 [01:25<00:57,  1.60it/s]
 63%|██████▎   | 156/247 [01:26<00:51,  1.78it/s]
 64%|██████▎   | 157/247 [01:26<00:41,  2.19it/s]
 64%|██████▍   | 158/247 [01:27<00:47,  1.86it/s]
 64%|██████▍   | 159/247 [01:27<00:38,  2.27it/s]
 65%|██████▍   | 160/247 [01:28<00:46,  1.86it/s]
 65%|██████▌   | 161/247 [01:28<00:49,  1.73it/s]
 66%|██████▌   | 162/247 [01:29<00:42,  1.99it/s]
 66%|██████▌   | 163/247 [01:29<00:34,  2.41it/s]
 66%|██████▋   | 164/247 [01:30<00:43,  1.92it/s]
 67%|██████▋   | 165/247 [01:30<00:41,  1.98it/s]
 67%|██████▋   | 166/247 [01:30<00:33,  2.40it/s]
 68%|██████▊   | 167/247 [01:31<00:39,  2.03it/s]
 68%|██████▊   | 168/247 [01:31<00:38,  2.03it/s]
 68%|██████▊   | 169/247 [01:32<00:31,  2.44it/s]
 69%|██████▉   | 170/247 [01:32<00:31,  2.44it/s]
 69%|██████▉   | 171/247 [01:33<00:37,  2.02it/s]
 70%|██████▉   | 172/247 [01:33<00:34,  2.17it/s]
 70%|███████   | 173/247 [01:34<00:37,  1.95it/s]
 70%|███████   | 174/247 [01:34<00:40,  1.82it/s]
 71%|███████   | 175/247 [01:35<00:39,  1.82it/s]
 71%|███████▏  | 176/247 [01:35<00:32,  2.21it/s]
 72%|███████▏  | 177/247 [01:35<00:26,  2.63it/s]
 72%|███████▏  | 178/247 [01:36<00:32,  2.14it/s]
 72%|███████▏  | 179/247 [01:37<00:40,  1.69it/s]
 73%|███████▎  | 180/247 [01:38<00:40,  1.65it/s]
 73%|███████▎  | 181/247 [01:38<00:32,  2.02it/s]
 74%|███████▎  | 182/247 [01:38<00:26,  2.43it/s]
 74%|███████▍  | 183/247 [01:39<00:27,  2.29it/s]
 74%|███████▍  | 184/247 [01:39<00:30,  2.06it/s]
 75%|███████▍  | 185/247 [01:40<00:28,  2.14it/s]
 75%|███████▌  | 186/247 [01:40<00:23,  2.57it/s]
 76%|███████▌  | 187/247 [01:41<00:34,  1.73it/s]
 76%|███████▌  | 188/247 [01:41<00:35,  1.65it/s]
 77%|███████▋  | 189/247 [01:42<00:31,  1.86it/s]
 77%|███████▋  | 190/247 [01:42<00:27,  2.05it/s]
 77%|███████▋  | 191/247 [01:43<00:29,  1.92it/s]
 78%|███████▊  | 192/247 [01:44<00:33,  1.66it/s]
 78%|███████▊  | 193/247 [01:44<00:26,  2.05it/s]
 79%|███████▊  | 194/247 [01:45<00:32,  1.65it/s]
 79%|███████▉  | 195/247 [01:45<00:33,  1.56it/s]
 79%|███████▉  | 196/247 [01:46<00:26,  1.93it/s]
 80%|███████▉  | 197/247 [01:46<00:22,  2.18it/s]
 80%|████████  | 198/247 [01:46<00:18,  2.58it/s]
 81%|████████  | 199/247 [01:47<00:23,  2.07it/s]
 81%|████████  | 200/247 [01:48<00:26,  1.75it/s]
 81%|████████▏ | 201/247 [01:48<00:26,  1.77it/s]
 82%|████████▏ | 202/247 [01:48<00:20,  2.15it/s]
 82%|████████▏ | 203/247 [01:49<00:25,  1.76it/s]
 83%|████████▎ | 204/247 [01:50<00:25,  1.66it/s]
 83%|████████▎ | 205/247 [01:50<00:20,  2.04it/s]
 83%|████████▎ | 206/247 [01:51<00:23,  1.72it/s]
 84%|████████▍ | 207/247 [01:52<00:23,  1.68it/s]
 84%|████████▍ | 208/247 [01:52<00:19,  2.03it/s]
 85%|████████▍ | 209/247 [01:53<00:20,  1.82it/s]
 85%|████████▌ | 210/247 [01:53<00:16,  2.20it/s]
 85%|████████▌ | 211/247 [01:54<00:19,  1.86it/s]
 86%|████████▌ | 212/247 [01:54<00:15,  2.24it/s]
 86%|████████▌ | 213/247 [01:54<00:16,  2.07it/s]
 87%|████████▋ | 214/247 [01:55<00:13,  2.46it/s]
 87%|████████▋ | 215/247 [01:55<00:17,  1.87it/s]
 87%|████████▋ | 216/247 [01:56<00:18,  1.66it/s]
 88%|████████▊ | 217/247 [01:56<00:14,  2.03it/s]
 88%|████████▊ | 218/247 [01:57<00:11,  2.42it/s]
 89%|████████▊ | 219/247 [01:57<00:10,  2.77it/s]
 89%|████████▉ | 220/247 [01:58<00:15,  1.74it/s]
 89%|████████▉ | 221/247 [01:59<00:17,  1.48it/s]
 90%|████████▉ | 222/247 [02:00<00:17,  1.44it/s]
 90%|█████████ | 223/247 [02:00<00:15,  1.56it/s]
 91%|█████████ | 224/247 [02:01<00:17,  1.35it/s]
 91%|█████████ | 225/247 [02:02<00:16,  1.36it/s]
 91%|█████████▏| 226/247 [02:02<00:13,  1.51it/s]
 92%|█████████▏| 227/247 [02:03<00:13,  1.54it/s]
 92%|█████████▏| 228/247 [02:04<00:12,  1.47it/s]
 93%|█████████▎| 229/247 [02:05<00:13,  1.37it/s]
 93%|█████████▎| 230/247 [02:05<00:12,  1.39it/s]
 94%|█████████▎| 231/247 [02:06<00:12,  1.27it/s]
 94%|█████████▍| 232/247 [02:07<00:12,  1.19it/s]
 94%|█████████▍| 233/247 [02:08<00:11,  1.26it/s]
 95%|█████████▍| 234/247 [02:08<00:08,  1.54it/s]
 95%|█████████▌| 235/247 [02:09<00:07,  1.52it/s]
 96%|█████████▌| 236/247 [02:09<00:05,  1.88it/s]
 96%|█████████▌| 237/247 [02:10<00:06,  1.58it/s]
 96%|█████████▋| 238/247 [02:11<00:05,  1.54it/s]
 97%|█████████▋| 239/247 [02:12<00:06,  1.24it/s]
 97%|█████████▋| 240/247 [02:13<00:06,  1.06it/s]
 98%|█████████▊| 241/247 [02:13<00:04,  1.34it/s]
 98%|█████████▊| 242/247 [02:14<00:03,  1.42it/s]
 98%|█████████▊| 243/247 [02:15<00:02,  1.44it/s]
 99%|█████████▉| 244/247 [02:15<00:02,  1.42it/s]
 99%|█████████▉| 245/247 [02:16<00:01,  1.77it/s]
100%|█████████▉| 246/247 [02:16<00:00,  2.14it/s]
100%|██████████| 247/247 [02:16<00:00,  2.52it/s]
100%|██████████| 247/247 [02:16<00:00,  1.81it/s]
overall time: 2 minutes 42.59 seconds
