Running command: python scripts/history_sampling.py -n 1000 --csv --seed 16873 -a expectation_uniform -m tseitin data/histories_unified/BusyBox
data/histories_unified/BusyBox
1000 samples
method: tseitin
seed: 16873
Computing model count of each file:
Processing pairs
Total samples: 247000
Unique samples: 99349 (-59.78%)
wrote results to output/BusyBox_seed16873_expectation_uniform_tseitin_spur_1000.csv

  0%|          | 0/248 [00:00<?, ?it/s]
  1%|          | 2/248 [00:00<00:15, 16.23it/s]
  2%|▏         | 4/248 [00:00<00:15, 15.31it/s]
  2%|▏         | 6/248 [00:00<00:16, 15.07it/s]
  3%|▎         | 8/248 [00:00<00:16, 14.84it/s]
  4%|▍         | 10/248 [00:00<00:15, 14.91it/s]
  5%|▍         | 12/248 [00:00<00:15, 14.87it/s]
  6%|▌         | 14/248 [00:00<00:15, 15.04it/s]
  6%|▋         | 16/248 [00:01<00:15, 14.94it/s]
  7%|▋         | 18/248 [00:01<00:15, 14.76it/s]
  8%|▊         | 20/248 [00:01<00:15, 14.71it/s]
  9%|▉         | 22/248 [00:01<00:15, 14.39it/s]
 10%|▉         | 24/248 [00:01<00:15, 14.15it/s]
 10%|█         | 26/248 [00:01<00:15, 14.10it/s]
 11%|█▏        | 28/248 [00:01<00:15, 14.22it/s]
 12%|█▏        | 30/248 [00:02<00:15, 13.90it/s]
 13%|█▎        | 32/248 [00:02<00:15, 13.88it/s]
 14%|█▎        | 34/248 [00:02<00:15, 13.69it/s]
 15%|█▍        | 36/248 [00:02<00:15, 13.64it/s]
 15%|█▌        | 38/248 [00:02<00:15, 13.42it/s]
 16%|█▌        | 40/248 [00:02<00:15, 13.64it/s]
 17%|█▋        | 42/248 [00:02<00:15, 13.39it/s]
 18%|█▊        | 44/248 [00:03<00:15, 13.40it/s]
 19%|█▊        | 46/248 [00:03<00:15, 13.14it/s]
 19%|█▉        | 48/248 [00:03<00:15, 13.22it/s]
 20%|██        | 50/248 [00:03<00:15, 12.95it/s]
 21%|██        | 52/248 [00:03<00:15, 12.76it/s]
 22%|██▏       | 54/248 [00:03<00:15, 12.59it/s]
 23%|██▎       | 56/248 [00:04<00:15, 12.53it/s]
 23%|██▎       | 58/248 [00:04<00:15, 12.31it/s]
 24%|██▍       | 60/248 [00:04<00:15, 12.23it/s]
 25%|██▌       | 62/248 [00:04<00:15, 12.15it/s]
 26%|██▌       | 64/248 [00:04<00:14, 12.36it/s]
 27%|██▋       | 66/248 [00:04<00:14, 12.29it/s]
 27%|██▋       | 68/248 [00:05<00:14, 12.18it/s]
 28%|██▊       | 70/248 [00:05<00:14, 11.95it/s]
 29%|██▉       | 72/248 [00:05<00:14, 11.91it/s]
 30%|██▉       | 74/248 [00:05<00:14, 11.72it/s]
 31%|███       | 76/248 [00:05<00:15, 11.33it/s]
 31%|███▏      | 78/248 [00:05<00:15, 11.04it/s]
 32%|███▏      | 80/248 [00:06<00:15, 10.64it/s]
 33%|███▎      | 82/248 [00:06<00:16, 10.21it/s]
 34%|███▍      | 84/248 [00:06<00:15, 10.31it/s]
 35%|███▍      | 86/248 [00:06<00:16,  9.99it/s]
 35%|███▌      | 88/248 [00:06<00:16,  9.98it/s]
 36%|███▋      | 90/248 [00:07<00:15, 10.01it/s]
 37%|███▋      | 92/248 [00:07<00:15, 10.14it/s]
 38%|███▊      | 94/248 [00:07<00:15, 10.08it/s]
 39%|███▊      | 96/248 [00:07<00:15, 10.03it/s]
 40%|███▉      | 98/248 [00:07<00:15,  9.98it/s]
 40%|████      | 100/248 [00:08<00:14,  9.96it/s]
 41%|████      | 101/248 [00:08<00:14,  9.94it/s]
 41%|████      | 102/248 [00:08<00:14,  9.94it/s]
 42%|████▏     | 103/248 [00:08<00:14,  9.95it/s]
 42%|████▏     | 105/248 [00:08<00:14, 10.00it/s]
 43%|████▎     | 107/248 [00:08<00:13, 10.19it/s]
 44%|████▍     | 109/248 [00:09<00:13, 10.12it/s]
 45%|████▍     | 111/248 [00:09<00:13, 10.06it/s]
 46%|████▌     | 113/248 [00:09<00:13,  9.98it/s]
 46%|████▌     | 114/248 [00:09<00:13,  9.92it/s]
 47%|████▋     | 116/248 [00:09<00:13, 10.09it/s]
 48%|████▊     | 118/248 [00:09<00:12, 10.04it/s]
 48%|████▊     | 120/248 [00:10<00:12,  9.97it/s]
 49%|████▉     | 121/248 [00:10<00:12,  9.86it/s]
 49%|████▉     | 122/248 [00:10<00:12,  9.75it/s]
 50%|████▉     | 123/248 [00:10<00:12,  9.70it/s]
 50%|█████     | 124/248 [00:10<00:12,  9.60it/s]
 51%|█████     | 126/248 [00:10<00:12,  9.74it/s]
 51%|█████     | 127/248 [00:10<00:12,  9.66it/s]
 52%|█████▏    | 128/248 [00:11<00:12,  9.61it/s]
 52%|█████▏    | 129/248 [00:11<00:12,  9.51it/s]
 53%|█████▎    | 131/248 [00:11<00:12,  9.73it/s]
 53%|█████▎    | 132/248 [00:11<00:11,  9.68it/s]
 54%|█████▎    | 133/248 [00:11<00:11,  9.65it/s]
 54%|█████▍    | 134/248 [00:11<00:11,  9.62it/s]
 54%|█████▍    | 135/248 [00:11<00:11,  9.65it/s]
 55%|█████▍    | 136/248 [00:11<00:11,  9.66it/s]
 56%|█████▌    | 138/248 [00:12<00:11,  9.86it/s]
 56%|█████▌    | 139/248 [00:12<00:11,  9.75it/s]
 56%|█████▋    | 140/248 [00:12<00:11,  9.63it/s]
 57%|█████▋    | 141/248 [00:12<00:11,  9.61it/s]
 58%|█████▊    | 143/248 [00:12<00:10,  9.68it/s]
 58%|█████▊    | 144/248 [00:12<00:10,  9.57it/s]
 58%|█████▊    | 145/248 [00:12<00:10,  9.45it/s]
 59%|█████▉    | 147/248 [00:12<00:10,  9.64it/s]
 60%|█████▉    | 148/248 [00:13<00:10,  9.58it/s]
 60%|██████    | 149/248 [00:13<00:10,  9.43it/s]
 60%|██████    | 150/248 [00:13<00:10,  9.33it/s]
 61%|██████    | 151/248 [00:13<00:10,  9.34it/s]
 61%|██████▏   | 152/248 [00:13<00:10,  9.26it/s]
 62%|██████▏   | 153/248 [00:13<00:10,  9.16it/s]
 62%|██████▏   | 154/248 [00:13<00:10,  9.16it/s]
 62%|██████▎   | 155/248 [00:13<00:10,  9.29it/s]
 63%|██████▎   | 156/248 [00:13<00:09,  9.43it/s]
 63%|██████▎   | 157/248 [00:14<00:09,  9.28it/s]
 64%|██████▎   | 158/248 [00:14<00:09,  9.18it/s]
 64%|██████▍   | 159/248 [00:14<00:09,  9.01it/s]
 65%|██████▍   | 160/248 [00:14<00:09,  9.27it/s]
 65%|██████▍   | 161/248 [00:14<00:09,  9.13it/s]
 65%|██████▌   | 162/248 [00:14<00:09,  8.89it/s]
 66%|██████▌   | 163/248 [00:14<00:09,  9.03it/s]
 66%|██████▌   | 164/248 [00:14<00:09,  9.27it/s]
 67%|██████▋   | 165/248 [00:14<00:08,  9.40it/s]
 67%|██████▋   | 166/248 [00:15<00:08,  9.25it/s]
 67%|██████▋   | 167/248 [00:15<00:08,  9.42it/s]
 68%|██████▊   | 168/248 [00:15<00:08,  9.53it/s]
 68%|██████▊   | 169/248 [00:15<00:08,  9.31it/s]
 69%|██████▊   | 170/248 [00:15<00:08,  9.45it/s]
 69%|██████▉   | 171/248 [00:15<00:08,  9.19it/s]
 70%|██████▉   | 173/248 [00:15<00:08,  9.34it/s]
 70%|███████   | 174/248 [00:15<00:08,  9.20it/s]
 71%|███████   | 175/248 [00:16<00:07,  9.14it/s]
 71%|███████   | 176/248 [00:16<00:07,  9.28it/s]
 71%|███████▏  | 177/248 [00:16<00:07,  9.10it/s]
 72%|███████▏  | 178/248 [00:16<00:07,  8.95it/s]
 72%|███████▏  | 179/248 [00:16<00:07,  8.66it/s]
 73%|███████▎  | 180/248 [00:16<00:07,  8.93it/s]
 73%|███████▎  | 181/248 [00:16<00:07,  9.08it/s]
 73%|███████▎  | 182/248 [00:16<00:07,  8.87it/s]
 74%|███████▍  | 183/248 [00:16<00:07,  8.80it/s]
 74%|███████▍  | 184/248 [00:17<00:07,  8.97it/s]
 75%|███████▍  | 185/248 [00:17<00:07,  8.73it/s]
 75%|███████▌  | 186/248 [00:17<00:07,  8.67it/s]
 75%|███████▌  | 187/248 [00:17<00:07,  8.63it/s]
 76%|███████▌  | 188/248 [00:17<00:07,  8.56it/s]
 76%|███████▌  | 189/248 [00:17<00:06,  8.59it/s]
 77%|███████▋  | 190/248 [00:17<00:06,  8.56it/s]
 77%|███████▋  | 191/248 [00:17<00:06,  8.50it/s]
 77%|███████▋  | 192/248 [00:17<00:06,  8.50it/s]
 78%|███████▊  | 193/248 [00:18<00:06,  8.48it/s]
 78%|███████▊  | 194/248 [00:18<00:06,  8.69it/s]
 79%|███████▊  | 195/248 [00:18<00:06,  8.60it/s]
 79%|███████▉  | 196/248 [00:18<00:06,  8.48it/s]
 79%|███████▉  | 197/248 [00:18<00:06,  8.50it/s]
 80%|███████▉  | 198/248 [00:18<00:05,  8.75it/s]
 80%|████████  | 199/248 [00:18<00:05,  8.91it/s]
 81%|████████  | 200/248 [00:18<00:05,  8.62it/s]
 81%|████████  | 201/248 [00:19<00:05,  8.55it/s]
 81%|████████▏ | 202/248 [00:19<00:05,  8.50it/s]
 82%|████████▏ | 203/248 [00:19<00:05,  8.40it/s]
 82%|████████▏ | 204/248 [00:19<00:05,  8.36it/s]
 83%|████████▎ | 205/248 [00:19<00:05,  8.56it/s]
 83%|████████▎ | 206/248 [00:19<00:05,  8.35it/s]
 83%|████████▎ | 207/248 [00:19<00:04,  8.30it/s]
 84%|████████▍ | 208/248 [00:19<00:04,  8.53it/s]
 84%|████████▍ | 209/248 [00:19<00:04,  8.29it/s]
 85%|████████▍ | 210/248 [00:20<00:04,  8.51it/s]
 85%|████████▌ | 211/248 [00:20<00:04,  8.71it/s]
 85%|████████▌ | 212/248 [00:20<00:04,  8.47it/s]
 86%|████████▌ | 213/248 [00:20<00:04,  8.39it/s]
 86%|████████▋ | 214/248 [00:20<00:03,  8.59it/s]
 87%|████████▋ | 215/248 [00:20<00:03,  8.68it/s]
 87%|████████▋ | 216/248 [00:20<00:03,  8.78it/s]
 88%|████████▊ | 217/248 [00:20<00:03,  8.56it/s]
 88%|████████▊ | 218/248 [00:21<00:03,  8.60it/s]
 88%|████████▊ | 219/248 [00:21<00:03,  8.44it/s]
 89%|████████▊ | 220/248 [00:21<00:03,  8.30it/s]
 89%|████████▉ | 221/248 [00:21<00:03,  8.47it/s]
 90%|████████▉ | 222/248 [00:21<00:03,  8.35it/s]
 90%|████████▉ | 223/248 [00:21<00:02,  8.51it/s]
 90%|█████████ | 224/248 [00:21<00:02,  8.60it/s]
 91%|█████████ | 225/248 [00:21<00:02,  8.72it/s]
 91%|█████████ | 226/248 [00:21<00:02,  8.49it/s]
 92%|█████████▏| 227/248 [00:22<00:02,  8.60it/s]
 92%|█████████▏| 228/248 [00:22<00:02,  8.67it/s]
 92%|█████████▏| 229/248 [00:22<00:02,  8.47it/s]
 93%|█████████▎| 230/248 [00:22<00:02,  8.19it/s]
 93%|█████████▎| 231/248 [00:22<00:02,  8.37it/s]
 94%|█████████▎| 232/248 [00:22<00:01,  8.21it/s]
 94%|█████████▍| 233/248 [00:22<00:01,  8.02it/s]
 94%|█████████▍| 234/248 [00:22<00:01,  7.98it/s]
 95%|█████████▍| 235/248 [00:23<00:01,  8.15it/s]
 95%|█████████▌| 236/248 [00:23<00:01,  8.26it/s]
 96%|█████████▌| 237/248 [00:23<00:01,  8.37it/s]
 96%|█████████▌| 238/248 [00:23<00:01,  8.42it/s]
 96%|█████████▋| 239/248 [00:23<00:01,  8.43it/s]
 97%|█████████▋| 240/248 [00:23<00:00,  8.22it/s]
 97%|█████████▋| 241/248 [00:23<00:00,  7.97it/s]
 98%|█████████▊| 242/248 [00:23<00:00,  7.91it/s]
 98%|█████████▊| 243/248 [00:24<00:00,  8.08it/s]
 98%|█████████▊| 244/248 [00:24<00:00,  8.10it/s]
 99%|█████████▉| 245/248 [00:24<00:00,  7.90it/s]
 99%|█████████▉| 246/248 [00:24<00:00,  7.84it/s]
100%|█████████▉| 247/248 [00:24<00:00,  7.95it/s]
100%|██████████| 248/248 [00:24<00:00,  7.88it/s]
100%|██████████| 248/248 [00:24<00:00, 10.05it/s]

  0%|          | 0/247 [00:00<?, ?it/s]
  0%|          | 1/247 [00:00<01:34,  2.62it/s]
  1%|          | 2/247 [00:00<00:56,  4.37it/s]
  1%|          | 3/247 [00:01<01:51,  2.19it/s]
  2%|▏         | 4/247 [00:01<02:12,  1.83it/s]
  2%|▏         | 5/247 [00:02<02:31,  1.60it/s]
  2%|▏         | 6/247 [00:03<02:11,  1.83it/s]
  3%|▎         | 7/247 [00:03<02:04,  1.93it/s]
  3%|▎         | 8/247 [00:03<01:48,  2.19it/s]
  4%|▎         | 9/247 [00:04<01:51,  2.13it/s]
  4%|▍         | 10/247 [00:04<02:01,  1.95it/s]
  4%|▍         | 11/247 [00:05<02:19,  1.69it/s]
  5%|▍         | 12/247 [00:05<01:47,  2.18it/s]
  5%|▌         | 13/247 [00:06<01:25,  2.73it/s]
  6%|▌         | 14/247 [00:06<01:10,  3.29it/s]
  6%|▌         | 15/247 [00:06<00:59,  3.90it/s]
  6%|▋         | 16/247 [00:06<01:20,  2.86it/s]
  7%|▋         | 17/247 [00:07<01:07,  3.42it/s]
  7%|▋         | 18/247 [00:07<01:26,  2.66it/s]
  8%|▊         | 19/247 [00:08<01:39,  2.28it/s]
  8%|▊         | 20/247 [00:08<01:20,  2.82it/s]
  9%|▊         | 21/247 [00:09<01:51,  2.02it/s]
  9%|▉         | 22/247 [00:09<01:28,  2.53it/s]
  9%|▉         | 23/247 [00:10<01:59,  1.88it/s]
 10%|▉         | 24/247 [00:10<01:33,  2.38it/s]
 10%|█         | 25/247 [00:11<01:48,  2.06it/s]
 11%|█         | 26/247 [00:11<02:14,  1.64it/s]
 11%|█         | 27/247 [00:12<01:56,  1.90it/s]
 11%|█▏        | 28/247 [00:12<02:02,  1.79it/s]
 12%|█▏        | 29/247 [00:13<02:00,  1.82it/s]
 12%|█▏        | 30/247 [00:13<02:00,  1.80it/s]
 13%|█▎        | 31/247 [00:14<01:39,  2.17it/s]
 13%|█▎        | 32/247 [00:14<01:53,  1.89it/s]
 13%|█▎        | 33/247 [00:15<01:58,  1.81it/s]
 14%|█▍        | 34/247 [00:15<01:33,  2.27it/s]
 14%|█▍        | 35/247 [00:16<01:46,  1.99it/s]
 15%|█▍        | 36/247 [00:16<01:24,  2.49it/s]
 15%|█▍        | 37/247 [00:16<01:18,  2.66it/s]
 15%|█▌        | 38/247 [00:17<01:26,  2.41it/s]
 16%|█▌        | 39/247 [00:17<01:25,  2.44it/s]
 16%|█▌        | 40/247 [00:17<01:09,  2.99it/s]
 17%|█▋        | 41/247 [00:18<01:37,  2.10it/s]
 17%|█▋        | 42/247 [00:19<01:55,  1.77it/s]
 17%|█▋        | 43/247 [00:19<01:30,  2.26it/s]
 18%|█▊        | 44/247 [00:20<01:50,  1.84it/s]
 18%|█▊        | 45/247 [00:21<01:59,  1.69it/s]
 19%|█▊        | 46/247 [00:21<02:05,  1.60it/s]
 19%|█▉        | 47/247 [00:22<02:28,  1.35it/s]
 19%|█▉        | 48/247 [00:23<02:24,  1.38it/s]
 20%|█▉        | 49/247 [00:24<02:28,  1.34it/s]
 20%|██        | 50/247 [00:24<01:59,  1.65it/s]
 21%|██        | 51/247 [00:24<01:37,  2.01it/s]
 21%|██        | 52/247 [00:25<01:49,  1.77it/s]
 21%|██▏       | 53/247 [00:26<02:23,  1.35it/s]
 22%|██▏       | 54/247 [00:27<02:43,  1.18it/s]
 22%|██▏       | 55/247 [00:28<02:39,  1.20it/s]
 23%|██▎       | 56/247 [00:29<02:28,  1.28it/s]
 23%|██▎       | 57/247 [00:29<02:18,  1.37it/s]
 23%|██▎       | 58/247 [00:30<02:29,  1.26it/s]
 24%|██▍       | 59/247 [00:30<01:54,  1.65it/s]
 24%|██▍       | 60/247 [00:31<01:28,  2.11it/s]
 25%|██▍       | 61/247 [00:31<01:11,  2.60it/s]
 25%|██▌       | 62/247 [00:32<01:43,  1.79it/s]
 26%|██▌       | 63/247 [00:32<01:32,  1.99it/s]
 26%|██▌       | 64/247 [00:33<01:58,  1.55it/s]
 26%|██▋       | 65/247 [00:34<01:59,  1.52it/s]
 27%|██▋       | 66/247 [00:35<02:10,  1.39it/s]
 27%|██▋       | 67/247 [00:36<02:24,  1.24it/s]
 28%|██▊       | 68/247 [00:37<02:43,  1.09it/s]
 28%|██▊       | 69/247 [00:37<02:03,  1.44it/s]
 28%|██▊       | 70/247 [00:37<01:35,  1.85it/s]
 29%|██▊       | 71/247 [00:37<01:15,  2.32it/s]
 29%|██▉       | 72/247 [00:38<01:44,  1.67it/s]
 30%|██▉       | 73/247 [00:39<02:03,  1.41it/s]
 30%|██▉       | 74/247 [00:40<02:08,  1.35it/s]
 30%|███       | 75/247 [00:41<02:32,  1.13it/s]
 31%|███       | 76/247 [00:42<01:56,  1.47it/s]
 31%|███       | 77/247 [00:42<02:00,  1.41it/s]
 32%|███▏      | 78/247 [00:44<02:25,  1.16it/s]
 32%|███▏      | 79/247 [00:44<02:24,  1.16it/s]
 32%|███▏      | 80/247 [00:46<02:39,  1.05it/s]
 33%|███▎      | 81/247 [00:46<02:00,  1.37it/s]
 33%|███▎      | 82/247 [00:47<02:10,  1.26it/s]
 34%|███▎      | 83/247 [00:47<01:40,  1.63it/s]
 34%|███▍      | 84/247 [00:47<01:19,  2.06it/s]
 34%|███▍      | 85/247 [00:48<01:34,  1.71it/s]
 35%|███▍      | 86/247 [00:49<01:32,  1.74it/s]
 35%|███▌      | 87/247 [00:49<01:13,  2.19it/s]
 36%|███▌      | 88/247 [00:50<01:35,  1.66it/s]
 36%|███▌      | 89/247 [00:50<01:44,  1.51it/s]
 36%|███▋      | 90/247 [00:51<01:39,  1.58it/s]
 37%|███▋      | 91/247 [00:52<01:46,  1.47it/s]
 37%|███▋      | 92/247 [00:52<01:40,  1.54it/s]
 38%|███▊      | 93/247 [00:53<01:18,  1.97it/s]
 38%|███▊      | 94/247 [00:53<01:30,  1.69it/s]
 38%|███▊      | 95/247 [00:54<01:11,  2.13it/s]
 39%|███▉      | 96/247 [00:54<01:18,  1.93it/s]
 39%|███▉      | 97/247 [00:56<02:04,  1.20it/s]
 40%|███▉      | 98/247 [00:56<01:58,  1.26it/s]
 40%|████      | 99/247 [00:57<01:40,  1.47it/s]
 40%|████      | 100/247 [00:57<01:34,  1.56it/s]
 41%|████      | 101/247 [00:58<01:24,  1.73it/s]
 41%|████▏     | 102/247 [00:58<01:07,  2.15it/s]
 42%|████▏     | 103/247 [00:59<01:34,  1.53it/s]
 42%|████▏     | 104/247 [00:59<01:13,  1.93it/s]
 43%|████▎     | 105/247 [01:00<01:11,  1.99it/s]
 43%|████▎     | 106/247 [01:01<01:20,  1.75it/s]
 43%|████▎     | 107/247 [01:01<01:11,  1.94it/s]
 44%|████▎     | 108/247 [01:01<01:07,  2.05it/s]
 44%|████▍     | 109/247 [01:02<00:54,  2.52it/s]
 45%|████▍     | 110/247 [01:02<00:46,  2.98it/s]
 45%|████▍     | 111/247 [01:03<01:08,  2.00it/s]
 45%|████▌     | 112/247 [01:03<01:12,  1.87it/s]
 46%|████▌     | 113/247 [01:04<01:21,  1.64it/s]
 46%|████▌     | 114/247 [01:05<01:19,  1.68it/s]
 47%|████▋     | 115/247 [01:05<01:19,  1.67it/s]
 47%|████▋     | 116/247 [01:06<01:17,  1.69it/s]
 47%|████▋     | 117/247 [01:06<01:22,  1.57it/s]
 48%|████▊     | 118/247 [01:07<01:05,  1.97it/s]
 48%|████▊     | 119/247 [01:07<00:53,  2.40it/s]
 49%|████▊     | 120/247 [01:07<00:46,  2.73it/s]
 49%|████▉     | 121/247 [01:07<00:39,  3.18it/s]
 49%|████▉     | 122/247 [01:08<00:36,  3.41it/s]
 50%|████▉     | 123/247 [01:08<00:42,  2.92it/s]
 50%|█████     | 124/247 [01:08<00:37,  3.31it/s]
 51%|█████     | 125/247 [01:09<00:51,  2.35it/s]
 51%|█████     | 126/247 [01:09<00:52,  2.31it/s]
 51%|█████▏    | 127/247 [01:10<00:55,  2.16it/s]
 52%|█████▏    | 128/247 [01:11<01:00,  1.97it/s]
 52%|█████▏    | 129/247 [01:11<01:11,  1.64it/s]
 53%|█████▎    | 130/247 [01:12<00:56,  2.06it/s]
 53%|█████▎    | 131/247 [01:12<00:46,  2.49it/s]
 53%|█████▎    | 132/247 [01:12<00:39,  2.94it/s]
 54%|█████▍    | 133/247 [01:12<00:34,  3.35it/s]
 54%|█████▍    | 134/247 [01:13<00:42,  2.67it/s]
 55%|█████▍    | 135/247 [01:13<00:48,  2.32it/s]
 55%|█████▌    | 136/247 [01:14<01:05,  1.70it/s]
 55%|█████▌    | 137/247 [01:15<01:11,  1.54it/s]
 56%|█████▌    | 138/247 [01:16<01:10,  1.54it/s]
 56%|█████▋    | 139/247 [01:16<01:09,  1.55it/s]
 57%|█████▋    | 140/247 [01:17<01:11,  1.50it/s]
 57%|█████▋    | 141/247 [01:18<01:04,  1.65it/s]
 57%|█████▋    | 142/247 [01:18<01:03,  1.66it/s]
 58%|█████▊    | 143/247 [01:19<01:01,  1.70it/s]
 58%|█████▊    | 144/247 [01:19<01:03,  1.62it/s]
 59%|█████▊    | 145/247 [01:20<00:55,  1.85it/s]
 59%|█████▉    | 146/247 [01:20<00:52,  1.91it/s]
 60%|█████▉    | 147/247 [01:21<01:00,  1.66it/s]
 60%|█████▉    | 148/247 [01:21<00:51,  1.92it/s]
 60%|██████    | 149/247 [01:22<00:41,  2.37it/s]
 61%|██████    | 150/247 [01:23<00:59,  1.64it/s]
 61%|██████    | 151/247 [01:23<00:57,  1.66it/s]
 62%|██████▏   | 152/247 [01:24<01:06,  1.42it/s]
 62%|██████▏   | 153/247 [01:24<00:52,  1.79it/s]
 62%|██████▏   | 154/247 [01:25<00:56,  1.64it/s]
 63%|██████▎   | 155/247 [01:26<00:56,  1.63it/s]
 63%|██████▎   | 156/247 [01:26<00:50,  1.79it/s]
 64%|██████▎   | 157/247 [01:26<00:40,  2.21it/s]
 64%|██████▍   | 158/247 [01:27<00:46,  1.93it/s]
 64%|██████▍   | 159/247 [01:27<00:37,  2.34it/s]
 65%|██████▍   | 160/247 [01:28<00:46,  1.87it/s]
 65%|██████▌   | 161/247 [01:29<00:52,  1.65it/s]
 66%|██████▌   | 162/247 [01:29<00:43,  1.93it/s]
 66%|██████▌   | 163/247 [01:29<00:35,  2.34it/s]
 66%|██████▋   | 164/247 [01:30<00:46,  1.80it/s]
 67%|██████▋   | 165/247 [01:31<00:43,  1.87it/s]
 67%|██████▋   | 166/247 [01:31<00:35,  2.29it/s]
 68%|██████▊   | 167/247 [01:32<00:41,  1.92it/s]
 68%|██████▊   | 168/247 [01:32<00:39,  1.99it/s]
 68%|██████▊   | 169/247 [01:32<00:32,  2.40it/s]
 69%|██████▉   | 170/247 [01:33<00:31,  2.41it/s]
 69%|██████▉   | 171/247 [01:33<00:37,  2.03it/s]
 70%|██████▉   | 172/247 [01:34<00:36,  2.07it/s]
 70%|███████   | 173/247 [01:34<00:38,  1.90it/s]
 70%|███████   | 174/247 [01:35<00:40,  1.81it/s]
 71%|███████   | 175/247 [01:36<00:40,  1.78it/s]
 71%|███████▏  | 176/247 [01:36<00:32,  2.17it/s]
 72%|███████▏  | 177/247 [01:36<00:27,  2.59it/s]
 72%|███████▏  | 178/247 [01:37<00:33,  2.09it/s]
 72%|███████▏  | 179/247 [01:38<00:41,  1.64it/s]
 73%|███████▎  | 180/247 [01:38<00:41,  1.63it/s]
 73%|███████▎  | 181/247 [01:38<00:32,  2.01it/s]
 74%|███████▎  | 182/247 [01:39<00:26,  2.42it/s]
 74%|███████▍  | 183/247 [01:39<00:28,  2.21it/s]
 74%|███████▍  | 184/247 [01:40<00:31,  1.98it/s]
 75%|███████▍  | 185/247 [01:40<00:29,  2.12it/s]
 75%|███████▌  | 186/247 [01:40<00:24,  2.53it/s]
 76%|███████▌  | 187/247 [01:42<00:36,  1.66it/s]
 76%|███████▌  | 188/247 [01:42<00:35,  1.66it/s]
 77%|███████▋  | 189/247 [01:43<00:31,  1.86it/s]
 77%|███████▋  | 190/247 [01:43<00:28,  2.02it/s]
 77%|███████▋  | 191/247 [01:44<00:30,  1.84it/s]
 78%|███████▊  | 192/247 [01:44<00:34,  1.60it/s]
 78%|███████▊  | 193/247 [01:45<00:27,  1.97it/s]
 79%|███████▊  | 194/247 [01:46<00:33,  1.59it/s]
 79%|███████▉  | 195/247 [01:46<00:33,  1.55it/s]
 79%|███████▉  | 196/247 [01:46<00:26,  1.91it/s]
 80%|███████▉  | 197/247 [01:47<00:22,  2.20it/s]
 80%|████████  | 198/247 [01:47<00:18,  2.58it/s]
 81%|████████  | 199/247 [01:48<00:24,  2.00it/s]
 81%|████████  | 200/247 [01:49<00:27,  1.72it/s]
 81%|████████▏ | 201/247 [01:49<00:26,  1.74it/s]
 82%|████████▏ | 202/247 [01:49<00:21,  2.11it/s]
 82%|████████▏ | 203/247 [01:50<00:24,  1.77it/s]
 83%|████████▎ | 204/247 [01:51<00:26,  1.62it/s]
 83%|████████▎ | 205/247 [01:51<00:21,  1.99it/s]
 83%|████████▎ | 206/247 [01:52<00:24,  1.67it/s]
 84%|████████▍ | 207/247 [01:53<00:23,  1.67it/s]
 84%|████████▍ | 208/247 [01:53<00:19,  2.04it/s]
 85%|████████▍ | 209/247 [01:53<00:20,  1.90it/s]
 85%|████████▌ | 210/247 [01:54<00:16,  2.25it/s]
 85%|████████▌ | 211/247 [01:54<00:19,  1.88it/s]
 86%|████████▌ | 212/247 [01:55<00:15,  2.26it/s]
 86%|████████▌ | 213/247 [01:55<00:16,  2.09it/s]
 87%|████████▋ | 214/247 [01:55<00:13,  2.48it/s]
 87%|████████▋ | 215/247 [01:56<00:17,  1.78it/s]
 87%|████████▋ | 216/247 [01:57<00:18,  1.66it/s]
 88%|████████▊ | 217/247 [01:57<00:14,  2.01it/s]
 88%|████████▊ | 218/247 [01:57<00:12,  2.41it/s]
 89%|████████▊ | 219/247 [01:58<00:10,  2.80it/s]
 89%|████████▉ | 220/247 [01:59<00:15,  1.73it/s]
 89%|████████▉ | 221/247 [02:00<00:17,  1.50it/s]
 90%|████████▉ | 222/247 [02:00<00:17,  1.45it/s]
 90%|█████████ | 223/247 [02:01<00:15,  1.58it/s]
 91%|█████████ | 224/247 [02:02<00:17,  1.34it/s]
 91%|█████████ | 225/247 [02:03<00:15,  1.42it/s]
 91%|█████████▏| 226/247 [02:03<00:13,  1.57it/s]
 92%|█████████▏| 227/247 [02:04<00:12,  1.56it/s]
 92%|█████████▏| 228/247 [02:04<00:12,  1.50it/s]
 93%|█████████▎| 229/247 [02:05<00:13,  1.38it/s]
 93%|█████████▎| 230/247 [02:06<00:12,  1.40it/s]
 94%|█████████▎| 231/247 [02:07<00:12,  1.28it/s]
 94%|█████████▍| 232/247 [02:08<00:12,  1.21it/s]
 94%|█████████▍| 233/247 [02:09<00:11,  1.27it/s]
 95%|█████████▍| 234/247 [02:09<00:08,  1.58it/s]
 95%|█████████▌| 235/247 [02:09<00:07,  1.54it/s]
 96%|█████████▌| 236/247 [02:10<00:05,  1.92it/s]
 96%|█████████▌| 237/247 [02:10<00:06,  1.65it/s]
 96%|█████████▋| 238/247 [02:11<00:05,  1.63it/s]
 97%|█████████▋| 239/247 [02:12<00:06,  1.28it/s]
 97%|█████████▋| 240/247 [02:14<00:06,  1.08it/s]
 98%|█████████▊| 241/247 [02:14<00:04,  1.38it/s]
 98%|█████████▊| 242/247 [02:14<00:03,  1.47it/s]
 98%|█████████▊| 243/247 [02:15<00:02,  1.44it/s]
 99%|█████████▉| 244/247 [02:16<00:02,  1.45it/s]
 99%|█████████▉| 245/247 [02:16<00:01,  1.81it/s]
100%|█████████▉| 246/247 [02:16<00:00,  2.18it/s]
100%|██████████| 247/247 [02:17<00:00,  2.54it/s]
100%|██████████| 247/247 [02:17<00:00,  1.80it/s]
overall time: 2 minutes 43.01 seconds
