Running command: python scripts/history_sampling.py -n 1000 --csv --seed 16873 -a uniform -m tseitin data/histories_unified/Fiasco
data/histories_unified/Fiasco
1000 samples
method: tseitin
seed: 16873
Computing model count of each file:
Processing pairs
Total samples: 30000
Unique samples: 9077 (-69.74%)
wrote results to output/Fiasco_seed16873_uniform_tseitin_spur_1000.csv

  0%|          | 0/31 [00:00<?, ?it/s]
  6%|▋         | 2/31 [00:00<00:01, 15.37it/s]
 13%|█▎        | 4/31 [00:00<00:01, 15.32it/s]
 19%|█▉        | 6/31 [00:00<00:01, 14.95it/s]
 26%|██▌       | 8/31 [00:00<00:01, 14.51it/s]
 32%|███▏      | 10/31 [00:00<00:01, 13.61it/s]
 39%|███▊      | 12/31 [00:00<00:01, 12.79it/s]
 45%|████▌     | 14/31 [00:01<00:01, 12.13it/s]
 52%|█████▏    | 16/31 [00:01<00:01, 12.12it/s]
 58%|█████▊    | 18/31 [00:01<00:01, 12.02it/s]
 65%|██████▍   | 20/31 [00:01<00:00, 11.98it/s]
 71%|███████   | 22/31 [00:01<00:00, 11.93it/s]
 77%|███████▋  | 24/31 [00:01<00:00, 11.79it/s]
 84%|████████▍ | 26/31 [00:02<00:00, 11.13it/s]
 90%|█████████ | 28/31 [00:02<00:00, 10.65it/s]
 97%|█████████▋| 30/31 [00:02<00:00, 10.02it/s]
100%|██████████| 31/31 [00:02<00:00, 11.65it/s]

  0%|          | 0/30 [00:00<?, ?it/s]
  3%|▎         | 1/30 [00:00<00:04,  6.29it/s]
  7%|▋         | 2/30 [00:00<00:05,  5.58it/s]
 10%|█         | 3/30 [00:00<00:08,  3.25it/s]
 13%|█▎        | 4/30 [00:01<00:06,  3.76it/s]
 17%|█▋        | 5/30 [00:01<00:08,  3.03it/s]
 20%|██        | 6/30 [00:01<00:09,  2.63it/s]
 23%|██▎       | 7/30 [00:02<00:07,  3.01it/s]
 27%|██▋       | 8/30 [00:02<00:06,  3.56it/s]
 30%|███       | 9/30 [00:02<00:06,  3.46it/s]
 33%|███▎      | 10/30 [00:02<00:05,  3.58it/s]
 37%|███▋      | 11/30 [00:03<00:06,  3.10it/s]
 40%|████      | 12/30 [00:03<00:05,  3.10it/s]
 43%|████▎     | 13/30 [00:04<00:06,  2.59it/s]
 47%|████▋     | 14/30 [00:04<00:08,  1.99it/s]
 50%|█████     | 15/30 [00:05<00:08,  1.81it/s]
 53%|█████▎    | 16/30 [00:06<00:09,  1.55it/s]
 57%|█████▋    | 17/30 [00:06<00:07,  1.81it/s]
 60%|██████    | 18/30 [00:07<00:05,  2.23it/s]
 63%|██████▎   | 19/30 [00:07<00:04,  2.39it/s]
 67%|██████▋   | 20/30 [00:07<00:03,  2.79it/s]
 70%|███████   | 21/30 [00:07<00:02,  3.27it/s]
 73%|███████▎  | 22/30 [00:08<00:02,  3.37it/s]
 77%|███████▋  | 23/30 [00:08<00:02,  2.48it/s]
 80%|████████  | 24/30 [00:09<00:02,  2.01it/s]
 83%|████████▎ | 25/30 [00:10<00:02,  1.84it/s]
 87%|████████▋ | 26/30 [00:10<00:01,  2.15it/s]
 90%|█████████ | 27/30 [00:10<00:01,  2.34it/s]
 93%|█████████▎| 28/30 [00:11<00:00,  2.52it/s]
 97%|█████████▋| 29/30 [00:11<00:00,  2.91it/s]
100%|██████████| 30/30 [00:11<00:00,  3.18it/s]
100%|██████████| 30/30 [00:11<00:00,  2.61it/s]
overall time: 14.58 seconds
