Running command: python scripts/history_sampling.py -n 1000 --csv --seed 16873 -a uniform -m tseitin data/histories_unified/uClibc
data/histories_unified/uClibc
1000 samples
method: tseitin
seed: 16873
Computing model count of each file:
Processing pairs
Total samples: 139000
Unique samples: 46497 (-66.55%)
wrote results to output/uClibc_seed16873_uniform_tseitin_spur_1000.csv

  0%|          | 0/140 [00:00<?, ?it/s]
  2%|▏         | 3/140 [00:00<00:05, 23.39it/s]
  4%|▍         | 6/140 [00:00<00:05, 24.28it/s]
  6%|▋         | 9/140 [00:00<00:05, 24.65it/s]
  9%|▊         | 12/140 [00:00<00:05, 24.28it/s]
 11%|█         | 15/140 [00:00<00:05, 24.17it/s]
 13%|█▎        | 18/140 [00:00<00:05, 24.08it/s]
 15%|█▌        | 21/140 [00:00<00:04, 24.22it/s]
 17%|█▋        | 24/140 [00:00<00:04, 24.20it/s]
 19%|█▉        | 27/140 [00:01<00:04, 24.05it/s]
 21%|██▏       | 30/140 [00:01<00:04, 23.75it/s]
 24%|██▎       | 33/140 [00:01<00:04, 23.12it/s]
 26%|██▌       | 36/140 [00:01<00:04, 22.18it/s]
 28%|██▊       | 39/140 [00:01<00:04, 21.40it/s]
 30%|███       | 42/140 [00:01<00:04, 20.90it/s]
 32%|███▏      | 45/140 [00:01<00:04, 20.50it/s]
 34%|███▍      | 48/140 [00:02<00:04, 20.74it/s]
 36%|███▋      | 51/140 [00:02<00:04, 21.27it/s]
 39%|███▊      | 54/140 [00:02<00:03, 21.73it/s]
 41%|████      | 57/140 [00:02<00:03, 22.00it/s]
 43%|████▎     | 60/140 [00:02<00:03, 22.04it/s]
 45%|████▌     | 63/140 [00:02<00:03, 21.93it/s]
 47%|████▋     | 66/140 [00:02<00:03, 21.52it/s]
 49%|████▉     | 69/140 [00:03<00:03, 21.31it/s]
 51%|█████▏    | 72/140 [00:03<00:03, 21.95it/s]
 54%|█████▎    | 75/140 [00:03<00:02, 23.41it/s]
 56%|█████▌    | 78/140 [00:03<00:02, 24.89it/s]
 58%|█████▊    | 81/140 [00:03<00:02, 25.99it/s]
 60%|██████    | 84/140 [00:03<00:02, 26.54it/s]
 65%|██████▌   | 91/140 [00:03<00:01, 38.08it/s]
 72%|███████▏  | 101/140 [00:03<00:00, 50.57it/s]
 76%|███████▌  | 106/140 [00:04<00:00, 40.92it/s]
 79%|███████▉  | 111/140 [00:04<00:00, 35.44it/s]
 82%|████████▏ | 115/140 [00:04<00:00, 32.53it/s]
 85%|████████▌ | 119/140 [00:04<00:00, 30.68it/s]
 88%|████████▊ | 123/140 [00:04<00:00, 29.06it/s]
 90%|█████████ | 126/140 [00:04<00:00, 28.38it/s]
 92%|█████████▏| 129/140 [00:04<00:00, 27.64it/s]
 94%|█████████▍| 132/140 [00:05<00:00, 27.39it/s]
 96%|█████████▋| 135/140 [00:05<00:00, 27.09it/s]
 99%|█████████▊| 138/140 [00:05<00:00, 26.75it/s]
100%|██████████| 140/140 [00:05<00:00, 26.05it/s]

  0%|          | 0/139 [00:00<?, ?it/s]
  1%|          | 1/139 [00:00<01:58,  1.16it/s]
  1%|▏         | 2/139 [00:01<01:54,  1.20it/s]
  2%|▏         | 3/139 [00:01<01:08,  2.00it/s]
  3%|▎         | 4/139 [00:01<00:46,  2.91it/s]
  4%|▎         | 5/139 [00:02<00:38,  3.51it/s]
  4%|▍         | 6/139 [00:02<00:33,  4.00it/s]
  5%|▌         | 7/139 [00:03<01:37,  1.35it/s]
  6%|▌         | 8/139 [00:05<01:58,  1.11it/s]
  6%|▋         | 9/139 [00:06<01:57,  1.10it/s]
  7%|▋         | 10/139 [00:07<02:21,  1.09s/it]
  8%|▊         | 11/139 [00:07<01:43,  1.23it/s]
  9%|▊         | 12/139 [00:09<01:57,  1.08it/s]
  9%|▉         | 13/139 [00:10<02:21,  1.12s/it]
 10%|█         | 14/139 [00:10<01:48,  1.15it/s]
 11%|█         | 15/139 [00:12<02:15,  1.09s/it]
 12%|█▏        | 16/139 [00:14<02:34,  1.26s/it]
 12%|█▏        | 17/139 [00:14<02:03,  1.01s/it]
 13%|█▎        | 18/139 [00:15<02:01,  1.00s/it]
 14%|█▎        | 19/139 [00:17<02:26,  1.22s/it]
 14%|█▍        | 20/139 [00:18<02:32,  1.28s/it]
 15%|█▌        | 21/139 [00:18<01:54,  1.03it/s]
 16%|█▌        | 22/139 [00:20<02:07,  1.09s/it]
 17%|█▋        | 23/139 [00:21<02:10,  1.12s/it]
 17%|█▋        | 24/139 [00:22<02:08,  1.11s/it]
 18%|█▊        | 25/139 [00:23<02:05,  1.10s/it]
 19%|█▊        | 26/139 [00:25<02:11,  1.16s/it]
 19%|█▉        | 27/139 [00:26<02:15,  1.21s/it]
 20%|██        | 28/139 [00:28<02:38,  1.43s/it]
 21%|██        | 29/139 [00:30<02:49,  1.55s/it]
 22%|██▏       | 30/139 [00:32<03:02,  1.67s/it]
 22%|██▏       | 31/139 [00:33<03:01,  1.68s/it]
 23%|██▎       | 32/139 [00:34<02:16,  1.28s/it]
 24%|██▎       | 33/139 [00:35<02:32,  1.44s/it]
 24%|██▍       | 34/139 [00:36<01:55,  1.10s/it]
 25%|██▌       | 35/139 [00:36<01:29,  1.16it/s]
 26%|██▌       | 36/139 [00:39<02:40,  1.56s/it]
 27%|██▋       | 37/139 [00:41<02:38,  1.55s/it]
 27%|██▋       | 38/139 [00:41<01:59,  1.18s/it]
 28%|██▊       | 39/139 [00:41<01:30,  1.10it/s]
 29%|██▉       | 40/139 [00:43<02:03,  1.25s/it]
 29%|██▉       | 41/139 [00:46<02:42,  1.66s/it]
 30%|███       | 42/139 [00:46<01:59,  1.23s/it]
 31%|███       | 43/139 [00:47<01:38,  1.02s/it]
 32%|███▏      | 44/139 [00:49<02:03,  1.30s/it]
 32%|███▏      | 45/139 [00:50<02:13,  1.42s/it]
 33%|███▎      | 46/139 [00:51<01:45,  1.13s/it]
 34%|███▍      | 47/139 [00:51<01:19,  1.15it/s]
 35%|███▍      | 48/139 [00:51<00:59,  1.53it/s]
 35%|███▌      | 49/139 [00:52<00:55,  1.61it/s]
 36%|███▌      | 50/139 [00:52<00:46,  1.92it/s]
 37%|███▋      | 51/139 [00:53<01:02,  1.41it/s]
 37%|███▋      | 52/139 [00:55<01:30,  1.04s/it]
 38%|███▊      | 53/139 [00:56<01:25,  1.01it/s]
 39%|███▉      | 54/139 [00:56<01:06,  1.29it/s]
 40%|███▉      | 55/139 [00:57<01:11,  1.17it/s]
 40%|████      | 56/139 [00:57<00:55,  1.50it/s]
 41%|████      | 57/139 [00:59<01:08,  1.20it/s]
 42%|████▏     | 58/139 [00:59<00:52,  1.53it/s]
 42%|████▏     | 59/139 [01:00<01:04,  1.24it/s]
 43%|████▎     | 60/139 [01:01<01:10,  1.12it/s]
 44%|████▍     | 61/139 [01:02<01:01,  1.26it/s]
 45%|████▍     | 62/139 [01:02<00:47,  1.63it/s]
 45%|████▌     | 63/139 [01:02<00:36,  2.07it/s]
 46%|████▌     | 64/139 [01:02<00:30,  2.42it/s]
 47%|████▋     | 65/139 [01:03<00:45,  1.64it/s]
 47%|████▋     | 66/139 [01:05<00:59,  1.23it/s]
 48%|████▊     | 67/139 [01:06<01:12,  1.00s/it]
 49%|████▉     | 68/139 [01:07<01:17,  1.09s/it]
 50%|████▉     | 69/139 [01:09<01:29,  1.28s/it]
 50%|█████     | 70/139 [01:09<01:07,  1.03it/s]
 51%|█████     | 71/139 [01:10<00:51,  1.33it/s]
 52%|█████▏    | 72/139 [01:10<00:38,  1.74it/s]
 53%|█████▎    | 73/139 [01:10<00:31,  2.13it/s]
 53%|█████▎    | 74/139 [01:10<00:24,  2.67it/s]
 54%|█████▍    | 75/139 [01:12<00:44,  1.45it/s]
 55%|█████▍    | 76/139 [01:14<01:12,  1.15s/it]
 55%|█████▌    | 77/139 [01:14<00:55,  1.13it/s]
 56%|█████▌    | 78/139 [01:14<00:43,  1.39it/s]
 57%|█████▋    | 79/139 [01:15<00:34,  1.75it/s]
 58%|█████▊    | 80/139 [01:15<00:28,  2.05it/s]
 58%|█████▊    | 81/139 [01:16<00:33,  1.71it/s]
 59%|█████▉    | 82/139 [01:17<00:49,  1.16it/s]
 60%|█████▉    | 83/139 [01:19<01:08,  1.22s/it]
 60%|██████    | 84/139 [01:20<00:52,  1.04it/s]
 61%|██████    | 85/139 [01:22<01:07,  1.25s/it]
 62%|██████▏   | 86/139 [01:22<00:57,  1.08s/it]
 63%|██████▎   | 87/139 [01:22<00:41,  1.25it/s]
 63%|██████▎   | 88/139 [01:23<00:30,  1.67it/s]
 64%|██████▍   | 89/139 [01:23<00:23,  2.15it/s]
 65%|██████▍   | 90/139 [01:23<00:18,  2.71it/s]
 65%|██████▌   | 91/139 [01:23<00:14,  3.33it/s]
 66%|██████▌   | 92/139 [01:23<00:12,  3.87it/s]
 67%|██████▋   | 93/139 [01:23<00:09,  4.62it/s]
 68%|██████▊   | 94/139 [01:23<00:08,  5.33it/s]
 68%|██████▊   | 95/139 [01:24<00:07,  5.86it/s]
 69%|██████▉   | 96/139 [01:24<00:06,  6.44it/s]
 70%|██████▉   | 97/139 [01:24<00:06,  6.45it/s]
 71%|███████   | 98/139 [01:24<00:05,  7.06it/s]
 71%|███████   | 99/139 [01:26<00:29,  1.36it/s]
 72%|███████▏  | 100/139 [01:27<00:31,  1.22it/s]
 73%|███████▎  | 101/139 [01:27<00:26,  1.46it/s]
 73%|███████▎  | 102/139 [01:28<00:21,  1.74it/s]
 74%|███████▍  | 103/139 [01:30<00:40,  1.11s/it]
 75%|███████▍  | 104/139 [01:31<00:31,  1.12it/s]
 76%|███████▌  | 105/139 [01:31<00:26,  1.28it/s]
 76%|███████▋  | 106/139 [01:31<00:21,  1.53it/s]
 77%|███████▋  | 107/139 [01:33<00:26,  1.23it/s]
 78%|███████▊  | 108/139 [01:33<00:20,  1.53it/s]
 78%|███████▊  | 109/139 [01:33<00:15,  1.97it/s]
 79%|███████▉  | 110/139 [01:34<00:14,  1.96it/s]
 80%|███████▉  | 111/139 [01:34<00:12,  2.20it/s]
 81%|████████  | 112/139 [01:34<00:10,  2.47it/s]
 81%|████████▏ | 113/139 [01:34<00:08,  3.14it/s]
 82%|████████▏ | 114/139 [01:34<00:06,  3.84it/s]
 83%|████████▎ | 115/139 [01:35<00:05,  4.59it/s]
 83%|████████▎ | 116/139 [01:35<00:04,  5.36it/s]
 84%|████████▍ | 117/139 [01:35<00:03,  6.11it/s]
 85%|████████▍ | 118/139 [01:37<00:14,  1.44it/s]
 86%|████████▌ | 119/139 [01:37<00:11,  1.79it/s]
 86%|████████▋ | 120/139 [01:37<00:09,  2.09it/s]
 87%|████████▋ | 121/139 [01:39<00:18,  1.00s/it]
 88%|████████▊ | 122/139 [01:40<00:13,  1.27it/s]
 88%|████████▊ | 123/139 [01:40<00:10,  1.52it/s]
 89%|████████▉ | 124/139 [01:42<00:14,  1.02it/s]
 90%|████████▉ | 125/139 [01:42<00:10,  1.34it/s]
 91%|█████████ | 126/139 [01:42<00:07,  1.77it/s]
 91%|█████████▏| 127/139 [01:43<00:05,  2.00it/s]
 92%|█████████▏| 128/139 [01:43<00:05,  2.00it/s]
 93%|█████████▎| 129/139 [01:43<00:03,  2.57it/s]
 94%|█████████▎| 130/139 [01:43<00:03,  2.66it/s]
 94%|█████████▍| 131/139 [01:44<00:02,  3.26it/s]
 95%|█████████▍| 132/139 [01:44<00:02,  3.30it/s]
 96%|█████████▌| 133/139 [01:44<00:01,  4.03it/s]
 96%|█████████▋| 134/139 [01:44<00:01,  3.80it/s]
 97%|█████████▋| 135/139 [01:45<00:01,  3.68it/s]
 98%|█████████▊| 136/139 [01:45<00:00,  4.28it/s]
 99%|█████████▊| 137/139 [01:45<00:00,  4.05it/s]
 99%|█████████▉| 138/139 [01:45<00:00,  3.86it/s]
100%|██████████| 139/139 [01:46<00:00,  3.67it/s]
100%|██████████| 139/139 [01:46<00:00,  1.31it/s]
overall time: 1 minute 52.64 seconds
