Running command: python scripts/history_sampling.py -n 1000 --csv --seed 16873 -a uniform -m rejection data/generated_unified_pmc/uclinux-base_seed56926_pc0.4_pa0.9_pv0.3_pr0.1
data/generated_unified_pmc/uclinux-base_seed56926_pc0.4_pa0.9_pv0.3_pr0.1
1000 samples
method: rejection
seed: 16873
Computing model count of each file:
Processing pairs
Total samples: 50000
Unique samples: 32343 (-35.31%)
wrote results to output/uclinux-base_seed56926_pc0.4_pa0.9_pv0.3_pr0.1_seed16873_uniform_rejection_spur_1000.csv

  0%|          | 0/51 [00:00<?, ?it/s]
 10%|▉         | 5/51 [00:00<00:00, 48.95it/s]
 20%|█▉        | 10/51 [00:00<00:00, 47.51it/s]
 29%|██▉       | 15/51 [00:00<00:00, 41.51it/s]
 39%|███▉      | 20/51 [00:00<00:00, 35.08it/s]
 47%|████▋     | 24/51 [00:00<00:00, 29.91it/s]
 55%|█████▍    | 28/51 [00:00<00:00, 26.01it/s]
 61%|██████    | 31/51 [00:01<00:00, 25.11it/s]
 67%|██████▋   | 34/51 [00:01<00:00, 24.12it/s]
 73%|███████▎  | 37/51 [00:01<00:00, 21.89it/s]
 78%|███████▊  | 40/51 [00:01<00:00, 19.23it/s]
 84%|████████▍ | 43/51 [00:01<00:00, 17.28it/s]
 88%|████████▊ | 45/51 [00:01<00:00, 16.15it/s]
 92%|█████████▏| 47/51 [00:02<00:00, 14.80it/s]
 96%|█████████▌| 49/51 [00:02<00:00, 13.44it/s]
100%|██████████| 51/51 [00:02<00:00, 12.49it/s]
100%|██████████| 51/51 [00:02<00:00, 20.63it/s]

  0%|          | 0/50 [00:00<?, ?it/s]
  2%|▏         | 1/50 [00:00<00:07,  6.61it/s]
  4%|▍         | 2/50 [00:00<00:08,  5.72it/s]
  6%|▌         | 3/50 [00:00<00:06,  7.03it/s]
  8%|▊         | 4/50 [00:00<00:07,  6.53it/s]
 12%|█▏        | 6/50 [00:00<00:05,  8.10it/s]
 14%|█▍        | 7/50 [00:00<00:05,  7.35it/s]
 16%|█▌        | 8/50 [00:01<00:06,  6.62it/s]
 18%|█▊        | 9/50 [00:01<00:06,  6.28it/s]
 20%|██        | 10/50 [00:01<00:06,  5.80it/s]
 22%|██▏       | 11/50 [00:01<00:06,  5.85it/s]
 24%|██▍       | 12/50 [00:01<00:06,  5.99it/s]
 26%|██▌       | 13/50 [00:02<00:06,  5.90it/s]
 30%|███       | 15/50 [00:02<00:05,  6.97it/s]
 34%|███▍      | 17/50 [00:02<00:04,  7.44it/s]
 36%|███▌      | 18/50 [00:02<00:04,  6.99it/s]
 38%|███▊      | 19/50 [00:02<00:04,  6.45it/s]
 40%|████      | 20/50 [00:03<00:04,  6.33it/s]
 42%|████▏     | 21/50 [00:03<00:05,  5.70it/s]
 44%|████▍     | 22/50 [00:03<00:04,  5.79it/s]
 46%|████▌     | 23/50 [00:03<00:04,  5.73it/s]
 48%|████▊     | 24/50 [00:03<00:04,  5.40it/s]
 50%|█████     | 25/50 [00:04<00:04,  5.45it/s]
 52%|█████▏    | 26/50 [00:04<00:04,  5.48it/s]
 54%|█████▍    | 27/50 [00:04<00:04,  5.41it/s]
 56%|█████▌    | 28/50 [00:04<00:04,  5.05it/s]
 58%|█████▊    | 29/50 [00:04<00:03,  5.43it/s]
 60%|██████    | 30/50 [00:04<00:03,  5.33it/s]
 62%|██████▏   | 31/50 [00:05<00:03,  5.59it/s]
 64%|██████▍   | 32/50 [00:05<00:03,  5.46it/s]
 66%|██████▌   | 33/50 [00:05<00:03,  5.34it/s]
 68%|██████▊   | 34/50 [00:05<00:02,  5.39it/s]
 70%|███████   | 35/50 [00:05<00:02,  5.50it/s]
 72%|███████▏  | 36/50 [00:06<00:02,  5.03it/s]
 74%|███████▍  | 37/50 [00:06<00:02,  4.71it/s]
 76%|███████▌  | 38/50 [00:06<00:02,  5.01it/s]
 78%|███████▊  | 39/50 [00:06<00:01,  5.71it/s]
 80%|████████  | 40/50 [00:06<00:01,  5.08it/s]
 82%|████████▏ | 41/50 [00:07<00:01,  5.04it/s]
 84%|████████▍ | 42/50 [00:07<00:01,  5.73it/s]
 86%|████████▌ | 43/50 [00:07<00:01,  5.85it/s]
 88%|████████▊ | 44/50 [00:07<00:01,  5.37it/s]
 90%|█████████ | 45/50 [00:07<00:01,  4.49it/s]
 92%|█████████▏| 46/50 [00:08<00:00,  4.77it/s]
 94%|█████████▍| 47/50 [00:08<00:00,  5.20it/s]
 96%|█████████▌| 48/50 [00:08<00:00,  4.73it/s]
 98%|█████████▊| 49/50 [00:08<00:00,  4.18it/s]
100%|██████████| 50/50 [00:08<00:00,  4.65it/s]
100%|██████████| 50/50 [00:08<00:00,  5.59it/s]
overall time: 11.99 seconds
