Running command: python scripts/history_sampling.py -n 1000 --csv --seed 16873 -m none data/generated_unified_pmc/uclinux-base_seed56926_pc0.4_pa0.9_pv0.3_pr0.1
data/generated_unified_pmc/uclinux-base_seed56926_pc0.4_pa0.9_pv0.3_pr0.1
1000 samples
method: none
seed: 16873
Elapsed time: 5.404 seconds
Total samples: 50000
Unique samples: 51000 (--2.00%)

  0%|          | 0/51 [00:00<?, ?it/s]
  2%|▏         | 1/51 [00:00<00:05,  9.41it/s]
  4%|▍         | 2/51 [00:00<00:05,  9.22it/s]
  6%|▌         | 3/51 [00:00<00:05,  9.11it/s]
  8%|▊         | 4/51 [00:00<00:05,  9.17it/s]
 10%|▉         | 5/51 [00:00<00:04,  9.30it/s]
 12%|█▏        | 6/51 [00:00<00:04,  9.34it/s]
 14%|█▎        | 7/51 [00:00<00:04,  9.41it/s]
 16%|█▌        | 8/51 [00:00<00:04,  9.45it/s]
 18%|█▊        | 9/51 [00:00<00:04,  9.44it/s]
 20%|█▉        | 10/51 [00:01<00:04,  9.23it/s]
 22%|██▏       | 11/51 [00:01<00:04,  8.86it/s]
 24%|██▎       | 12/51 [00:01<00:04,  9.00it/s]
 25%|██▌       | 13/51 [00:01<00:04,  9.26it/s]
 27%|██▋       | 14/51 [00:01<00:04,  9.22it/s]
 29%|██▉       | 15/51 [00:01<00:03,  9.17it/s]
 31%|███▏      | 16/51 [00:01<00:03,  9.33it/s]
 33%|███▎      | 17/51 [00:01<00:03,  9.50it/s]
 35%|███▌      | 18/51 [00:01<00:03,  9.53it/s]
 37%|███▋      | 19/51 [00:02<00:03,  9.61it/s]
 39%|███▉      | 20/51 [00:02<00:03,  9.28it/s]
 41%|████      | 21/51 [00:02<00:03,  9.05it/s]
 43%|████▎     | 22/51 [00:02<00:03,  8.92it/s]
 45%|████▌     | 23/51 [00:02<00:03,  8.67it/s]
 47%|████▋     | 24/51 [00:02<00:03,  8.64it/s]
 49%|████▉     | 25/51 [00:02<00:03,  8.52it/s]
 51%|█████     | 26/51 [00:02<00:02,  8.73it/s]
 53%|█████▎    | 27/51 [00:02<00:02,  8.96it/s]
 55%|█████▍    | 28/51 [00:03<00:02,  9.15it/s]
 59%|█████▉    | 30/51 [00:03<00:02,  9.49it/s]
 63%|██████▎   | 32/51 [00:03<00:01,  9.69it/s]
 65%|██████▍   | 33/51 [00:03<00:01,  9.71it/s]
 67%|██████▋   | 34/51 [00:03<00:01,  9.65it/s]
 69%|██████▊   | 35/51 [00:03<00:01,  9.69it/s]
 71%|███████   | 36/51 [00:03<00:01,  9.60it/s]
 73%|███████▎  | 37/51 [00:03<00:01,  9.36it/s]
 75%|███████▍  | 38/51 [00:04<00:01,  9.02it/s]
 76%|███████▋  | 39/51 [00:04<00:01,  9.21it/s]
 78%|███████▊  | 40/51 [00:04<00:01,  9.24it/s]
 80%|████████  | 41/51 [00:04<00:01,  9.23it/s]
 84%|████████▍ | 43/51 [00:04<00:00,  9.67it/s]
 88%|████████▊ | 45/51 [00:04<00:00,  9.90it/s]
 92%|█████████▏| 47/51 [00:05<00:00, 10.02it/s]
 94%|█████████▍| 48/51 [00:05<00:00, 10.02it/s]
 98%|█████████▊| 50/51 [00:05<00:00, 10.23it/s]
100%|██████████| 51/51 [00:05<00:00,  9.44it/s]
overall time: 5.99 seconds
