Running command: python scripts/history_sampling.py -n 1000 --csv --seed 16873 -m none data/generated_unified_pmc/adderii_seed56926_pc0.4_pa0.9_pv0.3_pr0.1
data/generated_unified_pmc/adderii_seed56926_pc0.4_pa0.9_pv0.3_pr0.1
1000 samples
method: none
seed: 16873
Elapsed time: 100.877 seconds
Total samples: 50000
Unique samples: 51000 (--2.00%)

  0%|          | 0/51 [00:00<?, ?it/s]
  2%|▏         | 1/51 [00:00<00:22,  2.25it/s]
  4%|▍         | 2/51 [00:00<00:21,  2.25it/s]
  6%|▌         | 3/51 [00:01<00:21,  2.26it/s]
  8%|▊         | 4/51 [00:01<00:20,  2.25it/s]
 10%|▉         | 5/51 [00:02<00:20,  2.26it/s]
 12%|█▏        | 6/51 [00:02<00:20,  2.19it/s]
 14%|█▎        | 7/51 [00:03<00:20,  2.15it/s]
 16%|█▌        | 8/51 [00:04<00:25,  1.71it/s]
 18%|█▊        | 9/51 [00:04<00:27,  1.52it/s]
 20%|█▉        | 10/51 [00:05<00:28,  1.46it/s]
 22%|██▏       | 11/51 [00:06<00:30,  1.33it/s]
 24%|██▎       | 12/51 [00:07<00:33,  1.16it/s]
 25%|██▌       | 13/51 [00:08<00:35,  1.07it/s]
 27%|██▋       | 14/51 [00:09<00:34,  1.08it/s]
 29%|██▉       | 15/51 [00:10<00:32,  1.10it/s]
 31%|███▏      | 16/51 [00:11<00:31,  1.11it/s]
 33%|███▎      | 17/51 [00:12<00:31,  1.06it/s]
 35%|███▌      | 18/51 [00:13<00:31,  1.04it/s]
 37%|███▋      | 19/51 [00:14<00:30,  1.04it/s]
 39%|███▉      | 20/51 [00:15<00:28,  1.09it/s]
 41%|████      | 21/51 [00:15<00:26,  1.15it/s]
 43%|████▎     | 22/51 [00:16<00:26,  1.09it/s]
 45%|████▌     | 23/51 [00:18<00:26,  1.04it/s]
 47%|████▋     | 24/51 [00:19<00:27,  1.03s/it]
 49%|████▉     | 25/51 [00:20<00:28,  1.09s/it]
 51%|█████     | 26/51 [00:21<00:29,  1.18s/it]
 53%|█████▎    | 27/51 [00:23<00:30,  1.25s/it]
 55%|█████▍    | 28/51 [00:24<00:31,  1.35s/it]
 57%|█████▋    | 29/51 [00:26<00:32,  1.46s/it]
 59%|█████▉    | 30/51 [00:28<00:34,  1.63s/it]
 61%|██████    | 31/51 [00:30<00:35,  1.76s/it]
 63%|██████▎   | 32/51 [00:32<00:35,  1.87s/it]
 65%|██████▍   | 33/51 [00:35<00:35,  2.00s/it]
 67%|██████▋   | 34/51 [00:37<00:36,  2.14s/it]
 69%|██████▊   | 35/51 [00:39<00:35,  2.19s/it]
 71%|███████   | 36/51 [00:42<00:34,  2.30s/it]
 73%|███████▎  | 37/51 [00:44<00:32,  2.33s/it]
 75%|███████▍  | 38/51 [00:47<00:33,  2.56s/it]
 76%|███████▋  | 39/51 [00:50<00:31,  2.60s/it]
 78%|███████▊  | 40/51 [00:53<00:29,  2.69s/it]
 80%|████████  | 41/51 [00:56<00:26,  2.68s/it]
 82%|████████▏ | 42/51 [00:58<00:23,  2.62s/it]
 84%|████████▍ | 43/51 [01:04<00:27,  3.47s/it]
 86%|████████▋ | 44/51 [01:08<00:25,  3.64s/it]
 88%|████████▊ | 45/51 [01:12<00:22,  3.72s/it]
 90%|█████████ | 46/51 [01:16<00:19,  3.96s/it]
 92%|█████████▏| 47/51 [01:21<00:16,  4.18s/it]
 94%|█████████▍| 48/51 [01:26<00:13,  4.39s/it]
 96%|█████████▌| 49/51 [01:30<00:09,  4.51s/it]
 98%|█████████▊| 50/51 [01:36<00:04,  4.70s/it]
100%|██████████| 51/51 [01:40<00:00,  4.73s/it]
100%|██████████| 51/51 [01:40<00:00,  1.98s/it]
overall time: 1 minute 41.74 seconds
