Running command: python scripts/history_sampling.py -n 1000 --csv --seed 16873 -m none data/generated_unified_pmc/automotive01_seed56926_pc0.4_pa0.9_pv0.3_pr0.1
data/generated_unified_pmc/automotive01_seed56926_pc0.4_pa0.9_pv0.3_pr0.1
1000 samples
method: none
seed: 16873
Elapsed time: 4030.624 seconds
Total samples: 50000
Unique samples: 51000 (--2.00%)

  0%|          | 0/51 [00:00<?, ?it/s]
  2%|▏         | 1/51 [00:05<04:29,  5.38s/it]
  4%|▍         | 2/51 [00:10<04:28,  5.49s/it]
  6%|▌         | 3/51 [00:16<04:15,  5.32s/it]
  8%|▊         | 4/51 [00:21<04:13,  5.39s/it]
 10%|▉         | 5/51 [00:27<04:14,  5.52s/it]
 12%|█▏        | 6/51 [00:32<04:05,  5.46s/it]
 14%|█▎        | 7/51 [00:38<03:58,  5.43s/it]
 16%|█▌        | 8/51 [00:42<03:44,  5.23s/it]
 18%|█▊        | 9/51 [00:48<03:45,  5.36s/it]
 20%|█▉        | 10/51 [00:54<03:42,  5.43s/it]
 22%|██▏       | 11/51 [00:59<03:40,  5.52s/it]
 24%|██▎       | 12/51 [01:05<03:39,  5.62s/it]
 25%|██▌       | 13/51 [01:11<03:33,  5.61s/it]
 27%|██▋       | 14/51 [01:16<03:20,  5.42s/it]
 29%|██▉       | 15/51 [01:22<03:29,  5.82s/it]
 31%|███▏      | 16/51 [01:44<06:13, 10.67s/it]
 33%|███▎      | 17/51 [01:53<05:41, 10.05s/it]
 35%|███▌      | 18/51 [02:57<14:30, 26.37s/it]
 37%|███▋      | 19/51 [04:33<25:13, 47.28s/it]
 39%|███▉      | 20/51 [06:53<38:41, 74.89s/it]
 41%|████      | 21/51 [07:22<30:37, 61.24s/it]
 43%|████▎     | 22/51 [08:06<27:01, 55.92s/it]
 45%|████▌     | 23/51 [08:16<19:45, 42.35s/it]
 47%|████▋     | 24/51 [08:27<14:47, 32.86s/it]
 49%|████▉     | 25/51 [08:36<11:05, 25.61s/it]
 51%|█████     | 26/51 [08:49<09:07, 21.88s/it]
 53%|█████▎    | 27/51 [09:00<07:29, 18.74s/it]
 55%|█████▍    | 28/51 [09:25<07:53, 20.59s/it]
 57%|█████▋    | 29/51 [09:59<09:02, 24.65s/it]
 59%|█████▉    | 30/51 [10:34<09:38, 27.56s/it]
 61%|██████    | 31/51 [11:25<11:34, 34.75s/it]
 63%|██████▎   | 32/51 [11:56<10:39, 33.67s/it]
 65%|██████▍   | 33/51 [12:14<08:38, 28.80s/it]
 67%|██████▋   | 34/51 [12:54<09:05, 32.11s/it]
 69%|██████▊   | 35/51 [13:44<10:03, 37.70s/it]
 71%|███████   | 36/51 [14:41<10:48, 43.26s/it]
 73%|███████▎  | 37/51 [15:36<10:55, 46.80s/it]
 75%|███████▍  | 38/51 [18:41<19:08, 88.36s/it]
 76%|███████▋  | 39/51 [26:12<39:24, 197.05s/it]
 78%|███████▊  | 40/51 [39:39<1:09:40, 380.03s/it]
 80%|████████  | 41/51 [50:06<1:15:41, 454.20s/it]
 82%|████████▏ | 42/51 [51:27<51:20, 342.24s/it]  
 84%|████████▍ | 43/51 [51:50<32:51, 246.39s/it]
 86%|████████▋ | 44/51 [52:20<21:10, 181.50s/it]
 88%|████████▊ | 45/51 [54:37<16:50, 168.36s/it]
 90%|█████████ | 46/51 [58:51<16:10, 194.09s/it]
 92%|█████████▏| 47/51 [1:05:18<16:47, 251.86s/it]
 94%|█████████▍| 48/51 [1:06:11<09:36, 192.05s/it]
 96%|█████████▌| 49/51 [1:06:52<04:53, 146.84s/it]
 98%|█████████▊| 50/51 [1:07:01<01:45, 105.48s/it]
100%|██████████| 51/51 [1:07:10<00:00, 76.58s/it] 
100%|██████████| 51/51 [1:07:10<00:00, 79.03s/it]
overall time: 1 hour 7 minutes 19.01 seconds
