Running command: python scripts/history_sampling.py -n 1000 --csv --seed 16873 -m none data/generated_unified_pmc/ea2468_seed56926_pc0.4_pa0.9_pv0.3_pr0.1
data/generated_unified_pmc/ea2468_seed56926_pc0.4_pa0.9_pv0.3_pr0.1
1000 samples
method: none
seed: 16873
Elapsed time: 100.786 seconds
Total samples: 50000
Unique samples: 51000 (--2.00%)

  0%|          | 0/51 [00:00<?, ?it/s]
  2%|▏         | 1/51 [00:00<00:23,  2.10it/s]
  4%|▍         | 2/51 [00:00<00:23,  2.05it/s]
  6%|▌         | 3/51 [00:01<00:23,  2.04it/s]
  8%|▊         | 4/51 [00:01<00:23,  2.03it/s]
 10%|▉         | 5/51 [00:02<00:23,  1.92it/s]
 12%|█▏        | 6/51 [00:03<00:24,  1.84it/s]
 14%|█▎        | 7/51 [00:03<00:24,  1.79it/s]
 16%|█▌        | 8/51 [00:04<00:24,  1.78it/s]
 18%|█▊        | 9/51 [00:04<00:23,  1.78it/s]
 20%|█▉        | 10/51 [00:05<00:25,  1.64it/s]
 22%|██▏       | 11/51 [00:06<00:27,  1.44it/s]
 24%|██▎       | 12/51 [00:07<00:29,  1.34it/s]
 25%|██▌       | 13/51 [00:08<00:29,  1.28it/s]
 27%|██▋       | 14/51 [00:08<00:29,  1.26it/s]
 29%|██▉       | 15/51 [00:09<00:29,  1.23it/s]
 31%|███▏      | 16/51 [00:10<00:28,  1.22it/s]
 33%|███▎      | 17/51 [00:11<00:27,  1.25it/s]
 35%|███▌      | 18/51 [00:12<00:27,  1.19it/s]
 37%|███▋      | 19/51 [00:13<00:27,  1.17it/s]
 39%|███▉      | 20/51 [00:13<00:25,  1.23it/s]
 41%|████      | 21/51 [00:14<00:24,  1.25it/s]
 43%|████▎     | 22/51 [00:15<00:23,  1.24it/s]
 45%|████▌     | 23/51 [00:16<00:23,  1.20it/s]
 47%|████▋     | 24/51 [00:17<00:23,  1.14it/s]
 49%|████▉     | 25/51 [00:18<00:23,  1.09it/s]
 51%|█████     | 26/51 [00:19<00:24,  1.02it/s]
 53%|█████▎    | 27/51 [00:21<00:27,  1.13s/it]
 55%|█████▍    | 28/51 [00:22<00:29,  1.27s/it]
 57%|█████▋    | 29/51 [00:24<00:31,  1.43s/it]
 59%|█████▉    | 30/51 [00:26<00:34,  1.65s/it]
 61%|██████    | 31/51 [00:28<00:33,  1.70s/it]
 63%|██████▎   | 32/51 [00:30<00:33,  1.76s/it]
 65%|██████▍   | 33/51 [00:32<00:33,  1.86s/it]
 67%|██████▋   | 34/51 [00:34<00:34,  2.01s/it]
 69%|██████▊   | 35/51 [00:36<00:33,  2.07s/it]
 71%|███████   | 36/51 [00:39<00:31,  2.13s/it]
 73%|███████▎  | 37/51 [00:42<00:32,  2.33s/it]
 75%|███████▍  | 38/51 [00:44<00:30,  2.38s/it]
 76%|███████▋  | 39/51 [00:47<00:29,  2.44s/it]
 78%|███████▊  | 40/51 [00:49<00:27,  2.47s/it]
 80%|████████  | 41/51 [00:53<00:28,  2.80s/it]
 82%|████████▏ | 42/51 [00:57<00:28,  3.15s/it]
 84%|████████▍ | 43/51 [01:01<00:27,  3.47s/it]
 86%|████████▋ | 44/51 [01:05<00:25,  3.64s/it]
 88%|████████▊ | 45/51 [01:10<00:24,  4.04s/it]
 90%|█████████ | 46/51 [01:14<00:20,  4.03s/it]
 92%|█████████▏| 47/51 [01:19<00:16,  4.21s/it]
 94%|█████████▍| 48/51 [01:23<00:12,  4.30s/it]
 96%|█████████▌| 49/51 [01:28<00:08,  4.34s/it]
 98%|█████████▊| 50/51 [01:34<00:05,  5.00s/it]
100%|██████████| 51/51 [01:40<00:00,  5.36s/it]
100%|██████████| 51/51 [01:40<00:00,  1.98s/it]
overall time: 1 minute 41.66 seconds
