Running command: python scripts/history_sampling.py -n 1000 --csv --seed 16873 -a uniform -m tseitin data/generated_unified_pmc/adderii_seed56926_pc0.4_pa0.9_pv0.3_pr0.1
data/generated_unified_pmc/adderii_seed56926_pc0.4_pa0.9_pv0.3_pr0.1
1000 samples
method: tseitin
seed: 16873
Computing model count of each file:
Processing pairs

  0%|          | 0/51 [00:00<?, ?it/s]
  8%|▊         | 4/51 [00:00<00:01, 33.34it/s]
 16%|█▌        | 8/51 [00:00<00:01, 30.73it/s]
 24%|██▎       | 12/51 [00:00<00:01, 24.69it/s]
 29%|██▉       | 15/51 [00:00<00:01, 21.82it/s]
 35%|███▌      | 18/51 [00:00<00:01, 20.08it/s]
 41%|████      | 21/51 [00:00<00:01, 19.13it/s]
 45%|████▌     | 23/51 [00:01<00:01, 16.88it/s]
 49%|████▉     | 25/51 [00:01<00:01, 15.63it/s]
 53%|█████▎    | 27/51 [00:01<00:01, 14.65it/s]
 57%|█████▋    | 29/51 [00:01<00:01, 12.90it/s]
 61%|██████    | 31/51 [00:01<00:01, 10.53it/s]
 65%|██████▍   | 33/51 [00:02<00:01,  9.02it/s]
 67%|██████▋   | 34/51 [00:02<00:02,  8.39it/s]
 69%|██████▊   | 35/51 [00:02<00:01,  8.05it/s]
 71%|███████   | 36/51 [00:02<00:01,  7.61it/s]
 73%|███████▎  | 37/51 [00:02<00:01,  7.23it/s]
 75%|███████▍  | 38/51 [00:03<00:01,  6.57it/s]
 76%|███████▋  | 39/51 [00:03<00:01,  6.26it/s]
 78%|███████▊  | 40/51 [00:03<00:01,  6.05it/s]
 80%|████████  | 41/51 [00:03<00:01,  5.10it/s]
 82%|████████▏ | 42/51 [00:03<00:01,  4.72it/s]
 84%|████████▍ | 43/51 [00:04<00:02,  3.16it/s]
 86%|████████▋ | 44/51 [00:05<00:02,  2.38it/s]
 88%|████████▊ | 45/51 [00:05<00:03,  1.91it/s]
 90%|█████████ | 46/51 [00:07<00:03,  1.48it/s]
 92%|█████████▏| 47/51 [00:08<00:03,  1.29it/s]
 94%|█████████▍| 48/51 [00:08<00:02,  1.26it/s]
 96%|█████████▌| 49/51 [00:10<00:01,  1.10it/s]
 98%|█████████▊| 50/51 [00:10<00:00,  1.11it/s]
100%|██████████| 51/51 [00:11<00:00,  1.10it/s]
100%|██████████| 51/51 [00:11<00:00,  4.31it/s]

  0%|          | 0/50 [00:00<?, ?it/s]
  2%|▏         | 1/50 [00:01<01:06,  1.35s/it]
  4%|▍         | 2/50 [00:01<00:36,  1.32it/s]
  6%|▌         | 3/50 [00:02<00:32,  1.46it/s]
  8%|▊         | 4/50 [00:02<00:21,  2.13it/s]
 10%|█         | 5/50 [00:03<00:24,  1.87it/s]
 12%|█▏        | 6/50 [00:03<00:25,  1.71it/s]
 14%|█▍        | 7/50 [00:09<01:35,  2.22s/it]
 16%|█▌        | 8/50 [00:12<01:49,  2.61s/it]
 18%|█▊        | 9/50 [00:13<01:26,  2.11s/it]
 20%|██        | 10/50 [00:14<01:10,  1.75s/it]
 22%|██▏       | 11/50 [00:20<01:59,  3.06s/it]
 24%|██▍       | 12/50 [00:20<01:23,  2.19s/it]
 26%|██▌       | 13/50 [00:25<01:52,  3.04s/it]
 28%|██▊       | 14/50 [00:30<02:05,  3.49s/it]
 30%|███       | 15/50 [00:33<01:59,  3.42s/it]
 32%|███▏      | 16/50 [00:37<02:00,  3.54s/it]
 34%|███▍      | 17/50 [00:38<01:31,  2.79s/it]
 36%|███▌      | 18/50 [00:40<01:17,  2.41s/it]
 38%|███▊      | 19/50 [00:40<00:59,  1.91s/it]
 40%|████      | 20/50 [00:41<00:44,  1.50s/it]
 42%|████▏     | 21/50 [00:46<01:18,  2.70s/it]
 44%|████▍     | 22/50 [00:47<00:54,  1.95s/it]
 46%|████▌     | 23/50 [00:48<00:50,  1.88s/it]
 48%|████▊     | 24/50 [00:54<01:18,  3.03s/it]
 50%|█████     | 25/50 [00:56<01:09,  2.76s/it]
 52%|█████▏    | 26/50 [00:59<01:03,  2.64s/it]
 54%|█████▍    | 27/50 [01:08<01:47,  4.67s/it]
 56%|█████▌    | 28/50 [01:17<02:10,  5.93s/it]
 58%|█████▊    | 29/50 [02:11<07:10, 20.50s/it]
 60%|██████    | 30/50 [02:12<04:49, 14.47s/it]
 62%|██████▏   | 31/50 [02:39<05:48, 18.33s/it]
 64%|██████▍   | 32/50 [02:45<04:23, 14.62s/it]
 66%|██████▌   | 33/50 [02:48<03:07, 11.03s/it]
 68%|██████▊   | 34/50 [03:04<03:22, 12.63s/it]
 70%|███████   | 35/50 [03:07<02:24,  9.63s/it]
 72%|███████▏  | 36/50 [03:22<02:37, 11.22s/it]
 74%|███████▍  | 37/50 [06:44<14:50, 68.51s/it]
 76%|███████▌  | 38/50 [06:47<09:45, 48.78s/it]
 78%|███████▊  | 39/50 [06:47<06:16, 34.24s/it]
 80%|████████  | 40/50 [07:13<05:19, 31.93s/it]
 82%|████████▏ | 41/50 [07:16<03:28, 23.19s/it]
 84%|████████▍ | 42/50 [07:41<03:08, 23.59s/it]
 84%|████████▍ | 42/50 [36:32<06:57, 52.20s/it]
Traceback (most recent call last):
  File "/home/nikf838c/Documents/ase-artifact/scripts/history_sampling.py", line 243, in <module>
    main()
  File "/home/nikf838c/Documents/ase-artifact/scripts/history_sampling.py", line 95, in main
    benchmark(
  File "/home/nikf838c/Documents/ase-artifact/scripts/history_sampling.py", line 164, in benchmark
    samples, results = incremental_sampling(
                       ^^^^^^^^^^^^^^^^^^^^^
  File "/home/nikf838c/Documents/ase-artifact/scripts/incremental_sampling.py", line 407, in incremental_sampling
    samples_new = tseitin_sampling(engine, file_old, file_new, n=num_needed_new)
                  ^^^^^^^^^^^^^^^^^^^^^^^^^^^^^^^^^^^^^^^^^^^^^^^^^^^^^^^^^^^^^^
  File "/home/nikf838c/Documents/ase-artifact/scripts/incremental_sampling.py", line 226, in tseitin_sampling
    samples = get_samples(path, n, engine)
              ^^^^^^^^^^^^^^^^^^^^^^^^^^^^
  File "/home/nikf838c/Documents/ase-artifact/scripts/incremental_sampling.py", line 158, in get_samples
    return get_samples_spur(file, n)
           ^^^^^^^^^^^^^^^^^^^^^^^^^
  File "/home/nikf838c/Documents/ase-artifact/scripts/incremental_sampling.py", line 94, in get_samples_spur
    result.check_returncode()
  File "/usr/lib/python3.12/subprocess.py", line 502, in check_returncode
    raise CalledProcessError(self.returncode, self.args, self.stdout,
subprocess.CalledProcessError: Command '['/home/nikf838c/tools/spur/build/Release/spur', '-cnf', '/tmp/tmp4o4unpad/not_adderii_42_and_adderii_43.dimacs', '-s', '1000', '-out', '/tmp/tmp9z8forza/not_adderii_42_and_adderii_43.dimacs.samples', '-seed', '3698']' died with <Signals.SIGKILL: 9>.
overall time: 36 minutes 54.89 seconds
