Running command: python scripts/history_sampling.py -n 1000 --csv --seed 16873 -a uniform -m tseitin data/generated_unified_pmc/ea2468_seed56926_pc0.4_pa0.9_pv0.3_pr0.1
data/generated_unified_pmc/ea2468_seed56926_pc0.4_pa0.9_pv0.3_pr0.1
1000 samples
method: tseitin
seed: 16873
Computing model count of each file:
Processing pairs
Total samples: 50000
Unique samples: 41528 (-16.94%)
wrote results to output/ea2468_seed56926_pc0.4_pa0.9_pv0.3_pr0.1_seed16873_uniform_tseitin_spur_1000.csv

  0%|          | 0/51 [00:00<?, ?it/s]
  8%|▊         | 4/51 [00:00<00:01, 36.49it/s]
 16%|█▌        | 8/51 [00:00<00:01, 32.73it/s]
 24%|██▎       | 12/51 [00:00<00:01, 29.37it/s]
 29%|██▉       | 15/51 [00:00<00:01, 26.59it/s]
 35%|███▌      | 18/51 [00:00<00:01, 24.86it/s]
 41%|████      | 21/51 [00:00<00:01, 21.96it/s]
 47%|████▋     | 24/51 [00:01<00:01, 18.41it/s]
 51%|█████     | 26/51 [00:01<00:01, 16.93it/s]
 55%|█████▍    | 28/51 [00:01<00:01, 13.11it/s]
 59%|█████▉    | 30/51 [00:01<00:02, 10.15it/s]
 63%|██████▎   | 32/51 [00:02<00:02,  8.08it/s]
 65%|██████▍   | 33/51 [00:02<00:02,  6.92it/s]
 67%|██████▋   | 34/51 [00:02<00:02,  5.98it/s]
 69%|██████▊   | 35/51 [00:03<00:03,  5.07it/s]
 71%|███████   | 36/51 [00:03<00:03,  4.57it/s]
 73%|███████▎  | 37/51 [00:03<00:03,  4.19it/s]
 75%|███████▍  | 38/51 [00:04<00:03,  3.52it/s]
 76%|███████▋  | 39/51 [00:04<00:03,  3.25it/s]
 78%|███████▊  | 40/51 [00:04<00:03,  2.87it/s]
 80%|████████  | 41/51 [00:05<00:03,  2.52it/s]
 82%|████████▏ | 42/51 [00:05<00:03,  2.27it/s]
 84%|████████▍ | 43/51 [00:06<00:03,  2.13it/s]
 86%|████████▋ | 44/51 [00:07<00:03,  1.80it/s]
 88%|████████▊ | 45/51 [00:07<00:03,  1.66it/s]
 90%|█████████ | 46/51 [00:08<00:03,  1.63it/s]
 92%|█████████▏| 47/51 [00:09<00:02,  1.60it/s]
 94%|█████████▍| 48/51 [00:09<00:01,  1.59it/s]
 96%|█████████▌| 49/51 [00:10<00:01,  1.56it/s]
 98%|█████████▊| 50/51 [00:11<00:00,  1.17it/s]
100%|██████████| 51/51 [00:13<00:00,  1.02s/it]
100%|██████████| 51/51 [00:13<00:00,  3.85it/s]

  0%|          | 0/50 [00:00<?, ?it/s]
  2%|▏         | 1/50 [00:01<00:59,  1.22s/it]
  4%|▍         | 2/50 [00:01<00:41,  1.17it/s]
  6%|▌         | 3/50 [00:02<00:37,  1.26it/s]
  8%|▊         | 4/50 [00:03<00:36,  1.27it/s]
 10%|█         | 5/50 [00:04<00:36,  1.25it/s]
 12%|█▏        | 6/50 [00:04<00:30,  1.43it/s]
 14%|█▍        | 7/50 [00:05<00:34,  1.25it/s]
 16%|█▌        | 8/50 [00:05<00:24,  1.69it/s]
 18%|█▊        | 9/50 [00:09<01:10,  1.71s/it]
 20%|██        | 10/50 [00:11<01:00,  1.51s/it]
 22%|██▏       | 11/50 [00:13<01:05,  1.68s/it]
 24%|██▍       | 12/50 [00:13<00:46,  1.22s/it]
 26%|██▌       | 13/50 [00:13<00:33,  1.12it/s]
 28%|██▊       | 14/50 [00:14<00:31,  1.13it/s]
 30%|███       | 15/50 [00:14<00:23,  1.50it/s]
 32%|███▏      | 16/50 [00:17<00:42,  1.24s/it]
 34%|███▍      | 17/50 [00:19<00:53,  1.61s/it]
 36%|███▌      | 18/50 [00:22<01:04,  2.03s/it]
 38%|███▊      | 19/50 [00:25<01:10,  2.29s/it]
 40%|████      | 20/50 [00:27<01:08,  2.28s/it]
 42%|████▏     | 21/50 [00:28<00:56,  1.95s/it]
 44%|████▍     | 22/50 [00:30<00:49,  1.76s/it]
 46%|████▌     | 23/50 [00:31<00:44,  1.64s/it]
 48%|████▊     | 24/50 [00:37<01:19,  3.05s/it]
 50%|█████     | 25/50 [00:39<01:04,  2.59s/it]
 52%|█████▏    | 26/50 [00:50<02:03,  5.13s/it]
 54%|█████▍    | 27/50 [00:59<02:25,  6.35s/it]
 56%|█████▌    | 28/50 [01:01<01:51,  5.08s/it]
 58%|█████▊    | 29/50 [01:04<01:29,  4.25s/it]
 60%|██████    | 30/50 [01:44<05:01, 15.07s/it]
 62%|██████▏   | 31/50 [01:46<03:34, 11.31s/it]
 64%|██████▍   | 32/50 [02:05<04:01, 13.43s/it]
 66%|██████▌   | 33/50 [02:21<04:02, 14.26s/it]
 68%|██████▊   | 34/50 [02:24<02:54, 10.89s/it]
 70%|███████   | 35/50 [02:27<02:08,  8.57s/it]
 72%|███████▏  | 36/50 [03:03<03:55, 16.84s/it]
 74%|███████▍  | 37/50 [03:22<03:47, 17.47s/it]
 76%|███████▌  | 38/50 [03:53<04:15, 21.31s/it]
 78%|███████▊  | 39/50 [03:56<02:54, 15.87s/it]
 80%|████████  | 40/50 [04:00<02:03, 12.35s/it]
 82%|████████▏ | 41/50 [04:05<01:30, 10.08s/it]
 84%|████████▍ | 42/50 [04:34<02:06, 15.77s/it]
 86%|████████▌ | 43/50 [04:39<01:29, 12.73s/it]
 88%|████████▊ | 44/50 [05:30<02:23, 23.98s/it]
 90%|█████████ | 45/50 [05:35<01:31, 18.33s/it]
 92%|█████████▏| 46/50 [05:39<00:57, 14.25s/it]
 94%|█████████▍| 47/50 [05:40<00:30, 10.20s/it]
 96%|█████████▌| 48/50 [06:17<00:36, 18.27s/it]
 98%|█████████▊| 49/50 [07:21<00:31, 31.90s/it]
100%|██████████| 50/50 [07:23<00:00, 22.80s/it]
100%|██████████| 50/50 [07:23<00:00,  8.86s/it]
overall time: 7 minutes 37.18 seconds
