Running command: python scripts/history_sampling.py -n 1000 --csv --seed 16873 -a uniform -m tseitin data/generated_unified_pmc/uclinux-base_seed56926_pc0.4_pa0.9_pv0.3_pr0.1
data/generated_unified_pmc/uclinux-base_seed56926_pc0.4_pa0.9_pv0.3_pr0.1
1000 samples
method: tseitin
seed: 16873
Computing model count of each file:
Processing pairs
Total samples: 50000
Unique samples: 32367 (-35.27%)
wrote results to output/uclinux-base_seed56926_pc0.4_pa0.9_pv0.3_pr0.1_seed16873_uniform_tseitin_spur_1000.csv

  0%|          | 0/51 [00:00<?, ?it/s]
 12%|█▏        | 6/51 [00:00<00:00, 51.91it/s]
 24%|██▎       | 12/51 [00:00<00:00, 49.37it/s]
 33%|███▎      | 17/51 [00:00<00:00, 42.22it/s]
 43%|████▎     | 22/51 [00:00<00:00, 34.96it/s]
 51%|█████     | 26/51 [00:00<00:00, 30.83it/s]
 59%|█████▉    | 30/51 [00:00<00:00, 27.50it/s]
 65%|██████▍   | 33/51 [00:01<00:00, 26.30it/s]
 71%|███████   | 36/51 [00:01<00:00, 24.39it/s]
 76%|███████▋  | 39/51 [00:01<00:00, 21.68it/s]
 82%|████████▏ | 42/51 [00:01<00:00, 19.11it/s]
 86%|████████▋ | 44/51 [00:01<00:00, 17.98it/s]
 90%|█████████ | 46/51 [00:01<00:00, 16.39it/s]
 94%|█████████▍| 48/51 [00:02<00:00, 14.79it/s]
 98%|█████████▊| 50/51 [00:02<00:00, 13.70it/s]
100%|██████████| 51/51 [00:02<00:00, 22.01it/s]

  0%|          | 0/50 [00:00<?, ?it/s]
  2%|▏         | 1/50 [00:00<00:07,  6.94it/s]
  6%|▌         | 3/50 [00:00<00:04,  9.50it/s]
  8%|▊         | 4/50 [00:00<00:13,  3.46it/s]
 12%|█▏        | 6/50 [00:01<00:08,  5.11it/s]
 14%|█▍        | 7/50 [00:02<00:16,  2.64it/s]
 16%|█▌        | 8/50 [00:02<00:18,  2.30it/s]
 18%|█▊        | 9/50 [00:02<00:16,  2.56it/s]
 20%|██        | 10/50 [00:07<01:01,  1.54s/it]
 22%|██▏       | 11/50 [00:08<00:50,  1.29s/it]
 24%|██▍       | 12/50 [00:08<00:39,  1.05s/it]
 26%|██▌       | 13/50 [00:09<00:36,  1.01it/s]
 28%|██▊       | 14/50 [00:09<00:26,  1.37it/s]
 30%|███       | 15/50 [00:09<00:20,  1.74it/s]
 34%|███▍      | 17/50 [00:10<00:16,  1.95it/s]
 36%|███▌      | 18/50 [00:11<00:17,  1.79it/s]
 38%|███▊      | 19/50 [00:12<00:26,  1.17it/s]
 40%|████      | 20/50 [00:13<00:20,  1.46it/s]
 42%|████▏     | 21/50 [00:17<00:51,  1.78s/it]
 44%|████▍     | 22/50 [00:17<00:37,  1.34s/it]
 46%|████▌     | 23/50 [00:18<00:27,  1.02s/it]
 48%|████▊     | 24/50 [00:18<00:23,  1.10it/s]
 50%|█████     | 25/50 [00:19<00:17,  1.42it/s]
 52%|█████▏    | 26/50 [00:20<00:19,  1.24it/s]
 54%|█████▍    | 27/50 [00:20<00:14,  1.53it/s]
 56%|█████▌    | 28/50 [00:24<00:35,  1.60s/it]
 58%|█████▊    | 29/50 [00:25<00:28,  1.37s/it]
 60%|██████    | 30/50 [00:25<00:23,  1.15s/it]
 62%|██████▏   | 31/50 [00:26<00:20,  1.05s/it]
 64%|██████▍   | 32/50 [00:27<00:15,  1.13it/s]
 66%|██████▌   | 33/50 [00:28<00:17,  1.03s/it]
 68%|██████▊   | 34/50 [00:29<00:16,  1.02s/it]
 70%|███████   | 35/50 [00:30<00:16,  1.10s/it]
 72%|███████▏  | 36/50 [00:37<00:37,  2.71s/it]
 74%|███████▍  | 37/50 [00:46<00:59,  4.59s/it]
 76%|███████▌  | 38/50 [00:47<00:43,  3.61s/it]
 78%|███████▊  | 39/50 [00:47<00:28,  2.63s/it]
 80%|████████  | 40/50 [00:52<00:33,  3.33s/it]
 82%|████████▏ | 41/50 [00:53<00:22,  2.46s/it]
 84%|████████▍ | 42/50 [00:53<00:14,  1.76s/it]
 86%|████████▌ | 43/50 [00:54<00:10,  1.55s/it]
 88%|████████▊ | 44/50 [00:55<00:08,  1.45s/it]
 90%|█████████ | 45/50 [00:56<00:06,  1.29s/it]
 92%|█████████▏| 46/50 [00:57<00:05,  1.27s/it]
 94%|█████████▍| 47/50 [00:58<00:02,  1.00it/s]
 96%|█████████▌| 48/50 [00:59<00:02,  1.02s/it]
 98%|█████████▊| 49/50 [01:18<00:06,  6.54s/it]
100%|██████████| 50/50 [01:18<00:00,  4.70s/it]
100%|██████████| 50/50 [01:18<00:00,  1.58s/it]
overall time: 1 minute 22.18 seconds
