Running command: python scripts/history_sampling.py -n 1000 --csv --seed 16873 -a uniform -m rejection data/generated_unified_pmc/automotive01_seed56926_pc0.4_pa0.9_pv0.3_pr0.1
data/generated_unified_pmc/automotive01_seed56926_pc0.4_pa0.9_pv0.3_pr0.1
1000 samples
method: rejection
seed: 16873
Computing model count of each file:
Processing pairs
Total samples: 50000
Unique samples: 39146 (-21.71%)
wrote results to output/automotive01_seed56926_pc0.4_pa0.9_pv0.3_pr0.1_seed16873_uniform_rejection_spur_1000.csv

  0%|          | 0/51 [00:00<?, ?it/s]
  2%|▏         | 1/51 [00:00<00:15,  3.18it/s]
  4%|▍         | 2/51 [00:00<00:15,  3.17it/s]
  6%|▌         | 3/51 [00:00<00:15,  3.12it/s]
  8%|▊         | 4/51 [00:01<00:15,  3.00it/s]
 10%|▉         | 5/51 [00:01<00:15,  2.99it/s]
 12%|█▏        | 6/51 [00:02<00:15,  2.89it/s]
 14%|█▎        | 7/51 [00:02<00:15,  2.83it/s]
 16%|█▌        | 8/51 [00:02<00:15,  2.80it/s]
 18%|█▊        | 9/51 [00:03<00:15,  2.74it/s]
 20%|█▉        | 10/51 [00:03<00:14,  2.74it/s]
 22%|██▏       | 11/51 [00:03<00:14,  2.68it/s]
 24%|██▎       | 12/51 [00:04<00:16,  2.35it/s]
 25%|██▌       | 13/51 [00:04<00:17,  2.22it/s]
 27%|██▋       | 14/51 [00:05<00:17,  2.10it/s]
 29%|██▉       | 15/51 [00:06<00:18,  1.98it/s]
 31%|███▏      | 16/51 [00:06<00:20,  1.68it/s]
 33%|███▎      | 17/51 [00:07<00:21,  1.56it/s]
 35%|███▌      | 18/51 [00:08<00:22,  1.46it/s]
 37%|███▋      | 19/51 [00:09<00:23,  1.37it/s]
 39%|███▉      | 20/51 [00:10<00:23,  1.30it/s]
 41%|████      | 21/51 [00:10<00:24,  1.24it/s]
 43%|████▎     | 22/51 [00:11<00:24,  1.18it/s]
 45%|████▌     | 23/51 [00:12<00:24,  1.16it/s]
 47%|████▋     | 24/51 [00:13<00:23,  1.14it/s]
 49%|████▉     | 25/51 [00:14<00:23,  1.13it/s]
 51%|█████     | 26/51 [00:15<00:23,  1.06it/s]
 53%|█████▎    | 27/51 [00:16<00:23,  1.01it/s]
 55%|█████▍    | 28/51 [00:17<00:23,  1.03s/it]
 57%|█████▋    | 29/51 [00:18<00:22,  1.01s/it]
 59%|█████▉    | 30/51 [00:19<00:21,  1.00s/it]
 61%|██████    | 31/51 [00:21<00:23,  1.18s/it]
 63%|██████▎   | 32/51 [00:23<00:26,  1.37s/it]
 65%|██████▍   | 33/51 [00:25<00:28,  1.59s/it]
 67%|██████▋   | 34/51 [00:26<00:25,  1.53s/it]
 69%|██████▊   | 35/51 [00:28<00:24,  1.56s/it]
 71%|███████   | 36/51 [00:30<00:23,  1.57s/it]
 73%|███████▎  | 37/51 [00:31<00:22,  1.59s/it]
 75%|███████▍  | 38/51 [00:34<00:26,  2.02s/it]
 76%|███████▋  | 39/51 [00:37<00:28,  2.40s/it]
 78%|███████▊  | 40/51 [00:41<00:30,  2.78s/it]
 80%|████████  | 41/51 [00:44<00:26,  2.67s/it]
 82%|████████▏ | 42/51 [00:46<00:24,  2.74s/it]
 84%|████████▍ | 43/51 [00:49<00:22,  2.77s/it]
 86%|████████▋ | 44/51 [00:52<00:18,  2.68s/it]
 88%|████████▊ | 45/51 [00:54<00:15,  2.53s/it]
 90%|█████████ | 46/51 [00:56<00:12,  2.43s/it]
 92%|█████████▏| 47/51 [00:59<00:09,  2.43s/it]
 94%|█████████▍| 48/51 [01:01<00:06,  2.32s/it]
 96%|█████████▌| 49/51 [01:03<00:04,  2.22s/it]
 98%|█████████▊| 50/51 [01:04<00:02,  2.09s/it]
100%|██████████| 51/51 [01:06<00:00,  1.97s/it]
100%|██████████| 51/51 [01:06<00:00,  1.31s/it]

  0%|          | 0/50 [00:00<?, ?it/s]
  2%|▏         | 1/50 [00:05<04:08,  5.07s/it]
  4%|▍         | 2/50 [00:11<04:36,  5.77s/it]
  6%|▌         | 3/50 [00:11<02:38,  3.38s/it]
  8%|▊         | 4/50 [00:18<03:30,  4.57s/it]
 10%|█         | 5/50 [00:24<03:57,  5.27s/it]
 12%|█▏        | 6/50 [00:29<03:42,  5.06s/it]
 14%|█▍        | 7/50 [00:35<03:45,  5.24s/it]
 16%|█▌        | 8/50 [00:41<03:56,  5.63s/it]
 18%|█▊        | 9/50 [00:48<04:03,  5.94s/it]
 20%|██        | 10/50 [00:53<03:52,  5.81s/it]
 22%|██▏       | 11/50 [00:59<03:46,  5.80s/it]
 24%|██▍       | 12/50 [01:05<03:39,  5.79s/it]
 26%|██▌       | 13/50 [01:10<03:34,  5.78s/it]
 28%|██▊       | 14/50 [01:18<03:52,  6.45s/it]
 30%|███       | 15/50 [01:43<06:57, 11.92s/it]
 32%|███▏      | 16/50 [01:54<06:35, 11.62s/it]
 34%|███▍      | 17/50 [02:59<15:16, 27.77s/it]
 36%|███▌      | 18/50 [03:37<16:24, 30.77s/it]
 38%|███▊      | 19/50 [05:59<33:08, 64.15s/it]
 40%|████      | 20/50 [06:31<27:15, 54.51s/it]
 42%|████▏     | 21/50 [07:20<25:34, 52.93s/it]
 44%|████▍     | 22/50 [07:34<19:16, 41.29s/it]
 46%|████▌     | 23/50 [07:46<14:36, 32.46s/it]
 48%|████▊     | 24/50 [08:01<11:45, 27.12s/it]
 50%|█████     | 25/50 [08:19<10:08, 24.34s/it]
 52%|█████▏    | 26/50 [08:34<08:40, 21.69s/it]
 54%|█████▍    | 27/50 [08:53<07:56, 20.73s/it]
 56%|█████▌    | 28/50 [09:27<09:06, 24.83s/it]
 58%|█████▊    | 29/50 [10:05<10:00, 28.62s/it]
 60%|██████    | 30/50 [11:02<12:24, 37.23s/it]
 62%|██████▏   | 31/50 [11:35<11:24, 36.03s/it]
 64%|██████▍   | 32/50 [11:54<09:14, 30.78s/it]
 66%|██████▌   | 33/50 [12:31<09:15, 32.68s/it]
 68%|██████▊   | 34/50 [12:47<07:23, 27.71s/it]
 70%|███████   | 35/50 [12:49<04:59, 19.95s/it]
 72%|███████▏  | 36/50 [13:50<07:32, 32.29s/it]
 74%|███████▍  | 37/50 [17:06<17:37, 81.34s/it]
 76%|███████▌  | 38/50 [25:35<41:58, 209.84s/it]
 78%|███████▊  | 39/50 [39:24<1:12:30, 395.54s/it]
 80%|████████  | 40/50 [50:07<1:18:17, 469.77s/it]
 82%|████████▏ | 41/50 [52:10<54:52, 365.83s/it]  
 84%|████████▍ | 42/50 [52:38<35:15, 264.42s/it]
 86%|████████▌ | 43/50 [53:12<22:45, 195.12s/it]
 88%|████████▊ | 44/50 [55:39<18:04, 180.71s/it]
 90%|█████████ | 45/50 [55:53<10:54, 130.82s/it]
 92%|█████████▏| 46/50 [1:02:47<14:23, 215.87s/it]
 94%|█████████▍| 47/50 [1:04:22<08:58, 179.58s/it]
 96%|█████████▌| 48/50 [1:04:59<04:33, 136.82s/it]
 98%|█████████▊| 49/50 [1:05:09<01:38, 98.70s/it] 
100%|██████████| 50/50 [1:05:11<00:00, 69.65s/it]
100%|██████████| 50/50 [1:05:11<00:00, 78.23s/it]
overall time: 1 hour 6 minutes 19.31 seconds
