Running command: python scripts/history_sampling.py -n 1000 --csv --seed 16873 -a uniform -m rejection data/generated_unified_pmc/adderii_seed56926_pc0.4_pa0.9_pv0.3_pr0.1
data/generated_unified_pmc/adderii_seed56926_pc0.4_pa0.9_pv0.3_pr0.1
1000 samples
method: rejection
seed: 16873
Computing model count of each file:
Processing pairs
Total samples: 50000
Unique samples: 37970 (-24.06%)
wrote results to output/adderii_seed56926_pc0.4_pa0.9_pv0.3_pr0.1_seed16873_uniform_rejection_spur_1000.csv

  0%|          | 0/51 [00:00<?, ?it/s]
  8%|▊         | 4/51 [00:00<00:01, 33.28it/s]
 16%|█▌        | 8/51 [00:00<00:01, 30.16it/s]
 24%|██▎       | 12/51 [00:00<00:01, 24.26it/s]
 29%|██▉       | 15/51 [00:00<00:01, 21.61it/s]
 35%|███▌      | 18/51 [00:00<00:01, 19.88it/s]
 41%|████      | 21/51 [00:00<00:01, 18.80it/s]
 45%|████▌     | 23/51 [00:01<00:01, 16.76it/s]
 49%|████▉     | 25/51 [00:01<00:01, 15.54it/s]
 53%|█████▎    | 27/51 [00:01<00:01, 14.59it/s]
 57%|█████▋    | 29/51 [00:01<00:01, 12.62it/s]
 61%|██████    | 31/51 [00:01<00:01, 10.57it/s]
 65%|██████▍   | 33/51 [00:02<00:01,  9.21it/s]
 67%|██████▋   | 34/51 [00:02<00:01,  8.70it/s]
 69%|██████▊   | 35/51 [00:02<00:01,  8.28it/s]
 71%|███████   | 36/51 [00:02<00:01,  7.84it/s]
 73%|███████▎  | 37/51 [00:02<00:01,  7.40it/s]
 75%|███████▍  | 38/51 [00:03<00:01,  6.87it/s]
 76%|███████▋  | 39/51 [00:03<00:01,  6.27it/s]
 78%|███████▊  | 40/51 [00:03<00:01,  5.90it/s]
 80%|████████  | 41/51 [00:03<00:01,  5.01it/s]
 82%|████████▏ | 42/51 [00:03<00:01,  4.66it/s]
 84%|████████▍ | 43/51 [00:04<00:02,  3.13it/s]
 86%|████████▋ | 44/51 [00:05<00:03,  2.30it/s]
 88%|████████▊ | 45/51 [00:05<00:03,  1.92it/s]
 90%|█████████ | 46/51 [00:06<00:03,  1.51it/s]
 92%|█████████▏| 47/51 [00:08<00:03,  1.29it/s]
 94%|█████████▍| 48/51 [00:08<00:02,  1.27it/s]
 96%|█████████▌| 49/51 [00:09<00:01,  1.11it/s]
 98%|█████████▊| 50/51 [00:10<00:00,  1.11it/s]
100%|██████████| 51/51 [00:11<00:00,  1.11it/s]
100%|██████████| 51/51 [00:11<00:00,  4.33it/s]

  0%|          | 0/50 [00:00<?, ?it/s]
  2%|▏         | 1/50 [00:01<00:56,  1.16s/it]
  4%|▍         | 2/50 [00:01<00:40,  1.17it/s]
  6%|▌         | 3/50 [00:02<00:34,  1.37it/s]
  8%|▊         | 4/50 [00:02<00:22,  2.02it/s]
 10%|█         | 5/50 [00:03<00:24,  1.82it/s]
 12%|█▏        | 6/50 [00:03<00:26,  1.68it/s]
 14%|█▍        | 7/50 [00:05<00:33,  1.28it/s]
 16%|█▌        | 8/50 [00:06<00:38,  1.09it/s]
 18%|█▊        | 9/50 [00:07<00:39,  1.04it/s]
 20%|██        | 10/50 [00:08<00:39,  1.02it/s]
 22%|██▏       | 11/50 [00:09<00:46,  1.18s/it]
 24%|██▍       | 12/50 [00:10<00:33,  1.14it/s]
 26%|██▌       | 13/50 [00:11<00:36,  1.02it/s]
 28%|██▊       | 14/50 [00:12<00:38,  1.06s/it]
 30%|███       | 15/50 [00:13<00:39,  1.12s/it]
 32%|███▏      | 16/50 [00:15<00:40,  1.19s/it]
 34%|███▍      | 17/50 [00:16<00:42,  1.27s/it]
 36%|███▌      | 18/50 [00:18<00:42,  1.34s/it]
 38%|███▊      | 19/50 [00:19<00:39,  1.26s/it]
 40%|████      | 20/50 [00:20<00:38,  1.28s/it]
 42%|████▏     | 21/50 [00:21<00:35,  1.21s/it]
 44%|████▍     | 22/50 [00:21<00:25,  1.10it/s]
 46%|████▌     | 23/50 [00:23<00:33,  1.25s/it]
 48%|████▊     | 24/50 [00:25<00:35,  1.38s/it]
 50%|█████     | 25/50 [00:27<00:41,  1.68s/it]
 52%|█████▏    | 26/50 [00:30<00:46,  1.95s/it]
 54%|█████▍    | 27/50 [00:32<00:43,  1.91s/it]
 56%|█████▌    | 28/50 [00:34<00:43,  1.96s/it]
 58%|█████▊    | 29/50 [00:36<00:43,  2.08s/it]
 60%|██████    | 30/50 [00:37<00:31,  1.57s/it]
 62%|██████▏   | 31/50 [00:39<00:34,  1.80s/it]
 64%|██████▍   | 32/50 [00:42<00:37,  2.07s/it]
 66%|██████▌   | 33/50 [00:44<00:38,  2.27s/it]
 68%|██████▊   | 34/50 [00:47<00:37,  2.36s/it]
 70%|███████   | 35/50 [00:50<00:36,  2.44s/it]
 72%|███████▏  | 36/50 [00:52<00:34,  2.49s/it]
 74%|███████▍  | 37/50 [00:55<00:35,  2.71s/it]
 76%|███████▌  | 38/50 [00:59<00:34,  2.90s/it]
 78%|███████▊  | 39/50 [00:59<00:23,  2.12s/it]
 80%|████████  | 40/50 [01:02<00:23,  2.38s/it]
 82%|████████▏ | 41/50 [01:05<00:24,  2.69s/it]
 84%|████████▍ | 42/50 [01:11<00:27,  3.47s/it]
 86%|████████▌ | 43/50 [01:15<00:26,  3.79s/it]
 88%|████████▊ | 44/50 [01:19<00:22,  3.81s/it]
 90%|█████████ | 45/50 [01:26<00:23,  4.61s/it]
 92%|█████████▏| 46/50 [01:31<00:19,  4.93s/it]
 94%|█████████▍| 47/50 [01:37<00:15,  5.16s/it]
 96%|█████████▌| 48/50 [01:44<00:11,  5.64s/it]
 98%|█████████▊| 49/50 [01:50<00:05,  5.72s/it]
100%|██████████| 50/50 [01:51<00:00,  4.29s/it]
100%|██████████| 50/50 [01:51<00:00,  2.22s/it]
overall time: 2 minutes 3.63 seconds
