Running command: python scripts/history_sampling.py -n 1000 --csv --seed 16873 -a uniform -m rejection data/generated_unified_pmc/ea2468_seed56926_pc0.4_pa0.9_pv0.3_pr0.1
data/generated_unified_pmc/ea2468_seed56926_pc0.4_pa0.9_pv0.3_pr0.1
1000 samples
method: rejection
seed: 16873
Computing model count of each file:
Processing pairs
Total samples: 50000
Unique samples: 41572 (-16.86%)
wrote results to output/ea2468_seed56926_pc0.4_pa0.9_pv0.3_pr0.1_seed16873_uniform_rejection_spur_1000.csv

  0%|          | 0/51 [00:00<?, ?it/s]
  8%|▊         | 4/51 [00:00<00:01, 38.73it/s]
 16%|█▌        | 8/51 [00:00<00:01, 33.84it/s]
 24%|██▎       | 12/51 [00:00<00:01, 29.85it/s]
 31%|███▏      | 16/51 [00:00<00:01, 26.49it/s]
 37%|███▋      | 19/51 [00:00<00:01, 24.69it/s]
 43%|████▎     | 22/51 [00:00<00:01, 21.19it/s]
 49%|████▉     | 25/51 [00:01<00:01, 17.87it/s]
 53%|█████▎    | 27/51 [00:01<00:01, 15.09it/s]
 57%|█████▋    | 29/51 [00:01<00:01, 11.53it/s]
 61%|██████    | 31/51 [00:01<00:02,  9.07it/s]
 65%|██████▍   | 33/51 [00:02<00:02,  7.20it/s]
 67%|██████▋   | 34/51 [00:02<00:02,  6.12it/s]
 69%|██████▊   | 35/51 [00:03<00:03,  5.19it/s]
 71%|███████   | 36/51 [00:03<00:03,  4.52it/s]
 73%|███████▎  | 37/51 [00:03<00:03,  4.09it/s]
 75%|███████▍  | 38/51 [00:04<00:03,  3.54it/s]
 76%|███████▋  | 39/51 [00:04<00:03,  3.30it/s]
 78%|███████▊  | 40/51 [00:04<00:03,  2.94it/s]
 80%|████████  | 41/51 [00:05<00:03,  2.51it/s]
 82%|████████▏ | 42/51 [00:05<00:03,  2.29it/s]
 84%|████████▍ | 43/51 [00:06<00:03,  2.16it/s]
 86%|████████▋ | 44/51 [00:07<00:03,  1.82it/s]
 88%|████████▊ | 45/51 [00:07<00:03,  1.66it/s]
 90%|█████████ | 46/51 [00:08<00:03,  1.63it/s]
 92%|█████████▏| 47/51 [00:09<00:02,  1.62it/s]
 94%|█████████▍| 48/51 [00:09<00:01,  1.59it/s]
 96%|█████████▌| 49/51 [00:10<00:01,  1.57it/s]
 98%|█████████▊| 50/51 [00:11<00:00,  1.17it/s]
100%|██████████| 51/51 [00:13<00:00,  1.00it/s]
100%|██████████| 51/51 [00:13<00:00,  3.85it/s]

  0%|          | 0/50 [00:00<?, ?it/s]
  2%|▏         | 1/50 [00:01<00:52,  1.08s/it]
  4%|▍         | 2/50 [00:01<00:38,  1.26it/s]
  6%|▌         | 3/50 [00:02<00:33,  1.39it/s]
  8%|▊         | 4/50 [00:03<00:33,  1.36it/s]
 10%|█         | 5/50 [00:03<00:34,  1.31it/s]
 12%|█▏        | 6/50 [00:04<00:29,  1.48it/s]
 14%|█▍        | 7/50 [00:05<00:30,  1.42it/s]
 16%|█▌        | 8/50 [00:05<00:21,  1.92it/s]
 18%|█▊        | 9/50 [00:06<00:26,  1.56it/s]
 20%|██        | 10/50 [00:07<00:30,  1.30it/s]
 22%|██▏       | 11/50 [00:08<00:32,  1.19it/s]
 24%|██▍       | 12/50 [00:08<00:23,  1.59it/s]
 26%|██▌       | 13/50 [00:08<00:17,  2.09it/s]
 28%|██▊       | 14/50 [00:09<00:21,  1.70it/s]
 30%|███       | 15/50 [00:09<00:15,  2.20it/s]
 32%|███▏      | 16/50 [00:10<00:20,  1.65it/s]
 34%|███▍      | 17/50 [00:11<00:24,  1.32it/s]
 36%|███▌      | 18/50 [00:12<00:26,  1.19it/s]
 38%|███▊      | 19/50 [00:13<00:26,  1.17it/s]
 40%|████      | 20/50 [00:14<00:26,  1.14it/s]
 42%|████▏     | 21/50 [00:15<00:26,  1.09it/s]
 44%|████▍     | 22/50 [00:16<00:28,  1.02s/it]
 46%|████▌     | 23/50 [00:18<00:30,  1.13s/it]
 48%|████▊     | 24/50 [00:19<00:29,  1.14s/it]
 50%|█████     | 25/50 [00:20<00:30,  1.24s/it]
 52%|█████▏    | 26/50 [00:22<00:33,  1.38s/it]
 54%|█████▍    | 27/50 [00:24<00:35,  1.52s/it]
 56%|█████▌    | 28/50 [00:26<00:37,  1.72s/it]
 58%|█████▊    | 29/50 [00:28<00:39,  1.88s/it]
 60%|██████    | 30/50 [00:30<00:38,  1.92s/it]
 62%|██████▏   | 31/50 [00:33<00:39,  2.08s/it]
 64%|██████▍   | 32/50 [00:35<00:38,  2.12s/it]
 66%|██████▌   | 33/50 [00:37<00:37,  2.22s/it]
 68%|██████▊   | 34/50 [00:40<00:39,  2.47s/it]
 70%|███████   | 35/50 [00:44<00:39,  2.66s/it]
 72%|███████▏  | 36/50 [00:47<00:39,  2.81s/it]
 74%|███████▍  | 37/50 [00:49<00:36,  2.82s/it]
 76%|███████▌  | 38/50 [00:53<00:34,  2.90s/it]
 78%|███████▊  | 39/50 [00:56<00:32,  2.95s/it]
 80%|████████  | 40/50 [01:00<00:32,  3.29s/it]
 82%|████████▏ | 41/50 [01:04<00:33,  3.72s/it]
 84%|████████▍ | 42/50 [01:09<00:31,  3.89s/it]
 86%|████████▌ | 43/50 [01:14<00:30,  4.37s/it]
 88%|████████▊ | 44/50 [01:20<00:27,  4.66s/it]
 90%|█████████ | 45/50 [01:25<00:24,  4.82s/it]
 92%|█████████▏| 46/50 [01:29<00:19,  4.79s/it]
 94%|█████████▍| 47/50 [01:30<00:10,  3.59s/it]
 96%|█████████▌| 48/50 [01:34<00:07,  3.77s/it]
 98%|█████████▊| 49/50 [01:41<00:04,  4.59s/it]
100%|██████████| 50/50 [01:42<00:00,  3.66s/it]
100%|██████████| 50/50 [01:42<00:00,  2.06s/it]
overall time: 1 minute 57.02 seconds
